Using pre-set license
Built from '2021.3/staging' branch; Version is '2021.3.24f1 (cf10dcf7010d) revision 13570268'; Using compiler version '192829333'; Build Type 'Release'
OS: 'Windows 11  (10.0.22631) 64bit Professional' Language: 'ru' Physical Memory: 32507 MB
BatchMode: 1, IsHumanControllingUs: 0, StartBugReporterOnCrash: 0, Is64bit: 1, IsPro: 1

COMMAND LINE ARGUMENTS:
C:\Program Files\Unity\Hub\Editor\2021.3.24f1\Editor\Unity.exe
-adb2
-batchMode
-noUpm
-name
AssetImportWorker16
-projectPath
C:/Users/user/Desktop/Projects Unity/Cyber-Shift/Cyber-Shift/Cyber-Shift
-logFile
Logs/AssetImportWorker16.log
-srvPort
3820
Successfully changed project path to: C:/Users/user/Desktop/Projects Unity/Cyber-Shift/Cyber-Shift/Cyber-Shift
C:/Users/user/Desktop/Projects Unity/Cyber-Shift/Cyber-Shift/Cyber-Shift
[UnityMemory] Configuration Parameters - Can be set up in boot.config
    "memorysetup-bucket-allocator-granularity=16"
    "memorysetup-bucket-allocator-bucket-count=8"
    "memorysetup-bucket-allocator-block-size=33554432"
    "memorysetup-bucket-allocator-block-count=8"
    "memorysetup-main-allocator-block-size=16777216"
    "memorysetup-thread-allocator-block-size=16777216"
    "memorysetup-gfx-main-allocator-block-size=16777216"
    "memorysetup-gfx-thread-allocator-block-size=16777216"
    "memorysetup-cache-allocator-block-size=4194304"
    "memorysetup-typetree-allocator-block-size=2097152"
    "memorysetup-profiler-bucket-allocator-granularity=16"
    "memorysetup-profiler-bucket-allocator-bucket-count=8"
    "memorysetup-profiler-bucket-allocator-block-size=33554432"
    "memorysetup-profiler-bucket-allocator-block-count=8"
    "memorysetup-profiler-allocator-block-size=16777216"
    "memorysetup-profiler-editor-allocator-block-size=1048576"
    "memorysetup-temp-allocator-size-main=16777216"
    "memorysetup-job-temp-allocator-block-size=2097152"
    "memorysetup-job-temp-allocator-block-size-background=1048576"
    "memorysetup-job-temp-allocator-reduction-small-platforms=262144"
    "memorysetup-temp-allocator-size-background-worker=32768"
    "memorysetup-temp-allocator-size-job-worker=262144"
    "memorysetup-temp-allocator-size-preload-manager=33554432"
    "memorysetup-temp-allocator-size-nav-mesh-worker=65536"
    "memorysetup-temp-allocator-size-audio-worker=65536"
    "memorysetup-temp-allocator-size-cloud-worker=32768"
    "memorysetup-temp-allocator-size-gi-baking-worker=262144"
    "memorysetup-temp-allocator-size-gfx=262144"
Player connection [11480] Host "[IP] 192.168.0.114 [Port] 0 [Flags] 2 [Guid] 211818801 [EditorId] 211818801 [Version] 1048832 [Id] WindowsEditor(7,HOME-PC) [Debug] 1 [PackageName] WindowsEditor [ProjectName] Editor" joined multi-casting on [225.0.0.222:54997]...

Player connection [11480] Host "[IP] 192.168.0.114 [Port] 0 [Flags] 2 [Guid] 211818801 [EditorId] 211818801 [Version] 1048832 [Id] WindowsEditor(7,HOME-PC) [Debug] 1 [PackageName] WindowsEditor [ProjectName] Editor" joined alternative multi-casting on [225.0.0.222:34997]...

Refreshing native plugins compatible for Editor in 96.82 ms, found 3 plugins.
Preloading 0 native plugins for Editor in 0.00 ms.
Initialize engine version: 2021.3.24f1 (cf10dcf7010d)
[Subsystems] Discovering subsystems at path C:/Program Files/Unity/Hub/Editor/2021.3.24f1/Editor/Data/Resources/UnitySubsystems
[Subsystems] Discovering subsystems at path C:/Users/user/Desktop/Projects Unity/Cyber-Shift/Cyber-Shift/Cyber-Shift/Assets
GfxDevice: creating device client; threaded=0; jobified=0
Direct3D:
    Version:  Direct3D 11.0 [level 11.1]
    Renderer: NVIDIA GeForce RTX 4060 Laptop GPU (ID=0x28e0)
    Vendor:   NVIDIA
    VRAM:     7957 MB
    Driver:   32.0.15.6603
Initialize mono
Mono path[0] = 'C:/Program Files/Unity/Hub/Editor/2021.3.24f1/Editor/Data/Managed'
Mono path[1] = 'C:/Program Files/Unity/Hub/Editor/2021.3.24f1/Editor/Data/MonoBleedingEdge/lib/mono/unityjit-win32'
Mono config path = 'C:/Program Files/Unity/Hub/Editor/2021.3.24f1/Editor/Data/MonoBleedingEdge/etc'
Using monoOptions --debugger-agent=transport=dt_socket,embedding=1,server=y,suspend=n,address=127.0.0.1:56200
Begin MonoManager ReloadAssembly
Registering precompiled unity dll's ...
Register platform support module: C:/Program Files/Unity/Hub/Editor/2021.3.24f1/Editor/Data/PlaybackEngines/AndroidPlayer/UnityEditor.Android.Extensions.dll
Register platform support module: C:/Program Files/Unity/Hub/Editor/2021.3.24f1/Editor/Data/PlaybackEngines/WindowsStandaloneSupport/UnityEditor.WindowsStandalone.Extensions.dll
Registered in 0.002169 seconds.
Native extension for WindowsStandalone target not found
Native extension for Android target not found
Android Extension - Scanning For ADB Devices 413 ms
Refreshing native plugins compatible for Editor in 93.22 ms, found 3 plugins.
Preloading 0 native plugins for Editor in 0.00 ms.
Mono: successfully reloaded assembly
- Completed reload, in  1.077 seconds
Domain Reload Profiling:
	ReloadAssembly (1078ms)
		BeginReloadAssembly (79ms)
			ExecutionOrderSort (0ms)
			DisableScriptedObjects (0ms)
			BackupInstance (0ms)
			ReleaseScriptingObjects (0ms)
			CreateAndSetChildDomain (1ms)
		EndReloadAssembly (913ms)
			LoadAssemblies (78ms)
			RebuildTransferFunctionScriptingTraits (0ms)
			SetupTypeCache (99ms)
			ReleaseScriptCaches (0ms)
			RebuildScriptCaches (28ms)
			SetupLoadedEditorAssemblies (737ms)
				LogAssemblyErrors (0ms)
				InitializePlatformSupportModulesInManaged (501ms)
				SetLoadedEditorAssemblies (0ms)
				RefreshPlugins (93ms)
				BeforeProcessingInitializeOnLoad (1ms)
				ProcessInitializeOnLoadAttributes (94ms)
				ProcessInitializeOnLoadMethodAttributes (47ms)
				AfterProcessingInitializeOnLoad (0ms)
				EditorAssembliesLoaded (0ms)
			ExecutionOrderSort2 (0ms)
			AwakeInstancesAfterBackupRestoration (0ms)
Platform modules already initialized, skipping
Registering precompiled user dll's ...
Registered in 0.005546 seconds.
Begin MonoManager ReloadAssembly
Symbol file LoadedFromMemory doesn't match image C:\Users\user\Desktop\Projects Unity\Cyber-Shift\Cyber-Shift\Cyber-Shift\Library\PackageCache\com.unity.visualscripting@1.8.0\Editor\VisualScripting.Core\Dependencies\YamlDotNet\Unity.VisualScripting.YamlDotNet.dll
Symbol file LoadedFromMemory doesn't match image C:\Users\user\Desktop\Projects Unity\Cyber-Shift\Cyber-Shift\Cyber-Shift\Library\PackageCache\com.unity.visualscripting@1.8.0\Editor\VisualScripting.Core\Dependencies\DotNetZip\Unity.VisualScripting.IonicZip.dll
Native extension for WindowsStandalone target not found
Native extension for Android target not found
Refreshing native plugins compatible for Editor in 123.73 ms, found 3 plugins.
Preloading 0 native plugins for Editor in 0.00 ms.
Mono: successfully reloaded assembly
- Completed reload, in  1.473 seconds
Domain Reload Profiling:
	ReloadAssembly (1474ms)
		BeginReloadAssembly (125ms)
			ExecutionOrderSort (0ms)
			DisableScriptedObjects (6ms)
			BackupInstance (0ms)
			ReleaseScriptingObjects (0ms)
			CreateAndSetChildDomain (20ms)
		EndReloadAssembly (1233ms)
			LoadAssemblies (102ms)
			RebuildTransferFunctionScriptingTraits (0ms)
			SetupTypeCache (329ms)
			ReleaseScriptCaches (1ms)
			RebuildScriptCaches (65ms)
			SetupLoadedEditorAssemblies (671ms)
				LogAssemblyErrors (0ms)
				InitializePlatformSupportModulesInManaged (23ms)
				SetLoadedEditorAssemblies (0ms)
				RefreshPlugins (124ms)
				BeforeProcessingInitializeOnLoad (139ms)
				ProcessInitializeOnLoadAttributes (289ms)
				ProcessInitializeOnLoadMethodAttributes (93ms)
				AfterProcessingInitializeOnLoad (3ms)
				EditorAssembliesLoaded (0ms)
			ExecutionOrderSort2 (0ms)
			AwakeInstancesAfterBackupRestoration (8ms)
Platform modules already initialized, skipping
========================================================================
Worker process is ready to serve import requests
Launched and connected shader compiler UnityShaderCompiler.exe after 0.08 seconds
Refreshing native plugins compatible for Editor in 0.92 ms, found 3 plugins.
Preloading 0 native plugins for Editor in 0.00 ms.
Unloading 5043 Unused Serialized files (Serialized files now loaded: 0)
Unloading 43 unused Assets / (1.6 MB). Loaded Objects now: 5496.
Memory consumption went from 210.4 MB to 208.9 MB.
Total: 3.943900 ms (FindLiveObjects: 0.416700 ms CreateObjectMapping: 0.270200 ms MarkObjects: 2.940200 ms  DeleteObjects: 0.315500 ms)

AssetImportParameters requested are different than current active one (requested -> active):
  custom:video-decoder-ogg-theora: a1e56fd34408186e4bbccfd4996cb3dc -> 
  custom:container-muxer-webm: aa71ff27fc2769a1b78a27578f13a17b -> 
  custom:container-demuxer-webm: 4f35f7cbe854078d1ac9338744f61a02 -> 
  custom:video-encoder-webm-vp8: eb34c28f22e8b96e1ab97ce403110664 -> 
  custom:video-codec-MediaFoundation-h265: 746d11721c4dcdbdad8f713fa42b33f4 -> 
  custom:audio-encoder-webm-vorbis: bf7c407c2cedff20999df2af8eb42d56 -> 
  custom:framework-win-MediaFoundation: 216162199b28c13a410421893ffa2e32 -> 
  custom:container-demuxer-ogg: 62fdf1f143b41e24485cea50d1cbac27 -> 
  custom:video-decoder-webm-vp8: 9c59270c3fd7afecdb556c50c9e8de78 -> 
  custom:audio-decoder-ogg-vorbis: bf7c407c2cedff20999df2af8eb42d56 -> 
========================================================================
Received Import Request.
  Time since last request: 102792.226478 seconds.
  path: Assets/Resources/prosthetic-arm-project-rustborn/Materials/Prosthetic_low_Material_Metallic.mat
  artifactKey: Guid(9e391ff5d5def2d4db081450e5872c2d) Importer(815301076,1909f56bfc062723c751e8b465ee728b)
Start importing Assets/Resources/prosthetic-arm-project-rustborn/Materials/Prosthetic_low_Material_Metallic.mat using Guid(9e391ff5d5def2d4db081450e5872c2d) Importer(815301076,1909f56bfc062723c751e8b465ee728b)  -> (artifact id: 'ac7f55214af33c3c8b7a540a0bacdb89') in 0.252522 seconds 
========================================================================
Received Import Request.
  Time since last request: 8.503744 seconds.
  path: Assets/Resources/robot-2020/Materials/MODELO_FINAL_DefaultMaterial_Metallic.mat
  artifactKey: Guid(188b4cf97b0db4246bd5bb2f0f22a3fa) Importer(815301076,1909f56bfc062723c751e8b465ee728b)
Start importing Assets/Resources/robot-2020/Materials/MODELO_FINAL_DefaultMaterial_Metallic.mat using Guid(188b4cf97b0db4246bd5bb2f0f22a3fa) Importer(815301076,1909f56bfc062723c751e8b465ee728b)  -> (artifact id: 'c5b572903e074df4e5b264db8cf07f75') in 0.014498 seconds 
========================================================================
Received Import Request.
  Time since last request: 10.733891 seconds.
  path: Assets/Resources/robot-character/textures/align_Metallic.png
  artifactKey: Guid(ddfd4ab69617f7d49825bb546508c33d) Importer(815301076,1909f56bfc062723c751e8b465ee728b)
Start importing Assets/Resources/robot-character/textures/align_Metallic.png using Guid(ddfd4ab69617f7d49825bb546508c33d) Importer(815301076,1909f56bfc062723c751e8b465ee728b)  -> (artifact id: 'fe862f6053309a775c4c2290b06b4d75') in 0.044943 seconds 
========================================================================
Received Import Request.
  Time since last request: 14.509358 seconds.
  path: Assets/Resources/rustbucket-desert-gonk-droid/textures/01___Default_emissive.jpeg
  artifactKey: Guid(b2bd717217019d34d91868a4ea23b039) Importer(815301076,1909f56bfc062723c751e8b465ee728b)
Start importing Assets/Resources/rustbucket-desert-gonk-droid/textures/01___Default_emissive.jpeg using Guid(b2bd717217019d34d91868a4ea23b039) Importer(815301076,1909f56bfc062723c751e8b465ee728b)  -> (artifact id: '2b84fa4e84679196209441ce2b84c200') in 0.026711 seconds 
========================================================================
Received Import Request.
  Time since last request: 0.000023 seconds.
  path: Assets/Resources/rustbucket-desert-gonk-droid/textures/01___Default_normal.png
  artifactKey: Guid(b2e6084fffa347d478339b20a530f2b6) Importer(815301076,1909f56bfc062723c751e8b465ee728b)
Start importing Assets/Resources/rustbucket-desert-gonk-droid/textures/01___Default_normal.png using Guid(b2e6084fffa347d478339b20a530f2b6) Importer(815301076,1909f56bfc062723c751e8b465ee728b)  -> (artifact id: '4297e0d6823d5ff421a17c503023cecf') in 0.012352 seconds 
========================================================================
Received Import Request.
  Time since last request: 372.295830 seconds.
  path: Assets/Resources/vending-machine2k-retro-futuristic/textures
  artifactKey: Guid(80d19e729306d984aa6e32a90c4dc0b2) Importer(815301076,1909f56bfc062723c751e8b465ee728b)
Start importing Assets/Resources/vending-machine2k-retro-futuristic/textures using Guid(80d19e729306d984aa6e32a90c4dc0b2) Importer(815301076,1909f56bfc062723c751e8b465ee728b)  -> (artifact id: 'ee2aa649edf9e412bfcef816725550bd') in 0.002850 seconds 
========================================================================
Received Import Request.
  Time since last request: 0.031075 seconds.
  path: Assets/Resources/vending-machine2k-retro-futuristic/textures/glassVending_Alpha.jpg
  artifactKey: Guid(91d8c6779a735b74c9dbe14e5d695ac9) Importer(815301076,1909f56bfc062723c751e8b465ee728b)
Start importing Assets/Resources/vending-machine2k-retro-futuristic/textures/glassVending_Alpha.jpg using Guid(91d8c6779a735b74c9dbe14e5d695ac9) Importer(815301076,1909f56bfc062723c751e8b465ee728b)  -> (artifact id: '0c212c4faada003d89067d81e0050d5f') in 0.026115 seconds 
========================================================================
Received Import Request.
  Time since last request: 0.000027 seconds.
  path: Assets/Resources/vending-machine2k-retro-futuristic/textures/glassVending_Roughness.jpg
  artifactKey: Guid(01146635353ac7a4a98cddc26b29330d) Importer(815301076,1909f56bfc062723c751e8b465ee728b)
Start importing Assets/Resources/vending-machine2k-retro-futuristic/textures/glassVending_Roughness.jpg using Guid(01146635353ac7a4a98cddc26b29330d) Importer(815301076,1909f56bfc062723c751e8b465ee728b)  -> (artifact id: '2ebcdd2ceb323513d664452ef7a0a636') in 0.010207 seconds 
========================================================================
Received Import Request.
  Time since last request: 0.000034 seconds.
  path: Assets/Resources/vending-machine2k-retro-futuristic/textures/vendingMachine_Roughness.jpg
  artifactKey: Guid(40c4c6e0e4358634fb4ba448bbf34002) Importer(815301076,1909f56bfc062723c751e8b465ee728b)
Start importing Assets/Resources/vending-machine2k-retro-futuristic/textures/vendingMachine_Roughness.jpg using Guid(40c4c6e0e4358634fb4ba448bbf34002) Importer(815301076,1909f56bfc062723c751e8b465ee728b)  -> (artifact id: 'efa516d5009bd21653d1ca1e5fee0198') in 0.013262 seconds 
========================================================================
Received Import Request.
  Time since last request: 0.000195 seconds.
  path: Assets/Resources/vending-machine2k-retro-futuristic/textures/glassVending_Metallic.jpg
  artifactKey: Guid(4cc55baf7e328c347a9668354b895feb) Importer(815301076,1909f56bfc062723c751e8b465ee728b)
Start importing Assets/Resources/vending-machine2k-retro-futuristic/textures/glassVending_Metallic.jpg using Guid(4cc55baf7e328c347a9668354b895feb) Importer(815301076,1909f56bfc062723c751e8b465ee728b)  -> (artifact id: 'b6666dc3ec189f534e65357ddff71ea3') in 0.015008 seconds 
========================================================================
Received Import Request.
  Time since last request: 0.000025 seconds.
  path: Assets/Resources/vending-machine2k-retro-futuristic/textures/vendingMachine_Metallic.jpg
  artifactKey: Guid(1cc4e3ad21568d34f8005fe10c3b03fa) Importer(815301076,1909f56bfc062723c751e8b465ee728b)
Start importing Assets/Resources/vending-machine2k-retro-futuristic/textures/vendingMachine_Metallic.jpg using Guid(1cc4e3ad21568d34f8005fe10c3b03fa) Importer(815301076,1909f56bfc062723c751e8b465ee728b)  -> (artifact id: '983fef70a0bc43abf7875f3d81e8f8f4') in 0.009655 seconds 
========================================================================
Received Import Request.
  Time since last request: 0.000027 seconds.
  path: Assets/Resources/vending-machine2k-retro-futuristic/textures/glassVending_Normal.jpg
  artifactKey: Guid(07415119f0b407046b85217524d5a981) Importer(815301076,1909f56bfc062723c751e8b465ee728b)
Start importing Assets/Resources/vending-machine2k-retro-futuristic/textures/glassVending_Normal.jpg using Guid(07415119f0b407046b85217524d5a981) Importer(815301076,1909f56bfc062723c751e8b465ee728b)  -> (artifact id: '978cc6548bf9aa935180d179bd2de7bf') in 0.015018 seconds 
Editor requested this worker to shutdown with reason: Scaling down because of idle timeout
AssetImportWorkerClient::OnTransportError - code=2 error=End of file
AssetImportWorker is now disconnected from the server
Process exiting
Exiting without the bug reporter. Application will terminate with return code 0