Using pre-set license
Built from '2021.3/staging' branch; Version is '2021.3.24f1 (cf10dcf7010d) revision 13570268'; Using compiler version '192829333'; Build Type 'Release'
OS: 'Windows 11  (10.0.22631) 64bit Professional' Language: 'ru' Physical Memory: 32507 MB
BatchMode: 1, IsHumanControllingUs: 0, StartBugReporterOnCrash: 0, Is64bit: 1, IsPro: 1

COMMAND LINE ARGUMENTS:
C:\Program Files\Unity\Hub\Editor\2021.3.24f1\Editor\Unity.exe
-adb2
-batchMode
-noUpm
-name
AssetImportWorker13
-projectPath
C:/Users/user/Desktop/Projects Unity/Cyber-Shift/Cyber-Shift/Cyber-Shift
-logFile
Logs/AssetImportWorker13.log
-srvPort
3820
Successfully changed project path to: C:/Users/user/Desktop/Projects Unity/Cyber-Shift/Cyber-Shift/Cyber-Shift
C:/Users/user/Desktop/Projects Unity/Cyber-Shift/Cyber-Shift/Cyber-Shift
[UnityMemory] Configuration Parameters - Can be set up in boot.config
    "memorysetup-bucket-allocator-granularity=16"
    "memorysetup-bucket-allocator-bucket-count=8"
    "memorysetup-bucket-allocator-block-size=33554432"
    "memorysetup-bucket-allocator-block-count=8"
    "memorysetup-main-allocator-block-size=16777216"
    "memorysetup-thread-allocator-block-size=16777216"
    "memorysetup-gfx-main-allocator-block-size=16777216"
    "memorysetup-gfx-thread-allocator-block-size=16777216"
    "memorysetup-cache-allocator-block-size=4194304"
    "memorysetup-typetree-allocator-block-size=2097152"
    "memorysetup-profiler-bucket-allocator-granularity=16"
    "memorysetup-profiler-bucket-allocator-bucket-count=8"
    "memorysetup-profiler-bucket-allocator-block-size=33554432"
    "memorysetup-profiler-bucket-allocator-block-count=8"
    "memorysetup-profiler-allocator-block-size=16777216"
    "memorysetup-profiler-editor-allocator-block-size=1048576"
    "memorysetup-temp-allocator-size-main=16777216"
    "memorysetup-job-temp-allocator-block-size=2097152"
    "memorysetup-job-temp-allocator-block-size-background=1048576"
    "memorysetup-job-temp-allocator-reduction-small-platforms=262144"
    "memorysetup-temp-allocator-size-background-worker=32768"
    "memorysetup-temp-allocator-size-job-worker=262144"
    "memorysetup-temp-allocator-size-preload-manager=33554432"
    "memorysetup-temp-allocator-size-nav-mesh-worker=65536"
    "memorysetup-temp-allocator-size-audio-worker=65536"
    "memorysetup-temp-allocator-size-cloud-worker=32768"
    "memorysetup-temp-allocator-size-gi-baking-worker=262144"
    "memorysetup-temp-allocator-size-gfx=262144"
Player connection [20048] Host "[IP] 192.168.0.114 [Port] 0 [Flags] 2 [Guid] 3863720031 [EditorId] 3863720031 [Version] 1048832 [Id] WindowsEditor(7,HOME-PC) [Debug] 1 [PackageName] WindowsEditor [ProjectName] Editor" joined multi-casting on [225.0.0.222:54997]...

Player connection [20048] Host "[IP] 192.168.0.114 [Port] 0 [Flags] 2 [Guid] 3863720031 [EditorId] 3863720031 [Version] 1048832 [Id] WindowsEditor(7,HOME-PC) [Debug] 1 [PackageName] WindowsEditor [ProjectName] Editor" joined alternative multi-casting on [225.0.0.222:34997]...

Refreshing native plugins compatible for Editor in 79.26 ms, found 3 plugins.
Preloading 0 native plugins for Editor in 0.00 ms.
Initialize engine version: 2021.3.24f1 (cf10dcf7010d)
[Subsystems] Discovering subsystems at path C:/Program Files/Unity/Hub/Editor/2021.3.24f1/Editor/Data/Resources/UnitySubsystems
[Subsystems] Discovering subsystems at path C:/Users/user/Desktop/Projects Unity/Cyber-Shift/Cyber-Shift/Cyber-Shift/Assets
GfxDevice: creating device client; threaded=0; jobified=0
Direct3D:
    Version:  Direct3D 11.0 [level 11.1]
    Renderer: NVIDIA GeForce RTX 4060 Laptop GPU (ID=0x28e0)
    Vendor:   NVIDIA
    VRAM:     7957 MB
    Driver:   32.0.15.6603
Initialize mono
Mono path[0] = 'C:/Program Files/Unity/Hub/Editor/2021.3.24f1/Editor/Data/Managed'
Mono path[1] = 'C:/Program Files/Unity/Hub/Editor/2021.3.24f1/Editor/Data/MonoBleedingEdge/lib/mono/unityjit-win32'
Mono config path = 'C:/Program Files/Unity/Hub/Editor/2021.3.24f1/Editor/Data/MonoBleedingEdge/etc'
Using monoOptions --debugger-agent=transport=dt_socket,embedding=1,server=y,suspend=n,address=127.0.0.1:56652
Begin MonoManager ReloadAssembly
Registering precompiled unity dll's ...
Register platform support module: C:/Program Files/Unity/Hub/Editor/2021.3.24f1/Editor/Data/PlaybackEngines/AndroidPlayer/UnityEditor.Android.Extensions.dll
Register platform support module: C:/Program Files/Unity/Hub/Editor/2021.3.24f1/Editor/Data/PlaybackEngines/WindowsStandaloneSupport/UnityEditor.WindowsStandalone.Extensions.dll
Registered in 0.003288 seconds.
Native extension for WindowsStandalone target not found
Native extension for Android target not found
Android Extension - Scanning For ADB Devices 334 ms
Refreshing native plugins compatible for Editor in 101.59 ms, found 3 plugins.
Preloading 0 native plugins for Editor in 0.00 ms.
Mono: successfully reloaded assembly
- Completed reload, in  0.992 seconds
Domain Reload Profiling:
	ReloadAssembly (993ms)
		BeginReloadAssembly (73ms)
			ExecutionOrderSort (0ms)
			DisableScriptedObjects (0ms)
			BackupInstance (0ms)
			ReleaseScriptingObjects (0ms)
			CreateAndSetChildDomain (1ms)
		EndReloadAssembly (840ms)
			LoadAssemblies (73ms)
			RebuildTransferFunctionScriptingTraits (0ms)
			SetupTypeCache (92ms)
			ReleaseScriptCaches (0ms)
			RebuildScriptCaches (28ms)
			SetupLoadedEditorAssemblies (670ms)
				LogAssemblyErrors (0ms)
				InitializePlatformSupportModulesInManaged (421ms)
				SetLoadedEditorAssemblies (0ms)
				RefreshPlugins (102ms)
				BeforeProcessingInitializeOnLoad (1ms)
				ProcessInitializeOnLoadAttributes (106ms)
				ProcessInitializeOnLoadMethodAttributes (40ms)
				AfterProcessingInitializeOnLoad (0ms)
				EditorAssembliesLoaded (0ms)
			ExecutionOrderSort2 (0ms)
			AwakeInstancesAfterBackupRestoration (0ms)
Platform modules already initialized, skipping
Registering precompiled user dll's ...
Registered in 0.005292 seconds.
Begin MonoManager ReloadAssembly
Symbol file LoadedFromMemory doesn't match image C:\Users\user\Desktop\Projects Unity\Cyber-Shift\Cyber-Shift\Cyber-Shift\Library\PackageCache\com.unity.visualscripting@1.8.0\Editor\VisualScripting.Core\Dependencies\YamlDotNet\Unity.VisualScripting.YamlDotNet.dll
Symbol file LoadedFromMemory doesn't match image C:\Users\user\Desktop\Projects Unity\Cyber-Shift\Cyber-Shift\Cyber-Shift\Library\PackageCache\com.unity.visualscripting@1.8.0\Editor\VisualScripting.Core\Dependencies\DotNetZip\Unity.VisualScripting.IonicZip.dll
Native extension for WindowsStandalone target not found
Native extension for Android target not found
Refreshing native plugins compatible for Editor in 82.81 ms, found 3 plugins.
Preloading 0 native plugins for Editor in 0.00 ms.
Mono: successfully reloaded assembly
- Completed reload, in  1.117 seconds
Domain Reload Profiling:
	ReloadAssembly (1117ms)
		BeginReloadAssembly (98ms)
			ExecutionOrderSort (0ms)
			DisableScriptedObjects (5ms)
			BackupInstance (0ms)
			ReleaseScriptingObjects (0ms)
			CreateAndSetChildDomain (17ms)
		EndReloadAssembly (932ms)
			LoadAssemblies (96ms)
			RebuildTransferFunctionScriptingTraits (0ms)
			SetupTypeCache (273ms)
			ReleaseScriptCaches (0ms)
			RebuildScriptCaches (48ms)
			SetupLoadedEditorAssemblies (462ms)
				LogAssemblyErrors (0ms)
				InitializePlatformSupportModulesInManaged (12ms)
				SetLoadedEditorAssemblies (0ms)
				RefreshPlugins (83ms)
				BeforeProcessingInitializeOnLoad (78ms)
				ProcessInitializeOnLoadAttributes (210ms)
				ProcessInitializeOnLoadMethodAttributes (77ms)
				AfterProcessingInitializeOnLoad (3ms)
				EditorAssembliesLoaded (0ms)
			ExecutionOrderSort2 (0ms)
			AwakeInstancesAfterBackupRestoration (5ms)
Platform modules already initialized, skipping
========================================================================
Worker process is ready to serve import requests
Launched and connected shader compiler UnityShaderCompiler.exe after 0.07 seconds
Refreshing native plugins compatible for Editor in 0.81 ms, found 3 plugins.
Preloading 0 native plugins for Editor in 0.00 ms.
Unloading 5043 Unused Serialized files (Serialized files now loaded: 0)
Unloading 43 unused Assets / (1.6 MB). Loaded Objects now: 5496.
Memory consumption went from 210.4 MB to 208.9 MB.
Total: 4.542200 ms (FindLiveObjects: 0.368000 ms CreateObjectMapping: 0.292400 ms MarkObjects: 3.573300 ms  DeleteObjects: 0.307100 ms)

AssetImportParameters requested are different than current active one (requested -> active):
  custom:video-decoder-ogg-theora: a1e56fd34408186e4bbccfd4996cb3dc -> 
  custom:container-muxer-webm: aa71ff27fc2769a1b78a27578f13a17b -> 
  custom:container-demuxer-webm: 4f35f7cbe854078d1ac9338744f61a02 -> 
  custom:video-encoder-webm-vp8: eb34c28f22e8b96e1ab97ce403110664 -> 
  custom:video-codec-MediaFoundation-h265: 746d11721c4dcdbdad8f713fa42b33f4 -> 
  custom:audio-encoder-webm-vorbis: bf7c407c2cedff20999df2af8eb42d56 -> 
  custom:framework-win-MediaFoundation: 216162199b28c13a410421893ffa2e32 -> 
  custom:container-demuxer-ogg: 62fdf1f143b41e24485cea50d1cbac27 -> 
  custom:video-decoder-webm-vp8: 9c59270c3fd7afecdb556c50c9e8de78 -> 
  custom:audio-decoder-ogg-vorbis: bf7c407c2cedff20999df2af8eb42d56 -> 
========================================================================
Received Import Request.
  Time since last request: 100981.572098 seconds.
  path: Assets/Resources/rustbucket-desert-gonk-droid/source/model/model/textures/01 - Default_AO.jpg
  artifactKey: Guid(76008560958e96f42aee0ec0573ffbf4) Importer(815301076,1909f56bfc062723c751e8b465ee728b)
Start importing Assets/Resources/rustbucket-desert-gonk-droid/source/model/model/textures/01 - Default_AO.jpg using Guid(76008560958e96f42aee0ec0573ffbf4) Importer(815301076,1909f56bfc062723c751e8b465ee728b)  -> (artifact id: '050f349425935ad1ff173e3109db4278') in 0.109029 seconds 
========================================================================
Received Import Request.
  Time since last request: 90.856412 seconds.
  path: Assets/Resources/rustbucket-desert-gonk-droid/source/model.zip
  artifactKey: Guid(4eb2153ab623e70468c3c7a2728965b9) Importer(815301076,1909f56bfc062723c751e8b465ee728b)
Start importing Assets/Resources/rustbucket-desert-gonk-droid/source/model.zip using Guid(4eb2153ab623e70468c3c7a2728965b9) Importer(815301076,1909f56bfc062723c751e8b465ee728b)  -> (artifact id: 'cedaa3dcee4490948c0ecbf87346b33d') in 0.006540 seconds 
========================================================================
Received Import Request.
  Time since last request: 37.560467 seconds.
  path: Assets/Resources/rustbucket-desert-gonk-droid/source/model/model/model.dae
  artifactKey: Guid(738e9c4f7e5bf7d4380a76995a9d3867) Importer(815301076,1909f56bfc062723c751e8b465ee728b)
Start importing Assets/Resources/rustbucket-desert-gonk-droid/source/model/model/model.dae using Guid(738e9c4f7e5bf7d4380a76995a9d3867) Importer(815301076,1909f56bfc062723c751e8b465ee728b)  -> (artifact id: 'ce8b9e1d7395d1c382e462d2a568a098') in 0.444321 seconds 
========================================================================
Received Import Request.
  Time since last request: 628.340886 seconds.
  path: Assets/Resources/horse-basemesh/source/Horse_023/Horse_023-DM_002.jpg
  artifactKey: Guid(326665b09eed2be44b3e86cc34ffb4f8) Importer(815301076,1909f56bfc062723c751e8b465ee728b)
Start importing Assets/Resources/horse-basemesh/source/Horse_023/Horse_023-DM_002.jpg using Guid(326665b09eed2be44b3e86cc34ffb4f8) Importer(815301076,1909f56bfc062723c751e8b465ee728b)  -> (artifact id: '61b0617528f26623574c5b54a8bfc97a') in 0.014412 seconds 
========================================================================
Received Import Request.
  Time since last request: 0.000056 seconds.
  path: Assets/Resources/horse-basemesh/source/Horse_023/Horse_NM_2.jpg
  artifactKey: Guid(ea406fc994bf80a4f84a4d81690debd0) Importer(815301076,1909f56bfc062723c751e8b465ee728b)
Start importing Assets/Resources/horse-basemesh/source/Horse_023/Horse_NM_2.jpg using Guid(ea406fc994bf80a4f84a4d81690debd0) Importer(815301076,1909f56bfc062723c751e8b465ee728b)  -> (artifact id: 'aad1a117b065e979dff60ee8568b3253') in 0.011507 seconds 
========================================================================
Received Import Request.
  Time since last request: 0.000020 seconds.
  path: Assets/Resources/horse-basemesh/source/Horse_023/Horse_diffuse_2.jpg
  artifactKey: Guid(658e701c005b9784d9a3426861fef638) Importer(815301076,1909f56bfc062723c751e8b465ee728b)
Start importing Assets/Resources/horse-basemesh/source/Horse_023/Horse_diffuse_2.jpg using Guid(658e701c005b9784d9a3426861fef638) Importer(815301076,1909f56bfc062723c751e8b465ee728b)  -> (artifact id: 'd3544d88943b1d45e7cea5bb23d59696') in 0.010624 seconds 
========================================================================
Received Import Request.
  Time since last request: 911.610073 seconds.
  path: Assets/Resources/rustbucket-desert-gonk-droid/source/model/model/textures/01___Default.mat
  artifactKey: Guid(6b4d932fefa67994187a9472c4e5d3e5) Importer(815301076,1909f56bfc062723c751e8b465ee728b)
Start importing Assets/Resources/rustbucket-desert-gonk-droid/source/model/model/textures/01___Default.mat using Guid(6b4d932fefa67994187a9472c4e5d3e5) Importer(815301076,1909f56bfc062723c751e8b465ee728b)  -> (artifact id: 'e7b4464f66baa641e4b25cc562be73d1') in 0.024978 seconds 
========================================================================
Received Import Request.
  Time since last request: 19.223424 seconds.
  path: Assets/Resources/dumpsters-and-trash/source
  artifactKey: Guid(9b23a704df5f55440b2d45cde5796cfa) Importer(815301076,1909f56bfc062723c751e8b465ee728b)
Start importing Assets/Resources/dumpsters-and-trash/source using Guid(9b23a704df5f55440b2d45cde5796cfa) Importer(815301076,1909f56bfc062723c751e8b465ee728b)  -> (artifact id: '289d840f4da3d4cb96d5bb9880df2722') in 0.002978 seconds 
========================================================================
Received Import Request.
  Time since last request: 15.543430 seconds.
  path: Assets/Resources/dumpsters-and-trash/Materials/dumpster_AmbientOcclusion.mat
  artifactKey: Guid(bd3b311874c732a4badcc19a32ce1d1a) Importer(815301076,1909f56bfc062723c751e8b465ee728b)
Start importing Assets/Resources/dumpsters-and-trash/Materials/dumpster_AmbientOcclusion.mat using Guid(bd3b311874c732a4badcc19a32ce1d1a) Importer(815301076,1909f56bfc062723c751e8b465ee728b)  -> (artifact id: '59b60fc9cc5ec0376bc1d32b0376d9d7') in 0.029596 seconds 
========================================================================
Received Import Request.
  Time since last request: 0.000023 seconds.
  path: Assets/Resources/dumpsters-and-trash/Materials/papers_Roughness.mat
  artifactKey: Guid(67f58965cc733b7408383bb6bdcd62fe) Importer(815301076,1909f56bfc062723c751e8b465ee728b)
Start importing Assets/Resources/dumpsters-and-trash/Materials/papers_Roughness.mat using Guid(67f58965cc733b7408383bb6bdcd62fe) Importer(815301076,1909f56bfc062723c751e8b465ee728b)  -> (artifact id: 'f6e6507fefb3fb007254fe3fbfd8c9c7') in 0.011474 seconds 
========================================================================
Received Import Request.
  Time since last request: 25.251900 seconds.
  path: Assets/Resources/horse-basemesh/source
  artifactKey: Guid(80a4a6f489f4a83489048ccb7597fdc2) Importer(815301076,1909f56bfc062723c751e8b465ee728b)
Start importing Assets/Resources/horse-basemesh/source using Guid(80a4a6f489f4a83489048ccb7597fdc2) Importer(815301076,1909f56bfc062723c751e8b465ee728b)  -> (artifact id: 'a8fd797a0cb82f45867a42b27a9f198c') in 0.002536 seconds 
========================================================================
Received Import Request.
  Time since last request: 0.591614 seconds.
  path: Assets/Resources/horse-basemesh/source/Horse_023
  artifactKey: Guid(287d0d49b8f11f04db0bf7e4e37e77a7) Importer(815301076,1909f56bfc062723c751e8b465ee728b)
Start importing Assets/Resources/horse-basemesh/source/Horse_023 using Guid(287d0d49b8f11f04db0bf7e4e37e77a7) Importer(815301076,1909f56bfc062723c751e8b465ee728b)  -> (artifact id: 'ecfaae0e31f6df4f71eaa630d4463d1e') in 0.003457 seconds 
========================================================================
Received Import Request.
  Time since last request: 67.540710 seconds.
  path: Assets/Resources/mech-drone/textures
  artifactKey: Guid(91c7a7b3714cf3a4eab74cf276f8c4f8) Importer(815301076,1909f56bfc062723c751e8b465ee728b)
Start importing Assets/Resources/mech-drone/textures using Guid(91c7a7b3714cf3a4eab74cf276f8c4f8) Importer(815301076,1909f56bfc062723c751e8b465ee728b)  -> (artifact id: 'c98cf90142c428006dd15ed5fea05e82') in 0.002928 seconds 
========================================================================
Received Import Request.
  Time since last request: 0.103991 seconds.
  path: Assets/Resources/mech-drone/textures/Drone_ao.jpeg
  artifactKey: Guid(206bd1cb98d8a554088d283affb1dcef) Importer(815301076,1909f56bfc062723c751e8b465ee728b)
Start importing Assets/Resources/mech-drone/textures/Drone_ao.jpeg using Guid(206bd1cb98d8a554088d283affb1dcef) Importer(815301076,1909f56bfc062723c751e8b465ee728b)  -> (artifact id: 'b67515f6aa1e2833d8ce91d3ee283e6b') in 0.016225 seconds 
========================================================================
Received Import Request.
  Time since last request: 0.000041 seconds.
  path: Assets/Resources/mech-drone/textures/Drone_emissive.jpeg
  artifactKey: Guid(1fd7c9f9a2b1ce64aa24fe05a2d7bfa1) Importer(815301076,1909f56bfc062723c751e8b465ee728b)
Start importing Assets/Resources/mech-drone/textures/Drone_emissive.jpeg using Guid(1fd7c9f9a2b1ce64aa24fe05a2d7bfa1) Importer(815301076,1909f56bfc062723c751e8b465ee728b)  -> (artifact id: '1ec7b9efee610ba4b919001ec087d10a') in 0.010710 seconds 
========================================================================
Received Import Request.
  Time since last request: 0.000027 seconds.
  path: Assets/Resources/mech-drone/textures/Drone_normal.jpeg
  artifactKey: Guid(326c094881a790b44a4c4312021d2a0d) Importer(815301076,1909f56bfc062723c751e8b465ee728b)
Start importing Assets/Resources/mech-drone/textures/Drone_normal.jpeg using Guid(326c094881a790b44a4c4312021d2a0d) Importer(815301076,1909f56bfc062723c751e8b465ee728b)  -> (artifact id: '3e422fba5f97a51eb54146b01fb8906e') in 0.017801 seconds 
========================================================================
Received Import Request.
  Time since last request: 0.000029 seconds.
  path: Assets/Resources/mech-drone/textures/Drone_gloss.jpeg
  artifactKey: Guid(d000c19e2dae0804ca925655fb42a119) Importer(815301076,1909f56bfc062723c751e8b465ee728b)
Start importing Assets/Resources/mech-drone/textures/Drone_gloss.jpeg using Guid(d000c19e2dae0804ca925655fb42a119) Importer(815301076,1909f56bfc062723c751e8b465ee728b)  -> (artifact id: 'c1db4bc5f8081123693f61acaa9ed815') in 0.015550 seconds 
========================================================================
Received Import Request.
  Time since last request: 13.151776 seconds.
  path: Assets/Resources/prosthetic-arm-project-rustborn/Materials/ArmStand_low_Material_Rougness.mat
  artifactKey: Guid(8164ae75ef3a9b0408bd073031bd014c) Importer(815301076,1909f56bfc062723c751e8b465ee728b)
Start importing Assets/Resources/prosthetic-arm-project-rustborn/Materials/ArmStand_low_Material_Rougness.mat using Guid(8164ae75ef3a9b0408bd073031bd014c) Importer(815301076,1909f56bfc062723c751e8b465ee728b)  -> (artifact id: '461832b46953ab7639b605fd640fbcdb') in 0.011277 seconds 
========================================================================
Received Import Request.
  Time since last request: 8.742854 seconds.
  path: Assets/Resources/robot-2020/Materials/MODELO_FINAL_DefaultMaterial_BaseColor.mat
  artifactKey: Guid(3d6db5de2f75619408ca51f7bf54d03f) Importer(815301076,1909f56bfc062723c751e8b465ee728b)
Start importing Assets/Resources/robot-2020/Materials/MODELO_FINAL_DefaultMaterial_BaseColor.mat using Guid(3d6db5de2f75619408ca51f7bf54d03f) Importer(815301076,1909f56bfc062723c751e8b465ee728b)  -> (artifact id: '1e0ea44f79d294028aae26b6b3b09a07') in 0.012428 seconds 
========================================================================
Received Import Request.
  Time since last request: 10.738247 seconds.
  path: Assets/Resources/robot-character/textures/align_Emissive.png
  artifactKey: Guid(908e19628536f784c9dc248204c2268a) Importer(815301076,1909f56bfc062723c751e8b465ee728b)
Start importing Assets/Resources/robot-character/textures/align_Emissive.png using Guid(908e19628536f784c9dc248204c2268a) Importer(815301076,1909f56bfc062723c751e8b465ee728b)  -> (artifact id: 'e8f8afe0931dc3d5102cf349e924981b') in 0.044495 seconds 
========================================================================
Received Import Request.
  Time since last request: 0.000036 seconds.
  path: Assets/Resources/robot-character/textures/align_Roughness.png
  artifactKey: Guid(2c1eca63142433d48b09b0fd837c88c4) Importer(815301076,1909f56bfc062723c751e8b465ee728b)
Start importing Assets/Resources/robot-character/textures/align_Roughness.png using Guid(2c1eca63142433d48b09b0fd837c88c4) Importer(815301076,1909f56bfc062723c751e8b465ee728b)  -> (artifact id: '41b05ebcddb8d6c65fe14a1b5f9d7109') in 0.012455 seconds 
========================================================================
Received Import Request.
  Time since last request: 14.490473 seconds.
  path: Assets/Resources/rustbucket-desert-gonk-droid/textures/01___Default_AO.jpeg
  artifactKey: Guid(218903679c7366543ba611cad8ba8c9a) Importer(815301076,1909f56bfc062723c751e8b465ee728b)
Start importing Assets/Resources/rustbucket-desert-gonk-droid/textures/01___Default_AO.jpeg using Guid(218903679c7366543ba611cad8ba8c9a) Importer(815301076,1909f56bfc062723c751e8b465ee728b)  -> (artifact id: 'd8c4f43072322acf0ef12868a0b1436c') in 0.015132 seconds 
========================================================================
Received Import Request.
  Time since last request: 0.000032 seconds.
  path: Assets/Resources/rustbucket-desert-gonk-droid/textures/01___Default_roughness.jpeg
  artifactKey: Guid(da5766ee44e3e5c4f83946ae4eadb828) Importer(815301076,1909f56bfc062723c751e8b465ee728b)
Start importing Assets/Resources/rustbucket-desert-gonk-droid/textures/01___Default_roughness.jpeg using Guid(da5766ee44e3e5c4f83946ae4eadb828) Importer(815301076,1909f56bfc062723c751e8b465ee728b)  -> (artifact id: '877904a21739a1a64493010aaab54d34') in 0.011746 seconds 
Editor requested this worker to shutdown with reason: Scaling down because of idle timeout
AssetImportWorkerClient::OnTransportError - code=2 error=End of file
AssetImportWorker is now disconnected from the server
Process exiting
Exiting without the bug reporter. Application will terminate with return code 0