Using pre-set license
Built from '2021.3/staging' branch; Version is '2021.3.24f1 (cf10dcf7010d) revision 13570268'; Using compiler version '192829333'; Build Type 'Release'
OS: 'Windows 10  (10.0.19045) 64bit Professional' Language: 'ru' Physical Memory: 16283 MB
BatchMode: 1, IsHumanControllingUs: 0, StartBugReporterOnCrash: 0, Is64bit: 1, IsPro: 1

COMMAND LINE ARGUMENTS:
C:\Program Files\Unity\Hub\Editor\2021.3.24f1\Editor\Unity.exe
-adb2
-batchMode
-noUpm
-name
AssetImportWorker3
-projectPath
F:/aravay vay/Cyber-Shift/Cyber-Shift
-logFile
Logs/AssetImportWorker3.log
-srvPort
58307
Successfully changed project path to: F:/aravay vay/Cyber-Shift/Cyber-Shift
F:/aravay vay/Cyber-Shift/Cyber-Shift
[UnityMemory] Configuration Parameters - Can be set up in boot.config
    "memorysetup-bucket-allocator-granularity=16"
    "memorysetup-bucket-allocator-bucket-count=8"
    "memorysetup-bucket-allocator-block-size=33554432"
    "memorysetup-bucket-allocator-block-count=8"
    "memorysetup-main-allocator-block-size=16777216"
    "memorysetup-thread-allocator-block-size=16777216"
    "memorysetup-gfx-main-allocator-block-size=16777216"
    "memorysetup-gfx-thread-allocator-block-size=16777216"
    "memorysetup-cache-allocator-block-size=4194304"
    "memorysetup-typetree-allocator-block-size=2097152"
    "memorysetup-profiler-bucket-allocator-granularity=16"
    "memorysetup-profiler-bucket-allocator-bucket-count=8"
    "memorysetup-profiler-bucket-allocator-block-size=33554432"
    "memorysetup-profiler-bucket-allocator-block-count=8"
    "memorysetup-profiler-allocator-block-size=16777216"
    "memorysetup-profiler-editor-allocator-block-size=1048576"
    "memorysetup-temp-allocator-size-main=16777216"
    "memorysetup-job-temp-allocator-block-size=2097152"
    "memorysetup-job-temp-allocator-block-size-background=1048576"
    "memorysetup-job-temp-allocator-reduction-small-platforms=262144"
    "memorysetup-temp-allocator-size-background-worker=32768"
    "memorysetup-temp-allocator-size-job-worker=262144"
    "memorysetup-temp-allocator-size-preload-manager=33554432"
    "memorysetup-temp-allocator-size-nav-mesh-worker=65536"
    "memorysetup-temp-allocator-size-audio-worker=65536"
    "memorysetup-temp-allocator-size-cloud-worker=32768"
    "memorysetup-temp-allocator-size-gi-baking-worker=262144"
    "memorysetup-temp-allocator-size-gfx=262144"
Player connection [1524] Host "[IP] 26.110.12.76 [Port] 0 [Flags] 2 [Guid] 3718850077 [EditorId] 3718850077 [Version] 1048832 [Id] WindowsEditor(7,DESKTOP-4AU6A7T) [Debug] 1 [PackageName] WindowsEditor [ProjectName] Editor" joined multi-casting on [225.0.0.222:54997]...

Player connection [1524] Host "[IP] 26.110.12.76 [Port] 0 [Flags] 2 [Guid] 3718850077 [EditorId] 3718850077 [Version] 1048832 [Id] WindowsEditor(7,DESKTOP-4AU6A7T) [Debug] 1 [PackageName] WindowsEditor [ProjectName] Editor" joined alternative multi-casting on [225.0.0.222:34997]...

Refreshing native plugins compatible for Editor in 281.93 ms, found 5 plugins.
Preloading 0 native plugins for Editor in 0.00 ms.
Initialize engine version: 2021.3.24f1 (cf10dcf7010d)
[Subsystems] Discovering subsystems at path C:/Program Files/Unity/Hub/Editor/2021.3.24f1/Editor/Data/Resources/UnitySubsystems
[Subsystems] Discovering subsystems at path F:/aravay vay/Cyber-Shift/Cyber-Shift/Assets
GfxDevice: creating device client; threaded=0; jobified=0
Direct3D:
    Version:  Direct3D 11.0 [level 11.1]
    Renderer: NVIDIA GeForce GTX 1050 Ti (ID=0x1c82)
    Vendor:   NVIDIA
    VRAM:     4004 MB
    Driver:   32.0.15.6614
Initialize mono
Mono path[0] = 'C:/Program Files/Unity/Hub/Editor/2021.3.24f1/Editor/Data/Managed'
Mono path[1] = 'C:/Program Files/Unity/Hub/Editor/2021.3.24f1/Editor/Data/MonoBleedingEdge/lib/mono/unityjit-win32'
Mono config path = 'C:/Program Files/Unity/Hub/Editor/2021.3.24f1/Editor/Data/MonoBleedingEdge/etc'
Using monoOptions --debugger-agent=transport=dt_socket,embedding=1,server=y,suspend=n,address=127.0.0.1:56952
Begin MonoManager ReloadAssembly
Registering precompiled unity dll's ...
Register platform support module: C:/Program Files/Unity/Hub/Editor/2021.3.24f1/Editor/Data/PlaybackEngines/WindowsStandaloneSupport/UnityEditor.WindowsStandalone.Extensions.dll
Registered in 0.019970 seconds.
Native extension for WindowsStandalone target not found
Refreshing native plugins compatible for Editor in 307.52 ms, found 5 plugins.
Preloading 0 native plugins for Editor in 0.00 ms.
Mono: successfully reloaded assembly
- Completed reload, in  1.592 seconds
Domain Reload Profiling:
	ReloadAssembly (1593ms)
		BeginReloadAssembly (211ms)
			ExecutionOrderSort (0ms)
			DisableScriptedObjects (0ms)
			BackupInstance (0ms)
			ReleaseScriptingObjects (0ms)
			CreateAndSetChildDomain (2ms)
		EndReloadAssembly (1110ms)
			LoadAssemblies (204ms)
			RebuildTransferFunctionScriptingTraits (0ms)
			SetupTypeCache (242ms)
			ReleaseScriptCaches (0ms)
			RebuildScriptCaches (65ms)
			SetupLoadedEditorAssemblies (701ms)
				LogAssemblyErrors (0ms)
				InitializePlatformSupportModulesInManaged (17ms)
				SetLoadedEditorAssemblies (0ms)
				RefreshPlugins (308ms)
				BeforeProcessingInitializeOnLoad (3ms)
				ProcessInitializeOnLoadAttributes (277ms)
				ProcessInitializeOnLoadMethodAttributes (96ms)
				AfterProcessingInitializeOnLoad (0ms)
				EditorAssembliesLoaded (0ms)
			ExecutionOrderSort2 (0ms)
			AwakeInstancesAfterBackupRestoration (0ms)
Platform modules already initialized, skipping
Registering precompiled user dll's ...
Registered in 0.013558 seconds.
Begin MonoManager ReloadAssembly
Symbol file LoadedFromMemory doesn't match image F:\aravay vay\Cyber-Shift\Cyber-Shift\Library\PackageCache\com.unity.visualscripting@1.8.0\Editor\VisualScripting.Core\Dependencies\YamlDotNet\Unity.VisualScripting.YamlDotNet.dll
Symbol file LoadedFromMemory doesn't match image F:\aravay vay\Cyber-Shift\Cyber-Shift\Library\PackageCache\com.unity.visualscripting@1.8.0\Editor\VisualScripting.Core\Dependencies\DotNetZip\Unity.VisualScripting.IonicZip.dll
Native extension for WindowsStandalone target not found
Refreshing native plugins compatible for Editor in 318.16 ms, found 5 plugins.
Preloading 0 native plugins for Editor in 0.00 ms.
Mono: successfully reloaded assembly
- Completed reload, in  3.440 seconds
Domain Reload Profiling:
	ReloadAssembly (3441ms)
		BeginReloadAssembly (267ms)
			ExecutionOrderSort (0ms)
			DisableScriptedObjects (12ms)
			BackupInstance (0ms)
			ReleaseScriptingObjects (0ms)
			CreateAndSetChildDomain (37ms)
		EndReloadAssembly (2931ms)
			LoadAssemblies (252ms)
			RebuildTransferFunctionScriptingTraits (0ms)
			SetupTypeCache (867ms)
			ReleaseScriptCaches (1ms)
			RebuildScriptCaches (348ms)
			SetupLoadedEditorAssemblies (1415ms)
				LogAssemblyErrors (0ms)
				InitializePlatformSupportModulesInManaged (11ms)
				SetLoadedEditorAssemblies (0ms)
				RefreshPlugins (318ms)
				BeforeProcessingInitializeOnLoad (289ms)
				ProcessInitializeOnLoadAttributes (581ms)
				ProcessInitializeOnLoadMethodAttributes (191ms)
				AfterProcessingInitializeOnLoad (23ms)
				EditorAssembliesLoaded (0ms)
			ExecutionOrderSort2 (0ms)
			AwakeInstancesAfterBackupRestoration (12ms)
Platform modules already initialized, skipping
========================================================================
Worker process is ready to serve import requests
Launched and connected shader compiler UnityShaderCompiler.exe after 0.16 seconds
Refreshing native plugins compatible for Editor in 2.80 ms, found 5 plugins.
Preloading 0 native plugins for Editor in 0.00 ms.
Unloading 6360 Unused Serialized files (Serialized files now loaded: 0)
Unloading 56 unused Assets / (2.3 MB). Loaded Objects now: 6812.
Memory consumption went from 258.3 MB to 256.0 MB.
Total: 8.446600 ms (FindLiveObjects: 0.896300 ms CreateObjectMapping: 0.469700 ms MarkObjects: 6.021900 ms  DeleteObjects: 1.056800 ms)

AssetImportParameters requested are different than current active one (requested -> active):
  custom:video-decoder-ogg-theora: a1e56fd34408186e4bbccfd4996cb3dc -> 
  custom:container-muxer-webm: aa71ff27fc2769a1b78a27578f13a17b -> 
  custom:container-demuxer-webm: 4f35f7cbe854078d1ac9338744f61a02 -> 
  custom:video-encoder-webm-vp8: eb34c28f22e8b96e1ab97ce403110664 -> 
  custom:audio-encoder-webm-vorbis: bf7c407c2cedff20999df2af8eb42d56 -> 
  custom:framework-win-MediaFoundation: 216162199b28c13a410421893ffa2e32 -> 
  custom:container-demuxer-ogg: 62fdf1f143b41e24485cea50d1cbac27 -> 
  custom:video-decoder-webm-vp8: 9c59270c3fd7afecdb556c50c9e8de78 -> 
  custom:audio-decoder-ogg-vorbis: bf7c407c2cedff20999df2af8eb42d56 -> 
========================================================================
Received Import Request.
  Time since last request: 28272.891737 seconds.
  path: Assets/Resources/NewLayer.terrainlayer
  artifactKey: Guid(fe0388392a0443a40be2d80948018a7a) Importer(815301076,1909f56bfc062723c751e8b465ee728b)
Start importing Assets/Resources/NewLayer.terrainlayer using Guid(fe0388392a0443a40be2d80948018a7a) Importer(815301076,1909f56bfc062723c751e8b465ee728b)  -> (artifact id: '45e2c51b9deab6e7ca8a2e67508b2751') in 0.355368 seconds 
========================================================================
Received Import Request.
  Time since last request: 0.000045 seconds.
  path: Assets/Resources/model (10) Variant.prefab
  artifactKey: Guid(b41ac12636efdd842ac448b355e0ec27) Importer(815301076,1909f56bfc062723c751e8b465ee728b)
Start importing Assets/Resources/model (10) Variant.prefab using Guid(b41ac12636efdd842ac448b355e0ec27) Importer(815301076,1909f56bfc062723c751e8b465ee728b)  -> (artifact id: '3a8c25e402faa45ce0f68c9eeffdeb1c') in 0.571078 seconds 
========================================================================
Received Import Request.
  Time since last request: 0.000064 seconds.
  path: Assets/Resources/{9E58C435-1217-4DA6-8A04-393B959F0E78} (1).png
  artifactKey: Guid(d21b205f4e801ed41a48ed1c154501b3) Importer(815301076,1909f56bfc062723c751e8b465ee728b)
Start importing Assets/Resources/{9E58C435-1217-4DA6-8A04-393B959F0E78} (1).png using Guid(d21b205f4e801ed41a48ed1c154501b3) Importer(815301076,1909f56bfc062723c751e8b465ee728b)  -> (artifact id: 'dde75de75f9827b59d044e666741ec56') in 0.112885 seconds 
========================================================================
Received Import Request.
  Time since last request: 0.000033 seconds.
  path: Assets/Resources/NewLayer 1.terrainlayer
  artifactKey: Guid(5e2c51217520dc44f90f069c983834a5) Importer(815301076,1909f56bfc062723c751e8b465ee728b)
Start importing Assets/Resources/NewLayer 1.terrainlayer using Guid(5e2c51217520dc44f90f069c983834a5) Importer(815301076,1909f56bfc062723c751e8b465ee728b)  -> (artifact id: '4c76bb3b816df31c3d02ec80eb8cdcd2') in 0.189005 seconds 
========================================================================
Received Import Request.
  Time since last request: 738.499556 seconds.
  path: Assets/Resources/sci-fi-case/source/model/model/textures/DefaultMaterial_AO.jpg
  artifactKey: Guid(e39207e8c5ea0464eaf2b226c72e2389) Importer(815301076,1909f56bfc062723c751e8b465ee728b)
Start importing Assets/Resources/sci-fi-case/source/model/model/textures/DefaultMaterial_AO.jpg using Guid(e39207e8c5ea0464eaf2b226c72e2389) Importer(815301076,1909f56bfc062723c751e8b465ee728b)  -> (artifact id: 'dc0d04c07aa219f4bc595ed5137fb2a3') in 0.044115 seconds 
========================================================================
Received Import Request.
  Time since last request: 0.000059 seconds.
  path: Assets/Resources/sci-fi-case/source/model/model/textures/DefaultMaterial_metallic.jpg
  artifactKey: Guid(72d2b21a84295e549bbac9680f442ede) Importer(815301076,1909f56bfc062723c751e8b465ee728b)
Start importing Assets/Resources/sci-fi-case/source/model/model/textures/DefaultMaterial_metallic.jpg using Guid(72d2b21a84295e549bbac9680f442ede) Importer(815301076,1909f56bfc062723c751e8b465ee728b)  -> (artifact id: '4cfa68adad7c620850ab6d0fab38e264') in 0.038037 seconds 
========================================================================
Received Import Request.
  Time since last request: 0.000031 seconds.
  path: Assets/Resources/sci-fi-case/source/model/model/textures/DefaultMaterial_roughness.jpg
  artifactKey: Guid(681c9caef6bf0e64581036e3ebdeafd8) Importer(815301076,1909f56bfc062723c751e8b465ee728b)
Start importing Assets/Resources/sci-fi-case/source/model/model/textures/DefaultMaterial_roughness.jpg using Guid(681c9caef6bf0e64581036e3ebdeafd8) Importer(815301076,1909f56bfc062723c751e8b465ee728b)  -> (artifact id: '372e6ba90764d22a097d430b095545c1') in 0.028332 seconds 
Editor requested this worker to shutdown with reason: Scaling down because of idle timeout
AssetImportWorker is now disconnected from the server
Process exiting
Exiting without the bug reporter. Application will terminate with return code 0