Using pre-set license
Built from '2021.3/staging' branch; Version is '2021.3.24f1 (cf10dcf7010d) revision 13570268'; Using compiler version '192829333'; Build Type 'Release'
OS: 'Windows 11  (10.0.22631) 64bit Professional' Language: 'ru' Physical Memory: 32507 MB
BatchMode: 1, IsHumanControllingUs: 0, StartBugReporterOnCrash: 0, Is64bit: 1, IsPro: 1

COMMAND LINE ARGUMENTS:
C:\Program Files\Unity\Hub\Editor\2021.3.24f1\Editor\Unity.exe
-adb2
-batchMode
-noUpm
-name
AssetImportWorker12
-projectPath
C:/Users/user/Desktop/Projects Unity/Cyber-Shift/Cyber-Shift/Cyber-Shift
-logFile
Logs/AssetImportWorker12.log
-srvPort
3820
Successfully changed project path to: C:/Users/user/Desktop/Projects Unity/Cyber-Shift/Cyber-Shift/Cyber-Shift
C:/Users/user/Desktop/Projects Unity/Cyber-Shift/Cyber-Shift/Cyber-Shift
[UnityMemory] Configuration Parameters - Can be set up in boot.config
    "memorysetup-bucket-allocator-granularity=16"
    "memorysetup-bucket-allocator-bucket-count=8"
    "memorysetup-bucket-allocator-block-size=33554432"
    "memorysetup-bucket-allocator-block-count=8"
    "memorysetup-main-allocator-block-size=16777216"
    "memorysetup-thread-allocator-block-size=16777216"
    "memorysetup-gfx-main-allocator-block-size=16777216"
    "memorysetup-gfx-thread-allocator-block-size=16777216"
    "memorysetup-cache-allocator-block-size=4194304"
    "memorysetup-typetree-allocator-block-size=2097152"
    "memorysetup-profiler-bucket-allocator-granularity=16"
    "memorysetup-profiler-bucket-allocator-bucket-count=8"
    "memorysetup-profiler-bucket-allocator-block-size=33554432"
    "memorysetup-profiler-bucket-allocator-block-count=8"
    "memorysetup-profiler-allocator-block-size=16777216"
    "memorysetup-profiler-editor-allocator-block-size=1048576"
    "memorysetup-temp-allocator-size-main=16777216"
    "memorysetup-job-temp-allocator-block-size=2097152"
    "memorysetup-job-temp-allocator-block-size-background=1048576"
    "memorysetup-job-temp-allocator-reduction-small-platforms=262144"
    "memorysetup-temp-allocator-size-background-worker=32768"
    "memorysetup-temp-allocator-size-job-worker=262144"
    "memorysetup-temp-allocator-size-preload-manager=33554432"
    "memorysetup-temp-allocator-size-nav-mesh-worker=65536"
    "memorysetup-temp-allocator-size-audio-worker=65536"
    "memorysetup-temp-allocator-size-cloud-worker=32768"
    "memorysetup-temp-allocator-size-gi-baking-worker=262144"
    "memorysetup-temp-allocator-size-gfx=262144"
Player connection [16348] Host "[IP] 192.168.0.114 [Port] 0 [Flags] 2 [Guid] 2033121908 [EditorId] 2033121908 [Version] 1048832 [Id] WindowsEditor(7,HOME-PC) [Debug] 1 [PackageName] WindowsEditor [ProjectName] Editor" joined multi-casting on [225.0.0.222:54997]...

Player connection [16348] Host "[IP] 192.168.0.114 [Port] 0 [Flags] 2 [Guid] 2033121908 [EditorId] 2033121908 [Version] 1048832 [Id] WindowsEditor(7,HOME-PC) [Debug] 1 [PackageName] WindowsEditor [ProjectName] Editor" joined alternative multi-casting on [225.0.0.222:34997]...

Refreshing native plugins compatible for Editor in 79.22 ms, found 3 plugins.
Preloading 0 native plugins for Editor in 0.00 ms.
Initialize engine version: 2021.3.24f1 (cf10dcf7010d)
[Subsystems] Discovering subsystems at path C:/Program Files/Unity/Hub/Editor/2021.3.24f1/Editor/Data/Resources/UnitySubsystems
[Subsystems] Discovering subsystems at path C:/Users/user/Desktop/Projects Unity/Cyber-Shift/Cyber-Shift/Cyber-Shift/Assets
GfxDevice: creating device client; threaded=0; jobified=0
Direct3D:
    Version:  Direct3D 11.0 [level 11.1]
    Renderer: NVIDIA GeForce RTX 4060 Laptop GPU (ID=0x28e0)
    Vendor:   NVIDIA
    VRAM:     7957 MB
    Driver:   32.0.15.6603
Initialize mono
Mono path[0] = 'C:/Program Files/Unity/Hub/Editor/2021.3.24f1/Editor/Data/Managed'
Mono path[1] = 'C:/Program Files/Unity/Hub/Editor/2021.3.24f1/Editor/Data/MonoBleedingEdge/lib/mono/unityjit-win32'
Mono config path = 'C:/Program Files/Unity/Hub/Editor/2021.3.24f1/Editor/Data/MonoBleedingEdge/etc'
Using monoOptions --debugger-agent=transport=dt_socket,embedding=1,server=y,suspend=n,address=127.0.0.1:56644
Begin MonoManager ReloadAssembly
Registering precompiled unity dll's ...
Register platform support module: C:/Program Files/Unity/Hub/Editor/2021.3.24f1/Editor/Data/PlaybackEngines/AndroidPlayer/UnityEditor.Android.Extensions.dll
Register platform support module: C:/Program Files/Unity/Hub/Editor/2021.3.24f1/Editor/Data/PlaybackEngines/WindowsStandaloneSupport/UnityEditor.WindowsStandalone.Extensions.dll
Registered in 0.003199 seconds.
Native extension for WindowsStandalone target not found
Native extension for Android target not found
Android Extension - Scanning For ADB Devices 335 ms
Refreshing native plugins compatible for Editor in 101.45 ms, found 3 plugins.
Preloading 0 native plugins for Editor in 0.00 ms.
Mono: successfully reloaded assembly
- Completed reload, in  0.992 seconds
Domain Reload Profiling:
	ReloadAssembly (993ms)
		BeginReloadAssembly (74ms)
			ExecutionOrderSort (0ms)
			DisableScriptedObjects (0ms)
			BackupInstance (0ms)
			ReleaseScriptingObjects (0ms)
			CreateAndSetChildDomain (1ms)
		EndReloadAssembly (840ms)
			LoadAssemblies (73ms)
			RebuildTransferFunctionScriptingTraits (0ms)
			SetupTypeCache (93ms)
			ReleaseScriptCaches (0ms)
			RebuildScriptCaches (28ms)
			SetupLoadedEditorAssemblies (670ms)
				LogAssemblyErrors (0ms)
				InitializePlatformSupportModulesInManaged (421ms)
				SetLoadedEditorAssemblies (0ms)
				RefreshPlugins (102ms)
				BeforeProcessingInitializeOnLoad (1ms)
				ProcessInitializeOnLoadAttributes (105ms)
				ProcessInitializeOnLoadMethodAttributes (41ms)
				AfterProcessingInitializeOnLoad (0ms)
				EditorAssembliesLoaded (0ms)
			ExecutionOrderSort2 (0ms)
			AwakeInstancesAfterBackupRestoration (0ms)
Platform modules already initialized, skipping
Registering precompiled user dll's ...
Registered in 0.004994 seconds.
Begin MonoManager ReloadAssembly
Symbol file LoadedFromMemory doesn't match image C:\Users\user\Desktop\Projects Unity\Cyber-Shift\Cyber-Shift\Cyber-Shift\Library\PackageCache\com.unity.visualscripting@1.8.0\Editor\VisualScripting.Core\Dependencies\YamlDotNet\Unity.VisualScripting.YamlDotNet.dll
Symbol file LoadedFromMemory doesn't match image C:\Users\user\Desktop\Projects Unity\Cyber-Shift\Cyber-Shift\Cyber-Shift\Library\PackageCache\com.unity.visualscripting@1.8.0\Editor\VisualScripting.Core\Dependencies\DotNetZip\Unity.VisualScripting.IonicZip.dll
Native extension for WindowsStandalone target not found
Native extension for Android target not found
Refreshing native plugins compatible for Editor in 84.48 ms, found 3 plugins.
Preloading 0 native plugins for Editor in 0.00 ms.
Mono: successfully reloaded assembly
- Completed reload, in  1.116 seconds
Domain Reload Profiling:
	ReloadAssembly (1116ms)
		BeginReloadAssembly (97ms)
			ExecutionOrderSort (0ms)
			DisableScriptedObjects (4ms)
			BackupInstance (0ms)
			ReleaseScriptingObjects (0ms)
			CreateAndSetChildDomain (18ms)
		EndReloadAssembly (934ms)
			LoadAssemblies (101ms)
			RebuildTransferFunctionScriptingTraits (0ms)
			SetupTypeCache (273ms)
			ReleaseScriptCaches (1ms)
			RebuildScriptCaches (47ms)
			SetupLoadedEditorAssemblies (461ms)
				LogAssemblyErrors (0ms)
				InitializePlatformSupportModulesInManaged (12ms)
				SetLoadedEditorAssemblies (0ms)
				RefreshPlugins (85ms)
				BeforeProcessingInitializeOnLoad (78ms)
				ProcessInitializeOnLoadAttributes (208ms)
				ProcessInitializeOnLoadMethodAttributes (76ms)
				AfterProcessingInitializeOnLoad (3ms)
				EditorAssembliesLoaded (0ms)
			ExecutionOrderSort2 (0ms)
			AwakeInstancesAfterBackupRestoration (6ms)
Platform modules already initialized, skipping
========================================================================
Worker process is ready to serve import requests
Launched and connected shader compiler UnityShaderCompiler.exe after 0.05 seconds
Refreshing native plugins compatible for Editor in 0.88 ms, found 3 plugins.
Preloading 0 native plugins for Editor in 0.00 ms.
Unloading 5043 Unused Serialized files (Serialized files now loaded: 0)
Unloading 43 unused Assets / (1.6 MB). Loaded Objects now: 5496.
Memory consumption went from 210.5 MB to 208.9 MB.
Total: 4.494100 ms (FindLiveObjects: 0.386900 ms CreateObjectMapping: 0.251500 ms MarkObjects: 3.525800 ms  DeleteObjects: 0.328000 ms)

AssetImportParameters requested are different than current active one (requested -> active):
  custom:video-decoder-ogg-theora: a1e56fd34408186e4bbccfd4996cb3dc -> 
  custom:container-muxer-webm: aa71ff27fc2769a1b78a27578f13a17b -> 
  custom:container-demuxer-webm: 4f35f7cbe854078d1ac9338744f61a02 -> 
  custom:video-encoder-webm-vp8: eb34c28f22e8b96e1ab97ce403110664 -> 
  custom:video-codec-MediaFoundation-h265: 746d11721c4dcdbdad8f713fa42b33f4 -> 
  custom:audio-encoder-webm-vorbis: bf7c407c2cedff20999df2af8eb42d56 -> 
  custom:framework-win-MediaFoundation: 216162199b28c13a410421893ffa2e32 -> 
  custom:container-demuxer-ogg: 62fdf1f143b41e24485cea50d1cbac27 -> 
  custom:video-decoder-webm-vp8: 9c59270c3fd7afecdb556c50c9e8de78 -> 
  custom:audio-decoder-ogg-vorbis: bf7c407c2cedff20999df2af8eb42d56 -> 
========================================================================
Received Import Request.
  Time since last request: 100970.729853 seconds.
  path: Assets/Resources/rustbucket-desert-gonk-droid
  artifactKey: Guid(c580795343dac214f878383d917f9958) Importer(815301076,1909f56bfc062723c751e8b465ee728b)
Start importing Assets/Resources/rustbucket-desert-gonk-droid using Guid(c580795343dac214f878383d917f9958) Importer(815301076,1909f56bfc062723c751e8b465ee728b)  -> (artifact id: '474755b5b17e808d2136333217c94da7') in 0.017019 seconds 
========================================================================
Received Import Request.
  Time since last request: 1.574014 seconds.
  path: Assets/Resources/rustbucket-desert-gonk-droid/source
  artifactKey: Guid(122fb79c92f033943ad515cbc995f3c5) Importer(815301076,1909f56bfc062723c751e8b465ee728b)
Start importing Assets/Resources/rustbucket-desert-gonk-droid/source using Guid(122fb79c92f033943ad515cbc995f3c5) Importer(815301076,1909f56bfc062723c751e8b465ee728b)  -> (artifact id: '44fb7b42cc19996165b432abd2adc53d') in 0.005497 seconds 
========================================================================
Received Import Request.
  Time since last request: 0.446025 seconds.
  path: Assets/Resources/rustbucket-desert-gonk-droid/source/model
  artifactKey: Guid(f42f729d4ec389943ae85f1ff3b9baea) Importer(815301076,1909f56bfc062723c751e8b465ee728b)
Start importing Assets/Resources/rustbucket-desert-gonk-droid/source/model using Guid(f42f729d4ec389943ae85f1ff3b9baea) Importer(815301076,1909f56bfc062723c751e8b465ee728b)  -> (artifact id: '845832d24359e9633e1a555297092882') in 0.002463 seconds 
========================================================================
Received Import Request.
  Time since last request: 0.435096 seconds.
  path: Assets/Resources/rustbucket-desert-gonk-droid/source/model/model
  artifactKey: Guid(f69db9c978eb9ff438454d9824df075e) Importer(815301076,1909f56bfc062723c751e8b465ee728b)
Start importing Assets/Resources/rustbucket-desert-gonk-droid/source/model/model using Guid(f69db9c978eb9ff438454d9824df075e) Importer(815301076,1909f56bfc062723c751e8b465ee728b)  -> (artifact id: '78c3c1a43badb7478782977cb1613dd7') in 0.002819 seconds 
========================================================================
Received Import Request.
  Time since last request: 0.061409 seconds.
  path: Assets/Resources/rustbucket-desert-gonk-droid/source/model/model/model.dae
  artifactKey: Guid(738e9c4f7e5bf7d4380a76995a9d3867) Importer(815301076,1909f56bfc062723c751e8b465ee728b)
Start importing Assets/Resources/rustbucket-desert-gonk-droid/source/model/model/model.dae using Guid(738e9c4f7e5bf7d4380a76995a9d3867) Importer(815301076,1909f56bfc062723c751e8b465ee728b)  -> (artifact id: '86db63032080d7f750d23db5d153bc3e') in 0.397317 seconds 
========================================================================
Received Import Request.
  Time since last request: 0.100011 seconds.
  path: Assets/Resources/rustbucket-desert-gonk-droid/source/model/model/textures
  artifactKey: Guid(8fbf360f0c1dc784fa18094da0c54525) Importer(815301076,1909f56bfc062723c751e8b465ee728b)
Start importing Assets/Resources/rustbucket-desert-gonk-droid/source/model/model/textures using Guid(8fbf360f0c1dc784fa18094da0c54525) Importer(815301076,1909f56bfc062723c751e8b465ee728b)  -> (artifact id: '09c219a55ad3204c7ea2ae6166764108') in 0.001949 seconds 
========================================================================
Received Import Request.
  Time since last request: 7.749285 seconds.
  path: Assets/Resources/rustbucket-desert-gonk-droid/source/model/model/textures/01 - Default_albedo.jpg
  artifactKey: Guid(3cd347a33ed1e934995ba984eea1068f) Importer(815301076,1909f56bfc062723c751e8b465ee728b)
Start importing Assets/Resources/rustbucket-desert-gonk-droid/source/model/model/textures/01 - Default_albedo.jpg using Guid(3cd347a33ed1e934995ba984eea1068f) Importer(815301076,1909f56bfc062723c751e8b465ee728b)  -> (artifact id: 'b5776e461e92ffc31f5a31b583993a24') in 0.027584 seconds 
========================================================================
Received Import Request.
  Time since last request: 0.000102 seconds.
  path: Assets/Resources/rustbucket-desert-gonk-droid/source/model/model/textures/01 - Default_normal.png
  artifactKey: Guid(f16bd6e76607c184c8851f1434c3d417) Importer(815301076,1909f56bfc062723c751e8b465ee728b)
Start importing Assets/Resources/rustbucket-desert-gonk-droid/source/model/model/textures/01 - Default_normal.png using Guid(f16bd6e76607c184c8851f1434c3d417) Importer(815301076,1909f56bfc062723c751e8b465ee728b)  -> (artifact id: 'ce7717af3ef2e14359f05cdf7bacf7dc') in 0.019042 seconds 
========================================================================
Received Import Request.
  Time since last request: 0.000022 seconds.
  path: Assets/Resources/rustbucket-desert-gonk-droid/source/model/model/textures/01 - Default_emissive.jpg
  artifactKey: Guid(f52db4c190970d04da761bf185d90220) Importer(815301076,1909f56bfc062723c751e8b465ee728b)
Start importing Assets/Resources/rustbucket-desert-gonk-droid/source/model/model/textures/01 - Default_emissive.jpg using Guid(f52db4c190970d04da761bf185d90220) Importer(815301076,1909f56bfc062723c751e8b465ee728b)  -> (artifact id: '4d6982df62aaa35dfa3f6e659fc04a65') in 0.011219 seconds 
========================================================================
Received Import Request.
  Time since last request: 0.000035 seconds.
  path: Assets/Resources/rustbucket-desert-gonk-droid/source/model/model/textures/01 - Default_metallic.jpg
  artifactKey: Guid(af33a6ae0392c634aa84230a1331e69a) Importer(815301076,1909f56bfc062723c751e8b465ee728b)
Start importing Assets/Resources/rustbucket-desert-gonk-droid/source/model/model/textures/01 - Default_metallic.jpg using Guid(af33a6ae0392c634aa84230a1331e69a) Importer(815301076,1909f56bfc062723c751e8b465ee728b)  -> (artifact id: 'dcb230f51c8c71ddbddd7808208b70bd') in 0.009909 seconds 
========================================================================
Received Import Request.
  Time since last request: 0.000021 seconds.
  path: Assets/Resources/rustbucket-desert-gonk-droid/source/model/model/textures/01 - Default_roughness.jpg
  artifactKey: Guid(4c68af8f5cfb97c4eb58a151739a6a1e) Importer(815301076,1909f56bfc062723c751e8b465ee728b)
Start importing Assets/Resources/rustbucket-desert-gonk-droid/source/model/model/textures/01 - Default_roughness.jpg using Guid(4c68af8f5cfb97c4eb58a151739a6a1e) Importer(815301076,1909f56bfc062723c751e8b465ee728b)  -> (artifact id: '8174cf94d79f1dfb18fa9934292a089d') in 0.009468 seconds 
Editor requested this worker to shutdown with reason: Scaling down because of idle timeout
AssetImportWorker is now disconnected from the server
Process exiting
Exiting without the bug reporter. Application will terminate with return code 0