Using pre-set license
Built from '2021.3/staging' branch; Version is '2021.3.24f1 (cf10dcf7010d) revision 13570268'; Using compiler version '192829333'; Build Type 'Release'
OS: 'Windows 11  (10.0.22631) 64bit Professional' Language: 'ru' Physical Memory: 32507 MB
BatchMode: 1, IsHumanControllingUs: 0, StartBugReporterOnCrash: 0, Is64bit: 1, IsPro: 1

COMMAND LINE ARGUMENTS:
C:\Program Files\Unity\Hub\Editor\2021.3.24f1\Editor\Unity.exe
-adb2
-batchMode
-noUpm
-name
AssetImportWorker14
-projectPath
C:/Users/user/Desktop/Projects Unity/Cyber-Shift/Cyber-Shift/Cyber-Shift
-logFile
Logs/AssetImportWorker14.log
-srvPort
3820
Successfully changed project path to: C:/Users/user/Desktop/Projects Unity/Cyber-Shift/Cyber-Shift/Cyber-Shift
C:/Users/user/Desktop/Projects Unity/Cyber-Shift/Cyber-Shift/Cyber-Shift
[UnityMemory] Configuration Parameters - Can be set up in boot.config
    "memorysetup-bucket-allocator-granularity=16"
    "memorysetup-bucket-allocator-bucket-count=8"
    "memorysetup-bucket-allocator-block-size=33554432"
    "memorysetup-bucket-allocator-block-count=8"
    "memorysetup-main-allocator-block-size=16777216"
    "memorysetup-thread-allocator-block-size=16777216"
    "memorysetup-gfx-main-allocator-block-size=16777216"
    "memorysetup-gfx-thread-allocator-block-size=16777216"
    "memorysetup-cache-allocator-block-size=4194304"
    "memorysetup-typetree-allocator-block-size=2097152"
    "memorysetup-profiler-bucket-allocator-granularity=16"
    "memorysetup-profiler-bucket-allocator-bucket-count=8"
    "memorysetup-profiler-bucket-allocator-block-size=33554432"
    "memorysetup-profiler-bucket-allocator-block-count=8"
    "memorysetup-profiler-allocator-block-size=16777216"
    "memorysetup-profiler-editor-allocator-block-size=1048576"
    "memorysetup-temp-allocator-size-main=16777216"
    "memorysetup-job-temp-allocator-block-size=2097152"
    "memorysetup-job-temp-allocator-block-size-background=1048576"
    "memorysetup-job-temp-allocator-reduction-small-platforms=262144"
    "memorysetup-temp-allocator-size-background-worker=32768"
    "memorysetup-temp-allocator-size-job-worker=262144"
    "memorysetup-temp-allocator-size-preload-manager=33554432"
    "memorysetup-temp-allocator-size-nav-mesh-worker=65536"
    "memorysetup-temp-allocator-size-audio-worker=65536"
    "memorysetup-temp-allocator-size-cloud-worker=32768"
    "memorysetup-temp-allocator-size-gi-baking-worker=262144"
    "memorysetup-temp-allocator-size-gfx=262144"
Player connection [4904] Host "[IP] 192.168.0.114 [Port] 0 [Flags] 2 [Guid] 1702283805 [EditorId] 1702283805 [Version] 1048832 [Id] WindowsEditor(7,HOME-PC) [Debug] 1 [PackageName] WindowsEditor [ProjectName] Editor" joined multi-casting on [225.0.0.222:54997]...

Player connection [4904] Host "[IP] 192.168.0.114 [Port] 0 [Flags] 2 [Guid] 1702283805 [EditorId] 1702283805 [Version] 1048832 [Id] WindowsEditor(7,HOME-PC) [Debug] 1 [PackageName] WindowsEditor [ProjectName] Editor" joined alternative multi-casting on [225.0.0.222:34997]...

Refreshing native plugins compatible for Editor in 79.45 ms, found 3 plugins.
Preloading 0 native plugins for Editor in 0.00 ms.
Initialize engine version: 2021.3.24f1 (cf10dcf7010d)
[Subsystems] Discovering subsystems at path C:/Program Files/Unity/Hub/Editor/2021.3.24f1/Editor/Data/Resources/UnitySubsystems
[Subsystems] Discovering subsystems at path C:/Users/user/Desktop/Projects Unity/Cyber-Shift/Cyber-Shift/Cyber-Shift/Assets
GfxDevice: creating device client; threaded=0; jobified=0
Direct3D:
    Version:  Direct3D 11.0 [level 11.1]
    Renderer: NVIDIA GeForce RTX 4060 Laptop GPU (ID=0x28e0)
    Vendor:   NVIDIA
    VRAM:     7957 MB
    Driver:   32.0.15.6603
Initialize mono
Mono path[0] = 'C:/Program Files/Unity/Hub/Editor/2021.3.24f1/Editor/Data/Managed'
Mono path[1] = 'C:/Program Files/Unity/Hub/Editor/2021.3.24f1/Editor/Data/MonoBleedingEdge/lib/mono/unityjit-win32'
Mono config path = 'C:/Program Files/Unity/Hub/Editor/2021.3.24f1/Editor/Data/MonoBleedingEdge/etc'
Using monoOptions --debugger-agent=transport=dt_socket,embedding=1,server=y,suspend=n,address=127.0.0.1:56444
Begin MonoManager ReloadAssembly
Registering precompiled unity dll's ...
Register platform support module: C:/Program Files/Unity/Hub/Editor/2021.3.24f1/Editor/Data/PlaybackEngines/AndroidPlayer/UnityEditor.Android.Extensions.dll
Register platform support module: C:/Program Files/Unity/Hub/Editor/2021.3.24f1/Editor/Data/PlaybackEngines/WindowsStandaloneSupport/UnityEditor.WindowsStandalone.Extensions.dll
Registered in 0.001741 seconds.
Native extension for WindowsStandalone target not found
Native extension for Android target not found
Android Extension - Scanning For ADB Devices 308 ms
Refreshing native plugins compatible for Editor in 94.20 ms, found 3 plugins.
Preloading 0 native plugins for Editor in 0.00 ms.
Mono: successfully reloaded assembly
- Completed reload, in  0.943 seconds
Domain Reload Profiling:
	ReloadAssembly (944ms)
		BeginReloadAssembly (55ms)
			ExecutionOrderSort (0ms)
			DisableScriptedObjects (0ms)
			BackupInstance (0ms)
			ReleaseScriptingObjects (0ms)
			CreateAndSetChildDomain (0ms)
		EndReloadAssembly (829ms)
			LoadAssemblies (54ms)
			RebuildTransferFunctionScriptingTraits (0ms)
			SetupTypeCache (84ms)
			ReleaseScriptCaches (0ms)
			RebuildScriptCaches (33ms)
			SetupLoadedEditorAssemblies (656ms)
				LogAssemblyErrors (0ms)
				InitializePlatformSupportModulesInManaged (402ms)
				SetLoadedEditorAssemblies (0ms)
				RefreshPlugins (94ms)
				BeforeProcessingInitializeOnLoad (1ms)
				ProcessInitializeOnLoadAttributes (106ms)
				ProcessInitializeOnLoadMethodAttributes (51ms)
				AfterProcessingInitializeOnLoad (0ms)
				EditorAssembliesLoaded (0ms)
			ExecutionOrderSort2 (0ms)
			AwakeInstancesAfterBackupRestoration (0ms)
Platform modules already initialized, skipping
Registering precompiled user dll's ...
Registered in 0.005244 seconds.
Begin MonoManager ReloadAssembly
Symbol file LoadedFromMemory doesn't match image C:\Users\user\Desktop\Projects Unity\Cyber-Shift\Cyber-Shift\Cyber-Shift\Library\PackageCache\com.unity.visualscripting@1.8.0\Editor\VisualScripting.Core\Dependencies\YamlDotNet\Unity.VisualScripting.YamlDotNet.dll
Symbol file LoadedFromMemory doesn't match image C:\Users\user\Desktop\Projects Unity\Cyber-Shift\Cyber-Shift\Cyber-Shift\Library\PackageCache\com.unity.visualscripting@1.8.0\Editor\VisualScripting.Core\Dependencies\DotNetZip\Unity.VisualScripting.IonicZip.dll
Native extension for WindowsStandalone target not found
Native extension for Android target not found
Refreshing native plugins compatible for Editor in 133.84 ms, found 3 plugins.
Preloading 0 native plugins for Editor in 0.00 ms.
Mono: successfully reloaded assembly
- Completed reload, in  1.055 seconds
Domain Reload Profiling:
	ReloadAssembly (1056ms)
		BeginReloadAssembly (80ms)
			ExecutionOrderSort (0ms)
			DisableScriptedObjects (4ms)
			BackupInstance (0ms)
			ReleaseScriptingObjects (0ms)
			CreateAndSetChildDomain (14ms)
		EndReloadAssembly (896ms)
			LoadAssemblies (69ms)
			RebuildTransferFunctionScriptingTraits (0ms)
			SetupTypeCache (221ms)
			ReleaseScriptCaches (0ms)
			RebuildScriptCaches (54ms)
			SetupLoadedEditorAssemblies (476ms)
				LogAssemblyErrors (0ms)
				InitializePlatformSupportModulesInManaged (20ms)
				SetLoadedEditorAssemblies (0ms)
				RefreshPlugins (134ms)
				BeforeProcessingInitializeOnLoad (112ms)
				ProcessInitializeOnLoadAttributes (154ms)
				ProcessInitializeOnLoadMethodAttributes (54ms)
				AfterProcessingInitializeOnLoad (2ms)
				EditorAssembliesLoaded (0ms)
			ExecutionOrderSort2 (0ms)
			AwakeInstancesAfterBackupRestoration (4ms)
Platform modules already initialized, skipping
========================================================================
Worker process is ready to serve import requests
Launched and connected shader compiler UnityShaderCompiler.exe after 0.05 seconds
Refreshing native plugins compatible for Editor in 0.69 ms, found 3 plugins.
Preloading 0 native plugins for Editor in 0.00 ms.
Unloading 5043 Unused Serialized files (Serialized files now loaded: 0)
Unloading 43 unused Assets / (1.6 MB). Loaded Objects now: 5496.
Memory consumption went from 210.5 MB to 208.9 MB.
Total: 4.348800 ms (FindLiveObjects: 0.312100 ms CreateObjectMapping: 0.194900 ms MarkObjects: 3.616100 ms  DeleteObjects: 0.223400 ms)

AssetImportParameters requested are different than current active one (requested -> active):
  custom:video-decoder-ogg-theora: a1e56fd34408186e4bbccfd4996cb3dc -> 
  custom:container-muxer-webm: aa71ff27fc2769a1b78a27578f13a17b -> 
  custom:container-demuxer-webm: 4f35f7cbe854078d1ac9338744f61a02 -> 
  custom:video-encoder-webm-vp8: eb34c28f22e8b96e1ab97ce403110664 -> 
  custom:video-codec-MediaFoundation-h265: 746d11721c4dcdbdad8f713fa42b33f4 -> 
  custom:audio-encoder-webm-vorbis: bf7c407c2cedff20999df2af8eb42d56 -> 
  custom:framework-win-MediaFoundation: 216162199b28c13a410421893ffa2e32 -> 
  custom:container-demuxer-ogg: 62fdf1f143b41e24485cea50d1cbac27 -> 
  custom:video-decoder-webm-vp8: 9c59270c3fd7afecdb556c50c9e8de78 -> 
  custom:audio-decoder-ogg-vorbis: bf7c407c2cedff20999df2af8eb42d56 -> 
========================================================================
Received Import Request.
  Time since last request: 101738.918858 seconds.
  path: Assets/Resources/horse-basemesh/source/Horse_023/Horse_023.OBJ
  artifactKey: Guid(5231eb975684e8241b0b8b2b97516413) Importer(815301076,1909f56bfc062723c751e8b465ee728b)
Start importing Assets/Resources/horse-basemesh/source/Horse_023/Horse_023.OBJ using Guid(5231eb975684e8241b0b8b2b97516413) Importer(815301076,1909f56bfc062723c751e8b465ee728b)  -> (artifact id: 'fe9a5886e5119db5197ffd42fb475fd1') in 0.306258 seconds 
========================================================================
Received Import Request.
  Time since last request: 946.169332 seconds.
  path: Assets/Resources/dumpsters-and-trash/Materials/dumpster_graffiti_Roughness.mat
  artifactKey: Guid(f152e2911ab146443ae4140ff3981c9a) Importer(815301076,1909f56bfc062723c751e8b465ee728b)
Start importing Assets/Resources/dumpsters-and-trash/Materials/dumpster_graffiti_Roughness.mat using Guid(f152e2911ab146443ae4140ff3981c9a) Importer(815301076,1909f56bfc062723c751e8b465ee728b)  -> (artifact id: '56c5b5d2800291f9c8daeb5bf183c33f') in 0.029440 seconds 
========================================================================
Received Import Request.
  Time since last request: 0.000030 seconds.
  path: Assets/Resources/dumpsters-and-trash/Materials/dumpster_Roughness.mat
  artifactKey: Guid(7784e651d14cace4f8d84240be4054f3) Importer(815301076,1909f56bfc062723c751e8b465ee728b)
Start importing Assets/Resources/dumpsters-and-trash/Materials/dumpster_Roughness.mat using Guid(7784e651d14cace4f8d84240be4054f3) Importer(815301076,1909f56bfc062723c751e8b465ee728b)  -> (artifact id: '61ac1b0dba1aab3ef4e5411b364e71bf') in 0.013088 seconds 
========================================================================
Received Import Request.
  Time since last request: 93.519344 seconds.
  path: Assets/Resources/mech-drone/textures/Drone_diff.jpeg
  artifactKey: Guid(bd0b3e448c02ab84ab64d1bf57b2e407) Importer(815301076,1909f56bfc062723c751e8b465ee728b)
Start importing Assets/Resources/mech-drone/textures/Drone_diff.jpeg using Guid(bd0b3e448c02ab84ab64d1bf57b2e407) Importer(815301076,1909f56bfc062723c751e8b465ee728b)  -> (artifact id: 'e4e9774a050a89e72f15f3b5325e035e') in 0.033983 seconds 
========================================================================
Received Import Request.
  Time since last request: 0.000026 seconds.
  path: Assets/Resources/mech-drone/textures/Drone_spec.jpeg
  artifactKey: Guid(2e0fe49aa84ddf54a98fcb6033ffa1b3) Importer(815301076,1909f56bfc062723c751e8b465ee728b)
Start importing Assets/Resources/mech-drone/textures/Drone_spec.jpeg using Guid(2e0fe49aa84ddf54a98fcb6033ffa1b3) Importer(815301076,1909f56bfc062723c751e8b465ee728b)  -> (artifact id: 'e38542d5a1a7f0eb01ce178f15373542') in 0.014947 seconds 
========================================================================
Received Import Request.
  Time since last request: 0.000036 seconds.
  path: Assets/Resources/mech-drone/textures/Fire_Alpha.jpeg
  artifactKey: Guid(b1c67e984a9485c4d851096a0e83fa9d) Importer(815301076,1909f56bfc062723c751e8b465ee728b)
Start importing Assets/Resources/mech-drone/textures/Fire_Alpha.jpeg using Guid(b1c67e984a9485c4d851096a0e83fa9d) Importer(815301076,1909f56bfc062723c751e8b465ee728b)  -> (artifact id: '312c0033d80d9692f2646fe3926ce2fc') in 0.016900 seconds 
========================================================================
Received Import Request.
  Time since last request: 0.000037 seconds.
  path: Assets/Resources/mech-drone/textures/Fire_Dif.jpeg
  artifactKey: Guid(06fcca4c7b30d6b47a18896411393b3c) Importer(815301076,1909f56bfc062723c751e8b465ee728b)
Start importing Assets/Resources/mech-drone/textures/Fire_Dif.jpeg using Guid(06fcca4c7b30d6b47a18896411393b3c) Importer(815301076,1909f56bfc062723c751e8b465ee728b)  -> (artifact id: 'c99a2d062916d0f387efb9a3d382777b') in 0.010931 seconds 
========================================================================
Received Import Request.
  Time since last request: 21.904808 seconds.
  path: Assets/Resources/robot-2020/Materials/MODELO_FINAL_DefaultMaterial_Roughness.mat
  artifactKey: Guid(82e8bf6a78a415f4aacf76569558e86d) Importer(815301076,1909f56bfc062723c751e8b465ee728b)
Start importing Assets/Resources/robot-2020/Materials/MODELO_FINAL_DefaultMaterial_Roughness.mat using Guid(82e8bf6a78a415f4aacf76569558e86d) Importer(815301076,1909f56bfc062723c751e8b465ee728b)  -> (artifact id: 'c9b35a6bd978ae9bfbcc93fc3188fb8f') in 0.019524 seconds 
========================================================================
Received Import Request.
  Time since last request: 10.725440 seconds.
  path: Assets/Resources/robot-character/textures/align_Normal.png
  artifactKey: Guid(a25306b7aa2d6d942ba8d4ec657f26bc) Importer(815301076,1909f56bfc062723c751e8b465ee728b)
Start importing Assets/Resources/robot-character/textures/align_Normal.png using Guid(a25306b7aa2d6d942ba8d4ec657f26bc) Importer(815301076,1909f56bfc062723c751e8b465ee728b)  -> (artifact id: 'ab5569f086e37a1aa49c91df8be0cf9f') in 0.036379 seconds 
========================================================================
Received Import Request.
  Time since last request: 0.000028 seconds.
  path: Assets/Resources/robot-character/textures/bake_ao.png
  artifactKey: Guid(d7b8b31aed59b6e4aa44ee57ccc8acee) Importer(815301076,1909f56bfc062723c751e8b465ee728b)
Start importing Assets/Resources/robot-character/textures/bake_ao.png using Guid(d7b8b31aed59b6e4aa44ee57ccc8acee) Importer(815301076,1909f56bfc062723c751e8b465ee728b)  -> (artifact id: '0cbcef3284e3cab98edb1889d187d4ce') in 0.014271 seconds 
========================================================================
Received Import Request.
  Time since last request: 14.497543 seconds.
  path: Assets/Resources/rustbucket-desert-gonk-droid/textures/01___Default_metallic.jpeg
  artifactKey: Guid(20393a12684b211468c33307061ef9e9) Importer(815301076,1909f56bfc062723c751e8b465ee728b)
Start importing Assets/Resources/rustbucket-desert-gonk-droid/textures/01___Default_metallic.jpeg using Guid(20393a12684b211468c33307061ef9e9) Importer(815301076,1909f56bfc062723c751e8b465ee728b)  -> (artifact id: 'c84e7791fde46aa6511ad3df8248a97c') in 0.024694 seconds 
========================================================================
Received Import Request.
  Time since last request: 0.000024 seconds.
  path: Assets/Resources/rustbucket-desert-gonk-droid/textures/internal_ground_ao_texture.jpeg
  artifactKey: Guid(8fdd83cfdcb59a145a871e5055230f95) Importer(815301076,1909f56bfc062723c751e8b465ee728b)
Start importing Assets/Resources/rustbucket-desert-gonk-droid/textures/internal_ground_ao_texture.jpeg using Guid(8fdd83cfdcb59a145a871e5055230f95) Importer(815301076,1909f56bfc062723c751e8b465ee728b)  -> (artifact id: '63477e1b9acf58f7fd7eb4a367204d3c') in 0.008458 seconds 
========================================================================
Received Import Request.
  Time since last request: 372.341144 seconds.
  path: Assets/Resources/vending-machine2k-retro-futuristic/textures/glassVending_BaseColor.jpg
  artifactKey: Guid(6a7c3ff102258d34ba32ef218b76d8c4) Importer(815301076,1909f56bfc062723c751e8b465ee728b)
Start importing Assets/Resources/vending-machine2k-retro-futuristic/textures/glassVending_BaseColor.jpg using Guid(6a7c3ff102258d34ba32ef218b76d8c4) Importer(815301076,1909f56bfc062723c751e8b465ee728b)  -> (artifact id: '947939d0bba0422561e73af95176ecd7') in 0.025675 seconds 
========================================================================
Received Import Request.
  Time since last request: 0.000049 seconds.
  path: Assets/Resources/vending-machine2k-retro-futuristic/textures/internal_ground_ao_texture.jpeg
  artifactKey: Guid(5fa517b458896cb4a98e853e572c64b7) Importer(815301076,1909f56bfc062723c751e8b465ee728b)
Start importing Assets/Resources/vending-machine2k-retro-futuristic/textures/internal_ground_ao_texture.jpeg using Guid(5fa517b458896cb4a98e853e572c64b7) Importer(815301076,1909f56bfc062723c751e8b465ee728b)  -> (artifact id: '1058c4b48d20f14bb3892d13ca344d0d') in 0.008882 seconds 
========================================================================
Received Import Request.
  Time since last request: 0.000036 seconds.
  path: Assets/Resources/vending-machine2k-retro-futuristic/textures/vendingMachine_Normal.jpg
  artifactKey: Guid(84ccd2dbfbd822048a1085ba2a948838) Importer(815301076,1909f56bfc062723c751e8b465ee728b)
Start importing Assets/Resources/vending-machine2k-retro-futuristic/textures/vendingMachine_Normal.jpg using Guid(84ccd2dbfbd822048a1085ba2a948838) Importer(815301076,1909f56bfc062723c751e8b465ee728b)  -> (artifact id: '2a1d68a97174ab31f4145176e9b2d04c') in 0.021291 seconds 
========================================================================
Received Import Request.
  Time since last request: 0.000048 seconds.
  path: Assets/Resources/vending-machine2k-retro-futuristic/textures/vendingMachine_Emission.jpg
  artifactKey: Guid(8bc3f5aaf9cd931409d8a2caeec13a03) Importer(815301076,1909f56bfc062723c751e8b465ee728b)
Start importing Assets/Resources/vending-machine2k-retro-futuristic/textures/vendingMachine_Emission.jpg using Guid(8bc3f5aaf9cd931409d8a2caeec13a03) Importer(815301076,1909f56bfc062723c751e8b465ee728b)  -> (artifact id: '48790e01f0a5b10f59499c40a6e91036') in 0.008220 seconds 
========================================================================
Received Import Request.
  Time since last request: 0.000028 seconds.
  path: Assets/Resources/vending-machine2k-retro-futuristic/textures/vendingMachine_BaseColor.jpg
  artifactKey: Guid(740626b0b8b658541b8e522ab0e4ffb3) Importer(815301076,1909f56bfc062723c751e8b465ee728b)
Start importing Assets/Resources/vending-machine2k-retro-futuristic/textures/vendingMachine_BaseColor.jpg using Guid(740626b0b8b658541b8e522ab0e4ffb3) Importer(815301076,1909f56bfc062723c751e8b465ee728b)  -> (artifact id: 'cf1469757670c77ed3483d60ad80e2d1') in 0.010047 seconds 
Editor requested this worker to shutdown with reason: Scaling down because of idle timeout
AssetImportWorker is now disconnected from the server
Process exiting
Exiting without the bug reporter. Application will terminate with return code 0