Using pre-set license
Built from '2021.3/staging' branch; Version is '2021.3.24f1 (cf10dcf7010d) revision 13570268'; Using compiler version '192829333'; Build Type 'Release'
OS: 'Windows 10  (10.0.19045) 64bit Professional' Language: 'ru' Physical Memory: 32581 MB
BatchMode: 1, IsHumanControllingUs: 0, StartBugReporterOnCrash: 0, Is64bit: 1, IsPro: 1

COMMAND LINE ARGUMENTS:
D:\Other\Unity\2021.3.24f1\Editor\Unity.exe
-adb2
-batchMode
-noUpm
-name
AssetImportWorker2
-projectPath
C:/Users/User/Documents/GitHub/Cyber-Shift/Cyber-Shift
-logFile
Logs/AssetImportWorker2.log
-srvPort
60711
Successfully changed project path to: C:/Users/User/Documents/GitHub/Cyber-Shift/Cyber-Shift
C:/Users/User/Documents/GitHub/Cyber-Shift/Cyber-Shift
[UnityMemory] Configuration Parameters - Can be set up in boot.config
    "memorysetup-bucket-allocator-granularity=16"
    "memorysetup-bucket-allocator-bucket-count=8"
    "memorysetup-bucket-allocator-block-size=33554432"
    "memorysetup-bucket-allocator-block-count=8"
    "memorysetup-main-allocator-block-size=16777216"
    "memorysetup-thread-allocator-block-size=16777216"
    "memorysetup-gfx-main-allocator-block-size=16777216"
    "memorysetup-gfx-thread-allocator-block-size=16777216"
    "memorysetup-cache-allocator-block-size=4194304"
    "memorysetup-typetree-allocator-block-size=2097152"
    "memorysetup-profiler-bucket-allocator-granularity=16"
    "memorysetup-profiler-bucket-allocator-bucket-count=8"
    "memorysetup-profiler-bucket-allocator-block-size=33554432"
    "memorysetup-profiler-bucket-allocator-block-count=8"
    "memorysetup-profiler-allocator-block-size=16777216"
    "memorysetup-profiler-editor-allocator-block-size=1048576"
    "memorysetup-temp-allocator-size-main=16777216"
    "memorysetup-job-temp-allocator-block-size=2097152"
    "memorysetup-job-temp-allocator-block-size-background=1048576"
    "memorysetup-job-temp-allocator-reduction-small-platforms=262144"
    "memorysetup-temp-allocator-size-background-worker=32768"
    "memorysetup-temp-allocator-size-job-worker=262144"
    "memorysetup-temp-allocator-size-preload-manager=33554432"
    "memorysetup-temp-allocator-size-nav-mesh-worker=65536"
    "memorysetup-temp-allocator-size-audio-worker=65536"
    "memorysetup-temp-allocator-size-cloud-worker=32768"
    "memorysetup-temp-allocator-size-gi-baking-worker=262144"
    "memorysetup-temp-allocator-size-gfx=262144"
Player connection [24472] Host "[IP] 192.168.0.107 [Port] 0 [Flags] 2 [Guid] 3536587667 [EditorId] 3536587667 [Version] 1048832 [Id] WindowsEditor(7,User-PC) [Debug] 1 [PackageName] WindowsEditor [ProjectName] Editor" joined multi-casting on [225.0.0.222:54997]...

Player connection [24472] Host "[IP] 192.168.0.107 [Port] 0 [Flags] 2 [Guid] 3536587667 [EditorId] 3536587667 [Version] 1048832 [Id] WindowsEditor(7,User-PC) [Debug] 1 [PackageName] WindowsEditor [ProjectName] Editor" joined alternative multi-casting on [225.0.0.222:34997]...

Refreshing native plugins compatible for Editor in 160.99 ms, found 4 plugins.
Preloading 0 native plugins for Editor in 0.00 ms.
Initialize engine version: 2021.3.24f1 (cf10dcf7010d)
[Subsystems] Discovering subsystems at path D:/Other/Unity/2021.3.24f1/Editor/Data/Resources/UnitySubsystems
[Subsystems] Discovering subsystems at path C:/Users/User/Documents/GitHub/Cyber-Shift/Cyber-Shift/Assets
GfxDevice: creating device client; threaded=0; jobified=0
Direct3D:
    Version:  Direct3D 11.0 [level 11.1]
    Renderer: NVIDIA GeForce RTX 3060 (ID=0x2504)
    Vendor:   NVIDIA
    VRAM:     12115 MB
    Driver:   32.0.15.6636
Initialize mono
Mono path[0] = 'D:/Other/Unity/2021.3.24f1/Editor/Data/Managed'
Mono path[1] = 'D:/Other/Unity/2021.3.24f1/Editor/Data/MonoBleedingEdge/lib/mono/unityjit-win32'
Mono config path = 'D:/Other/Unity/2021.3.24f1/Editor/Data/MonoBleedingEdge/etc'
Using monoOptions --debugger-agent=transport=dt_socket,embedding=1,server=y,suspend=n,address=127.0.0.1:56252
Begin MonoManager ReloadAssembly
Registering precompiled unity dll's ...
Register platform support module: D:/Other/Unity/2021.3.24f1/Editor/Data/PlaybackEngines/AndroidPlayer/UnityEditor.Android.Extensions.dll
Register platform support module: D:/Other/Unity/2021.3.24f1/Editor/Data/PlaybackEngines/WindowsStandaloneSupport/UnityEditor.WindowsStandalone.Extensions.dll
Registered in 0.004653 seconds.
Native extension for WindowsStandalone target not found
Native extension for Android target not found
Android Extension - Scanning For ADB Devices 357 ms
Refreshing native plugins compatible for Editor in 159.10 ms, found 4 plugins.
Preloading 0 native plugins for Editor in 0.00 ms.
Mono: successfully reloaded assembly
- Completed reload, in  1.326 seconds
Domain Reload Profiling:
	ReloadAssembly (1327ms)
		BeginReloadAssembly (158ms)
			ExecutionOrderSort (0ms)
			DisableScriptedObjects (0ms)
			BackupInstance (0ms)
			ReleaseScriptingObjects (0ms)
			CreateAndSetChildDomain (1ms)
		EndReloadAssembly (1046ms)
			LoadAssemblies (158ms)
			RebuildTransferFunctionScriptingTraits (0ms)
			SetupTypeCache (134ms)
			ReleaseScriptCaches (0ms)
			RebuildScriptCaches (41ms)
			SetupLoadedEditorAssemblies (804ms)
				LogAssemblyErrors (0ms)
				InitializePlatformSupportModulesInManaged (461ms)
				SetLoadedEditorAssemblies (0ms)
				RefreshPlugins (159ms)
				BeforeProcessingInitializeOnLoad (2ms)
				ProcessInitializeOnLoadAttributes (123ms)
				ProcessInitializeOnLoadMethodAttributes (58ms)
				AfterProcessingInitializeOnLoad (0ms)
				EditorAssembliesLoaded (0ms)
			ExecutionOrderSort2 (0ms)
			AwakeInstancesAfterBackupRestoration (0ms)
Platform modules already initialized, skipping
Registering precompiled user dll's ...
Registered in 0.013563 seconds.
Begin MonoManager ReloadAssembly
Symbol file LoadedFromMemory doesn't match image C:\Users\User\Documents\GitHub\Cyber-Shift\Cyber-Shift\Library\PackageCache\com.unity.visualscripting@1.8.0\Editor\VisualScripting.Core\Dependencies\YamlDotNet\Unity.VisualScripting.YamlDotNet.dll
Symbol file LoadedFromMemory doesn't match image C:\Users\User\Documents\GitHub\Cyber-Shift\Cyber-Shift\Library\PackageCache\com.unity.visualscripting@1.8.0\Editor\VisualScripting.Core\Dependencies\DotNetZip\Unity.VisualScripting.IonicZip.dll
Native extension for WindowsStandalone target not found
Native extension for Android target not found
Refreshing native plugins compatible for Editor in 156.30 ms, found 4 plugins.
Preloading 0 native plugins for Editor in 0.00 ms.
Mono: successfully reloaded assembly
- Completed reload, in  1.845 seconds
Domain Reload Profiling:
	ReloadAssembly (1846ms)
		BeginReloadAssembly (171ms)
			ExecutionOrderSort (0ms)
			DisableScriptedObjects (8ms)
			BackupInstance (0ms)
			ReleaseScriptingObjects (0ms)
			CreateAndSetChildDomain (22ms)
		EndReloadAssembly (1543ms)
			LoadAssemblies (165ms)
			RebuildTransferFunctionScriptingTraits (0ms)
			SetupTypeCache (402ms)
			ReleaseScriptCaches (1ms)
			RebuildScriptCaches (103ms)
			SetupLoadedEditorAssemblies (818ms)
				LogAssemblyErrors (0ms)
				InitializePlatformSupportModulesInManaged (21ms)
				SetLoadedEditorAssemblies (0ms)
				RefreshPlugins (156ms)
				BeforeProcessingInitializeOnLoad (177ms)
				ProcessInitializeOnLoadAttributes (341ms)
				ProcessInitializeOnLoadMethodAttributes (118ms)
				AfterProcessingInitializeOnLoad (4ms)
				EditorAssembliesLoaded (0ms)
			ExecutionOrderSort2 (0ms)
			AwakeInstancesAfterBackupRestoration (8ms)
Platform modules already initialized, skipping
========================================================================
Worker process is ready to serve import requests
Launched and connected shader compiler UnityShaderCompiler.exe after 0.06 seconds
Refreshing native plugins compatible for Editor in 1.15 ms, found 4 plugins.
Preloading 0 native plugins for Editor in 0.00 ms.
Unloading 5548 Unused Serialized files (Serialized files now loaded: 0)
Unloading 52 unused Assets / (1.6 MB). Loaded Objects now: 6024.
Memory consumption went from 241.2 MB to 239.6 MB.
Total: 4.743200 ms (FindLiveObjects: 0.801700 ms CreateObjectMapping: 0.271100 ms MarkObjects: 3.322700 ms  DeleteObjects: 0.346600 ms)

AssetImportParameters requested are different than current active one (requested -> active):
  custom:video-decoder-ogg-theora: a1e56fd34408186e4bbccfd4996cb3dc -> 
  custom:container-muxer-webm: aa71ff27fc2769a1b78a27578f13a17b -> 
  custom:container-demuxer-webm: 4f35f7cbe854078d1ac9338744f61a02 -> 
  custom:video-encoder-webm-vp8: eb34c28f22e8b96e1ab97ce403110664 -> 
  custom:audio-encoder-webm-vorbis: bf7c407c2cedff20999df2af8eb42d56 -> 
  custom:framework-win-MediaFoundation: 216162199b28c13a410421893ffa2e32 -> 
  custom:container-demuxer-ogg: 62fdf1f143b41e24485cea50d1cbac27 -> 
  custom:video-decoder-webm-vp8: 9c59270c3fd7afecdb556c50c9e8de78 -> 
  custom:audio-decoder-ogg-vorbis: bf7c407c2cedff20999df2af8eb42d56 -> 
========================================================================
Received Import Request.
  Time since last request: 14622.554104 seconds.
  path: Assets/Resources/vending-machine2k-retro-futuristic/textures/vendingMachine_BaseColor.jpg
  artifactKey: Guid(740626b0b8b658541b8e522ab0e4ffb3) Importer(815301076,1909f56bfc062723c751e8b465ee728b)
Start importing Assets/Resources/vending-machine2k-retro-futuristic/textures/vendingMachine_BaseColor.jpg using Guid(740626b0b8b658541b8e522ab0e4ffb3) Importer(815301076,1909f56bfc062723c751e8b465ee728b)  -> (artifact id: 'cf1469757670c77ed3483d60ad80e2d1') in 0.127014 seconds 
========================================================================
Received Import Request.
  Time since last request: 0.000035 seconds.
  path: Packages/com.unity.timeline/Editor/StyleSheets/Images/Icons/TrackRecordButtonDisabled@2x.png
  artifactKey: Guid(6091f9516d23100479c03bca26138bc8) Importer(815301076,1909f56bfc062723c751e8b465ee728b)
Start importing Packages/com.unity.timeline/Editor/StyleSheets/Images/Icons/TrackRecordButtonDisabled@2x.png using Guid(6091f9516d23100479c03bca26138bc8) Importer(815301076,1909f56bfc062723c751e8b465ee728b)  -> (artifact id: '50b5095427e1d68f6a7e9339293d3743') in 0.022423 seconds 
========================================================================
Received Import Request.
  Time since last request: 0.000025 seconds.
  path: Assets/Resources/Day-Night Skyboxes/Textures/SkyMidNight_Left.png
  artifactKey: Guid(b712a49fc11d9fd4dbf18d71b3f53e31) Importer(815301076,1909f56bfc062723c751e8b465ee728b)
Start importing Assets/Resources/Day-Night Skyboxes/Textures/SkyMidNight_Left.png using Guid(b712a49fc11d9fd4dbf18d71b3f53e31) Importer(815301076,1909f56bfc062723c751e8b465ee728b)  -> (artifact id: 'da2b9ed523cc0b6a6eb52e7abf0846c2') in 0.030482 seconds 
========================================================================
Received Import Request.
  Time since last request: 0.000032 seconds.
  path: Assets/Resources/Day-Night Skyboxes/Textures/SkyBrightMorning_Top.png
  artifactKey: Guid(6942c5222258a7d4ca5f071156794a1f) Importer(815301076,1909f56bfc062723c751e8b465ee728b)
Start importing Assets/Resources/Day-Night Skyboxes/Textures/SkyBrightMorning_Top.png using Guid(6942c5222258a7d4ca5f071156794a1f) Importer(815301076,1909f56bfc062723c751e8b465ee728b)  -> (artifact id: '217d30412d340250a8f7c1581c566d03') in 0.026973 seconds 
========================================================================
Received Import Request.
  Time since last request: 0.000036 seconds.
  path: Assets/Resources/robot-2020/textures/MODELO_FINAL_DefaultMaterial_AO.jpg
  artifactKey: Guid(d83b5b6dd10a0cb47a1d0fd373014d4b) Importer(815301076,1909f56bfc062723c751e8b465ee728b)
Start importing Assets/Resources/robot-2020/textures/MODELO_FINAL_DefaultMaterial_AO.jpg using Guid(d83b5b6dd10a0cb47a1d0fd373014d4b) Importer(815301076,1909f56bfc062723c751e8b465ee728b)  -> (artifact id: '010bef387a786071d36d1bd8c777df08') in 0.026246 seconds 
========================================================================
Received Import Request.
  Time since last request: 0.000025 seconds.
  path: Assets/Prefab/Room/space-station-modular-assets-student-work/textures/Wall_LP_Pipes_Material_BaseColor.png
  artifactKey: Guid(594e30b95f815064ca9cc0ebf71379bc) Importer(815301076,1909f56bfc062723c751e8b465ee728b)
Start importing Assets/Prefab/Room/space-station-modular-assets-student-work/textures/Wall_LP_Pipes_Material_BaseColor.png using Guid(594e30b95f815064ca9cc0ebf71379bc) Importer(815301076,1909f56bfc062723c751e8b465ee728b)  -> (artifact id: 'c511752ab470b685db84836d816f43d8') in 0.014550 seconds 
========================================================================
Received Import Request.
  Time since last request: 0.000025 seconds.
  path: Assets/Prefab/Room/space-station-modular-assets-student-work/textures/Wall_LP_Pipes_NoVent_Material_Normal.png
  artifactKey: Guid(e0b712bffdbac5c43b0807b1742179f1) Importer(815301076,1909f56bfc062723c751e8b465ee728b)
Start importing Assets/Prefab/Room/space-station-modular-assets-student-work/textures/Wall_LP_Pipes_NoVent_Material_Normal.png using Guid(e0b712bffdbac5c43b0807b1742179f1) Importer(815301076,1909f56bfc062723c751e8b465ee728b)  -> (artifact id: '62b1ab76d1a7e3f8fd4bf27850d63811') in 0.022358 seconds 
========================================================================
Received Import Request.
  Time since last request: 0.000022 seconds.
  path: Assets/Prefab/Room/space-station-modular-assets-student-work/textures/Wall_LP_Connecter_Material_Normal.png
  artifactKey: Guid(a572ef4379721654f9e38c4e1e2090f9) Importer(815301076,1909f56bfc062723c751e8b465ee728b)
Start importing Assets/Prefab/Room/space-station-modular-assets-student-work/textures/Wall_LP_Connecter_Material_Normal.png using Guid(a572ef4379721654f9e38c4e1e2090f9) Importer(815301076,1909f56bfc062723c751e8b465ee728b)  -> (artifact id: 'f6e4c5a13a0f6736fba7cde296355286') in 0.023581 seconds 
========================================================================
Received Import Request.
  Time since last request: 0.000024 seconds.
  path: Assets/Prefab/Room/space-station-modular-assets-student-work/textures/Wall_LP_Wall_Material_Roughness.png
  artifactKey: Guid(e342d0f55216ceb48b61b233c67b5d5c) Importer(815301076,1909f56bfc062723c751e8b465ee728b)
Start importing Assets/Prefab/Room/space-station-modular-assets-student-work/textures/Wall_LP_Wall_Material_Roughness.png using Guid(e342d0f55216ceb48b61b233c67b5d5c) Importer(815301076,1909f56bfc062723c751e8b465ee728b)  -> (artifact id: '7d6bb8596d0b6665d68b36c9321b35cc') in 0.029510 seconds 
========================================================================
Received Import Request.
  Time since last request: 0.000027 seconds.
  path: Assets/Resources/tyres-concrete-heap/textures/tyree-heap1.jpeg
  artifactKey: Guid(9c3cb2d9f51696f4195a3a24561b7989) Importer(815301076,1909f56bfc062723c751e8b465ee728b)
Start importing Assets/Resources/tyres-concrete-heap/textures/tyree-heap1.jpeg using Guid(9c3cb2d9f51696f4195a3a24561b7989) Importer(815301076,1909f56bfc062723c751e8b465ee728b)  -> (artifact id: '7dffa8588ebde55bdc8dfe3ce48e83d2') in 0.014634 seconds 
========================================================================
Received Import Request.
  Time since last request: 0.000025 seconds.
  path: Packages/com.unity.timeline/Editor/StyleSheets/Images/DarkSkin/TimelineInfiniteTrackNoShadow.png
  artifactKey: Guid(eae63adb172f1164db61a7f4bdfc3637) Importer(815301076,1909f56bfc062723c751e8b465ee728b)
Start importing Packages/com.unity.timeline/Editor/StyleSheets/Images/DarkSkin/TimelineInfiniteTrackNoShadow.png using Guid(eae63adb172f1164db61a7f4bdfc3637) Importer(815301076,1909f56bfc062723c751e8b465ee728b)  -> (artifact id: 'ee621d9d2cae8ef484f89105d506967b') in 0.017383 seconds 
========================================================================
Received Import Request.
  Time since last request: 0.000023 seconds.
  path: Packages/com.unity.2d.animation/Editor/Assets/Icons/Selected/Sprite Resolver.png
  artifactKey: Guid(d12cc2bf0f6294f4b8bcfd60b290d635) Importer(815301076,1909f56bfc062723c751e8b465ee728b)
Start importing Packages/com.unity.2d.animation/Editor/Assets/Icons/Selected/Sprite Resolver.png using Guid(d12cc2bf0f6294f4b8bcfd60b290d635) Importer(815301076,1909f56bfc062723c751e8b465ee728b)  -> (artifact id: '56fc1f284acf80869fa944c2dbbd5b41') in 0.022670 seconds 
========================================================================
Received Import Request.
  Time since last request: 0.000030 seconds.
  path: Assets/Resources/rustbucket-desert-gonk-droid/textures/01___Default_emissive.jpeg
  artifactKey: Guid(b2bd717217019d34d91868a4ea23b039) Importer(815301076,1909f56bfc062723c751e8b465ee728b)
Start importing Assets/Resources/rustbucket-desert-gonk-droid/textures/01___Default_emissive.jpeg using Guid(b2bd717217019d34d91868a4ea23b039) Importer(815301076,1909f56bfc062723c751e8b465ee728b)  -> (artifact id: '112ad6d4557e34b72d3a4d4423032578') in 0.029540 seconds 
========================================================================
Received Import Request.
  Time since last request: 0.000035 seconds.
  path: Assets/Resources/prosthetic-arm-project-rustborn/textures/Prosthetic_low_Material_AO.png
  artifactKey: Guid(1ef01ae99a75006448b3c302f492635d) Importer(815301076,1909f56bfc062723c751e8b465ee728b)
Start importing Assets/Resources/prosthetic-arm-project-rustborn/textures/Prosthetic_low_Material_AO.png using Guid(1ef01ae99a75006448b3c302f492635d) Importer(815301076,1909f56bfc062723c751e8b465ee728b)  -> (artifact id: 'ac344cfa8962bd7cf967f45a66839d26') in 0.031831 seconds 
========================================================================
Received Import Request.
  Time since last request: 0.000025 seconds.
  path: Assets/Prefab/Room/space-station-modular-assets-student-work/textures/Wall_LP_Pipes_NoVent_Material_Metallic.png
  artifactKey: Guid(7b08e832262d7194b80a444e8a9cfc6d) Importer(815301076,1909f56bfc062723c751e8b465ee728b)
Start importing Assets/Prefab/Room/space-station-modular-assets-student-work/textures/Wall_LP_Pipes_NoVent_Material_Metallic.png using Guid(7b08e832262d7194b80a444e8a9cfc6d) Importer(815301076,1909f56bfc062723c751e8b465ee728b)  -> (artifact id: 'bb176d4994f768e6676c7d9433f7f0ca') in 0.022853 seconds 
========================================================================
Received Import Request.
  Time since last request: 0.000021 seconds.
  path: Assets/Resources/SciFi Assets/Sprites/vector_3/Vector_6.png
  artifactKey: Guid(de9af02bddd69ed4397048bbc2b5f4fc) Importer(815301076,1909f56bfc062723c751e8b465ee728b)
Start importing Assets/Resources/SciFi Assets/Sprites/vector_3/Vector_6.png using Guid(de9af02bddd69ed4397048bbc2b5f4fc) Importer(815301076,1909f56bfc062723c751e8b465ee728b)  -> (artifact id: '99e968dd64769bb337d058d391cedd84') in 0.060549 seconds 
========================================================================
Received Import Request.
  Time since last request: 0.000022 seconds.
  path: Assets/Resources/SciFi Assets/Sprites/vector_6/Vector_2.png
  artifactKey: Guid(b9e95e7d79313774f9fdee203e9676ac) Importer(815301076,1909f56bfc062723c751e8b465ee728b)
Start importing Assets/Resources/SciFi Assets/Sprites/vector_6/Vector_2.png using Guid(b9e95e7d79313774f9fdee203e9676ac) Importer(815301076,1909f56bfc062723c751e8b465ee728b)  -> (artifact id: 'd7e14e8707e65ece059c8784d4a2ee81') in 0.026639 seconds 
========================================================================
Received Import Request.
  Time since last request: 0.000028 seconds.
  path: Assets/Resources/SciFi Assets/Sprites/vector_3/vector_9.png
  artifactKey: Guid(57b0da0c3c188c148a79b6c3ec016626) Importer(815301076,1909f56bfc062723c751e8b465ee728b)
Start importing Assets/Resources/SciFi Assets/Sprites/vector_3/vector_9.png using Guid(57b0da0c3c188c148a79b6c3ec016626) Importer(815301076,1909f56bfc062723c751e8b465ee728b)  -> (artifact id: '0ef61bbd6a555c2d85710028d150b488') in 0.023377 seconds 
========================================================================
Received Import Request.
  Time since last request: 0.000024 seconds.
  path: Assets/Resources/destroyed-bus-01/textures/bus_01_nm.tga.png
  artifactKey: Guid(07c5d6ef01aa69747ad10aaa81f19ad6) Importer(815301076,1909f56bfc062723c751e8b465ee728b)
Start importing Assets/Resources/destroyed-bus-01/textures/bus_01_nm.tga.png using Guid(07c5d6ef01aa69747ad10aaa81f19ad6) Importer(815301076,1909f56bfc062723c751e8b465ee728b)  -> (artifact id: '8eb88d966cfc17c46ac3a6e84b74a33f') in 0.025730 seconds 
========================================================================
Received Import Request.
  Time since last request: 0.000027 seconds.
  path: Packages/com.unity.timeline/Editor/StyleSheets/Images/DarkSkin/TimelineAutokey@2x.png
  artifactKey: Guid(af24c542434a025448222d576f61a956) Importer(815301076,1909f56bfc062723c751e8b465ee728b)
Start importing Packages/com.unity.timeline/Editor/StyleSheets/Images/DarkSkin/TimelineAutokey@2x.png using Guid(af24c542434a025448222d576f61a956) Importer(815301076,1909f56bfc062723c751e8b465ee728b)  -> (artifact id: '911930bc1644b99d18274e0240dc2dcc') in 0.018229 seconds 
========================================================================
Received Import Request.
  Time since last request: 0.000036 seconds.
  path: Assets/Resources/washing-machine-2k-2-variations/textures/internal_ground_ao_texture.jpeg
  artifactKey: Guid(32592281aa0864549a46d14980d84cff) Importer(815301076,1909f56bfc062723c751e8b465ee728b)
Start importing Assets/Resources/washing-machine-2k-2-variations/textures/internal_ground_ao_texture.jpeg using Guid(32592281aa0864549a46d14980d84cff) Importer(815301076,1909f56bfc062723c751e8b465ee728b)  -> (artifact id: '4af808791ac2d156dedaff2eaa208858') in 0.023376 seconds 
========================================================================
Received Import Request.
  Time since last request: 0.000025 seconds.
  path: Packages/com.unity.2d.animation/Editor/Assets/Icons/Selected/Sprite Resolver@2x.png
  artifactKey: Guid(d4ecc3333ec1e054fbac2696e318e017) Importer(815301076,1909f56bfc062723c751e8b465ee728b)
Start importing Packages/com.unity.2d.animation/Editor/Assets/Icons/Selected/Sprite Resolver@2x.png using Guid(d4ecc3333ec1e054fbac2696e318e017) Importer(815301076,1909f56bfc062723c751e8b465ee728b)  -> (artifact id: '097ff038c7e8ba13083f43234db8036f') in 0.019472 seconds 
========================================================================
Received Import Request.
  Time since last request: 0.000025 seconds.
  path: Packages/com.unity.timeline/Editor/StyleSheets/Images/LightSkin/TimelineActivation.png
  artifactKey: Guid(2887294cc7f1fe840bff6e349409648d) Importer(815301076,1909f56bfc062723c751e8b465ee728b)
Start importing Packages/com.unity.timeline/Editor/StyleSheets/Images/LightSkin/TimelineActivation.png using Guid(2887294cc7f1fe840bff6e349409648d) Importer(815301076,1909f56bfc062723c751e8b465ee728b)  -> (artifact id: '79d9d5dcb218903a43518613015995d6') in 0.017191 seconds 
========================================================================
Received Import Request.
  Time since last request: 0.000023 seconds.
  path: Assets/Resources/SciFi Assets/Sprites/vector_3/vector_4/Vector_3.png
  artifactKey: Guid(dad6d66f0c50fbd4f92c0c7a7bbd17a2) Importer(815301076,1909f56bfc062723c751e8b465ee728b)
Start importing Assets/Resources/SciFi Assets/Sprites/vector_3/vector_4/Vector_3.png using Guid(dad6d66f0c50fbd4f92c0c7a7bbd17a2) Importer(815301076,1909f56bfc062723c751e8b465ee728b)  -> (artifact id: '46bc058575c70b076a915c95009310b3') in 0.022069 seconds 
========================================================================
Received Import Request.
  Time since last request: 0.000025 seconds.
  path: Packages/com.unity.collab-proxy/Editor/PlasticSCM/Assets/Images/stepok.png
  artifactKey: Guid(d4780dc1205c7c7478c970d8c61d24e8) Importer(815301076,1909f56bfc062723c751e8b465ee728b)
Start importing Packages/com.unity.collab-proxy/Editor/PlasticSCM/Assets/Images/stepok.png using Guid(d4780dc1205c7c7478c970d8c61d24e8) Importer(815301076,1909f56bfc062723c751e8b465ee728b)  -> (artifact id: '884ddda6f029f7c237df3b6034db0dee') in 0.020244 seconds 
========================================================================
Received Import Request.
  Time since last request: 0.000027 seconds.
  path: Assets/Resources/Day-Night Skyboxes/Textures/SkyMorning_Back.png
  artifactKey: Guid(fcc2b2ac825c29e40a96b9fe97d58996) Importer(815301076,1909f56bfc062723c751e8b465ee728b)
Start importing Assets/Resources/Day-Night Skyboxes/Textures/SkyMorning_Back.png using Guid(fcc2b2ac825c29e40a96b9fe97d58996) Importer(815301076,1909f56bfc062723c751e8b465ee728b)  -> (artifact id: '35aa3b1d908817ee4fc042bf6f82f17c') in 0.025330 seconds 
========================================================================
Received Import Request.
  Time since last request: 0.000024 seconds.
  path: Assets/Resources/free-sci-fi-city-public-domain-cc0/textures/cloud.png
  artifactKey: Guid(3be2b97adc4c1cc4b8ae4a6cfdd9ee4d) Importer(815301076,1909f56bfc062723c751e8b465ee728b)
Start importing Assets/Resources/free-sci-fi-city-public-domain-cc0/textures/cloud.png using Guid(3be2b97adc4c1cc4b8ae4a6cfdd9ee4d) Importer(815301076,1909f56bfc062723c751e8b465ee728b)  -> (artifact id: 'e0d397362c02b61239d270bb1473c1f2') in 0.024556 seconds 
========================================================================
Received Import Request.
  Time since last request: 0.000027 seconds.
  path: Assets/Resources/Day-Night Skyboxes/Textures/SkyCloudy_Right.png
  artifactKey: Guid(d5618a43493f3e144a6ad0c0d17d335e) Importer(815301076,1909f56bfc062723c751e8b465ee728b)
Start importing Assets/Resources/Day-Night Skyboxes/Textures/SkyCloudy_Right.png using Guid(d5618a43493f3e144a6ad0c0d17d335e) Importer(815301076,1909f56bfc062723c751e8b465ee728b)  -> (artifact id: 'd80bee762334ec07e9344221f54e3221') in 0.020127 seconds 
========================================================================
Received Import Request.
  Time since last request: 1.084501 seconds.
  path: Assets/Resources/washing-machine-2k-2-variations/textures/washer low 2 three_washing1glass_Normal.jpeg
  artifactKey: Guid(df8729fc4c66e0345bdf7c8e030cfc17) Importer(815301076,1909f56bfc062723c751e8b465ee728b)
Start importing Assets/Resources/washing-machine-2k-2-variations/textures/washer low 2 three_washing1glass_Normal.jpeg using Guid(df8729fc4c66e0345bdf7c8e030cfc17) Importer(815301076,1909f56bfc062723c751e8b465ee728b)  -> (artifact id: 'd917df27f6d58f4e67f194bda72133f4') in 0.031912 seconds 
========================================================================
Received Import Request.
  Time since last request: 0.027731 seconds.
  path: Assets/Resources/washing-machine-2k-2-variations/textures/washer_low_2_three_washing1glass_Occlusion.jpg
  artifactKey: Guid(a3515f156c39f1e41b348232e0428935) Importer(815301076,1909f56bfc062723c751e8b465ee728b)
Start importing Assets/Resources/washing-machine-2k-2-variations/textures/washer_low_2_three_washing1glass_Occlusion.jpg using Guid(a3515f156c39f1e41b348232e0428935) Importer(815301076,1909f56bfc062723c751e8b465ee728b)  -> (artifact id: 'b281e456d6458b503bd810df1d500fc7') in 0.038181 seconds 
========================================================================
Received Import Request.
  Time since last request: 0.000025 seconds.
  path: Assets/Resources/washing-machine-2k-2-variations/textures/washing1glass_Roughness.jpeg
  artifactKey: Guid(e396a28d8fc256d4d84bdc3b631b2b94) Importer(815301076,1909f56bfc062723c751e8b465ee728b)
Start importing Assets/Resources/washing-machine-2k-2-variations/textures/washing1glass_Roughness.jpeg using Guid(e396a28d8fc256d4d84bdc3b631b2b94) Importer(815301076,1909f56bfc062723c751e8b465ee728b)  -> (artifact id: '3fa9b8f38d618bf729537a14a8c967d1') in 0.035845 seconds 
========================================================================
Received Import Request.
  Time since last request: 0.267412 seconds.
  path: Packages/com.unity.collab-proxy/Editor/PlasticSCM/Assets/Images/xlink.png
  artifactKey: Guid(556a2f3b046024d4c9621c1b4be5f0c1) Importer(815301076,1909f56bfc062723c751e8b465ee728b)
Start importing Packages/com.unity.collab-proxy/Editor/PlasticSCM/Assets/Images/xlink.png using Guid(556a2f3b046024d4c9621c1b4be5f0c1) Importer(815301076,1909f56bfc062723c751e8b465ee728b)  -> (artifact id: '4a7ff33d8f78da2f0770a734c51213f4') in 0.025332 seconds 
========================================================================
Received Import Request.
  Time since last request: 6.077960 seconds.
  path: Assets/Scripts/Tools/RoomConnector.cs
  artifactKey: Guid(1f00467361e45a34d8ab20e9e11f67d2) Importer(815301076,1909f56bfc062723c751e8b465ee728b)
Start importing Assets/Scripts/Tools/RoomConnector.cs using Guid(1f00467361e45a34d8ab20e9e11f67d2) Importer(815301076,1909f56bfc062723c751e8b465ee728b)  -> (artifact id: 'e52e80eaab1cfe887775ba4ad8f3e102') in 0.005704 seconds 
========================================================================
Received Prepare
Registering precompiled user dll's ...
Registered in 0.014852 seconds.
Begin MonoManager ReloadAssembly
Symbol file LoadedFromMemory doesn't match image C:\Users\User\Documents\GitHub\Cyber-Shift\Cyber-Shift\Library\PackageCache\com.unity.visualscripting@1.8.0\Editor\VisualScripting.Core\Dependencies\YamlDotNet\Unity.VisualScripting.YamlDotNet.dll
Symbol file LoadedFromMemory doesn't match image C:\Users\User\Documents\GitHub\Cyber-Shift\Cyber-Shift\Library\PackageCache\com.unity.visualscripting@1.8.0\Editor\VisualScripting.Core\Dependencies\DotNetZip\Unity.VisualScripting.IonicZip.dll
Native extension for WindowsStandalone target not found
Native extension for Android target not found
Refreshing native plugins compatible for Editor in 1.44 ms, found 4 plugins.
Preloading 0 native plugins for Editor in 0.00 ms.
Mono: successfully reloaded assembly
- Completed reload, in  1.569 seconds
Domain Reload Profiling:
	ReloadAssembly (1570ms)
		BeginReloadAssembly (210ms)
			ExecutionOrderSort (0ms)
			DisableScriptedObjects (10ms)
			BackupInstance (0ms)
			ReleaseScriptingObjects (0ms)
			CreateAndSetChildDomain (50ms)
		EndReloadAssembly (1248ms)
			LoadAssemblies (166ms)
			RebuildTransferFunctionScriptingTraits (0ms)
			SetupTypeCache (372ms)
			ReleaseScriptCaches (2ms)
			RebuildScriptCaches (86ms)
			SetupLoadedEditorAssemblies (563ms)
				LogAssemblyErrors (0ms)
				InitializePlatformSupportModulesInManaged (23ms)
				SetLoadedEditorAssemblies (1ms)
				RefreshPlugins (2ms)
				BeforeProcessingInitializeOnLoad (134ms)
				ProcessInitializeOnLoadAttributes (291ms)
				ProcessInitializeOnLoadMethodAttributes (110ms)
				AfterProcessingInitializeOnLoad (3ms)
				EditorAssembliesLoaded (0ms)
			ExecutionOrderSort2 (0ms)
			AwakeInstancesAfterBackupRestoration (12ms)
Platform modules already initialized, skipping
Refreshing native plugins compatible for Editor in 3.83 ms, found 4 plugins.
Preloading 0 native plugins for Editor in 0.00 ms.
Unloading 5375 Unused Serialized files (Serialized files now loaded: 0)
Unloading 39 unused Assets / (1.5 MB). Loaded Objects now: 6048.
Memory consumption went from 231.3 MB to 229.8 MB.
Total: 6.855600 ms (FindLiveObjects: 0.697600 ms CreateObjectMapping: 0.239300 ms MarkObjects: 5.666000 ms  DeleteObjects: 0.251300 ms)

AssetImportParameters requested are different than current active one (requested -> active):
  custom:video-decoder-ogg-theora: a1e56fd34408186e4bbccfd4996cb3dc -> 
  custom:container-muxer-webm: aa71ff27fc2769a1b78a27578f13a17b -> 
  custom:container-demuxer-webm: 4f35f7cbe854078d1ac9338744f61a02 -> 
  custom:video-encoder-webm-vp8: eb34c28f22e8b96e1ab97ce403110664 -> 
  custom:audio-encoder-webm-vorbis: bf7c407c2cedff20999df2af8eb42d56 -> 
  custom:framework-win-MediaFoundation: 216162199b28c13a410421893ffa2e32 -> 
  custom:container-demuxer-ogg: 62fdf1f143b41e24485cea50d1cbac27 -> 
  custom:video-decoder-webm-vp8: 9c59270c3fd7afecdb556c50c9e8de78 -> 
  custom:audio-decoder-ogg-vorbis: bf7c407c2cedff20999df2af8eb42d56 -> 
========================================================================
Received Import Request.
  Time since last request: 67.530795 seconds.
  path: Assets/Prefab/Room/Corridor.prefab
  artifactKey: Guid(2c4925dd04abdb745978f321eeb41451) Importer(815301076,1909f56bfc062723c751e8b465ee728b)
Start importing Assets/Prefab/Room/Corridor.prefab using Guid(2c4925dd04abdb745978f321eeb41451) Importer(815301076,1909f56bfc062723c751e8b465ee728b)  -> (artifact id: '67f896da43474a7a09484414c4ea9c39') in 0.380055 seconds 
========================================================================
Received Import Request.
  Time since last request: 1906.557824 seconds.
  path: Assets/Scenes/Rooms.unity
  artifactKey: Guid(d48e85011ee69d24b964bc8ee1c56a0e) Importer(815301076,1909f56bfc062723c751e8b465ee728b)
Start importing Assets/Scenes/Rooms.unity using Guid(d48e85011ee69d24b964bc8ee1c56a0e) Importer(815301076,1909f56bfc062723c751e8b465ee728b)  -> (artifact id: '0bd5b6d0f37b579dc37967a455187dd9') in 0.009581 seconds 
========================================================================
Received Import Request.
  Time since last request: 28.815421 seconds.
  path: Assets/Scenes/TestScene.unity
  artifactKey: Guid(f89deb570c8cd4a44b7a2b6fddc0ac24) Importer(815301076,1909f56bfc062723c751e8b465ee728b)
Start importing Assets/Scenes/TestScene.unity using Guid(f89deb570c8cd4a44b7a2b6fddc0ac24) Importer(815301076,1909f56bfc062723c751e8b465ee728b)  -> (artifact id: 'efce4173ce407729f9aabd50b6cc2661') in 0.013815 seconds 
