Using pre-set license
Built from '2021.3/staging' branch; Version is '2021.3.24f1 (cf10dcf7010d) revision 13570268'; Using compiler version '192829333'; Build Type 'Release'
OS: 'Windows 10  (10.0.19045) 64bit Professional' Language: 'ru' Physical Memory: 16283 MB
BatchMode: 1, IsHumanControllingUs: 0, StartBugReporterOnCrash: 0, Is64bit: 1, IsPro: 1

COMMAND LINE ARGUMENTS:
C:\Program Files\Unity\Hub\Editor\2021.3.24f1\Editor\Unity.exe
-adb2
-batchMode
-noUpm
-name
AssetImportWorker15
-projectPath
F:/aravay vay/Cyber-Shift/Cyber-Shift
-logFile
Logs/AssetImportWorker15.log
-srvPort
58307
Successfully changed project path to: F:/aravay vay/Cyber-Shift/Cyber-Shift
F:/aravay vay/Cyber-Shift/Cyber-Shift
[UnityMemory] Configuration Parameters - Can be set up in boot.config
    "memorysetup-bucket-allocator-granularity=16"
    "memorysetup-bucket-allocator-bucket-count=8"
    "memorysetup-bucket-allocator-block-size=33554432"
    "memorysetup-bucket-allocator-block-count=8"
    "memorysetup-main-allocator-block-size=16777216"
    "memorysetup-thread-allocator-block-size=16777216"
    "memorysetup-gfx-main-allocator-block-size=16777216"
    "memorysetup-gfx-thread-allocator-block-size=16777216"
    "memorysetup-cache-allocator-block-size=4194304"
    "memorysetup-typetree-allocator-block-size=2097152"
    "memorysetup-profiler-bucket-allocator-granularity=16"
    "memorysetup-profiler-bucket-allocator-bucket-count=8"
    "memorysetup-profiler-bucket-allocator-block-size=33554432"
    "memorysetup-profiler-bucket-allocator-block-count=8"
    "memorysetup-profiler-allocator-block-size=16777216"
    "memorysetup-profiler-editor-allocator-block-size=1048576"
    "memorysetup-temp-allocator-size-main=16777216"
    "memorysetup-job-temp-allocator-block-size=2097152"
    "memorysetup-job-temp-allocator-block-size-background=1048576"
    "memorysetup-job-temp-allocator-reduction-small-platforms=262144"
    "memorysetup-temp-allocator-size-background-worker=32768"
    "memorysetup-temp-allocator-size-job-worker=262144"
    "memorysetup-temp-allocator-size-preload-manager=33554432"
    "memorysetup-temp-allocator-size-nav-mesh-worker=65536"
    "memorysetup-temp-allocator-size-audio-worker=65536"
    "memorysetup-temp-allocator-size-cloud-worker=32768"
    "memorysetup-temp-allocator-size-gi-baking-worker=262144"
    "memorysetup-temp-allocator-size-gfx=262144"
Player connection [21156] Host "[IP] 26.110.12.76 [Port] 0 [Flags] 2 [Guid] 588183965 [EditorId] 588183965 [Version] 1048832 [Id] WindowsEditor(7,DESKTOP-4AU6A7T) [Debug] 1 [PackageName] WindowsEditor [ProjectName] Editor" joined multi-casting on [225.0.0.222:54997]...

Player connection [21156] Host "[IP] 26.110.12.76 [Port] 0 [Flags] 2 [Guid] 588183965 [EditorId] 588183965 [Version] 1048832 [Id] WindowsEditor(7,DESKTOP-4AU6A7T) [Debug] 1 [PackageName] WindowsEditor [ProjectName] Editor" joined alternative multi-casting on [225.0.0.222:34997]...

Refreshing native plugins compatible for Editor in 260.56 ms, found 5 plugins.
Preloading 0 native plugins for Editor in 0.00 ms.
Initialize engine version: 2021.3.24f1 (cf10dcf7010d)
[Subsystems] Discovering subsystems at path C:/Program Files/Unity/Hub/Editor/2021.3.24f1/Editor/Data/Resources/UnitySubsystems
[Subsystems] Discovering subsystems at path F:/aravay vay/Cyber-Shift/Cyber-Shift/Assets
GfxDevice: creating device client; threaded=0; jobified=0
Direct3D:
    Version:  Direct3D 11.0 [level 11.1]
    Renderer: NVIDIA GeForce GTX 1050 Ti (ID=0x1c82)
    Vendor:   NVIDIA
    VRAM:     4004 MB
    Driver:   32.0.15.6614
Initialize mono
Mono path[0] = 'C:/Program Files/Unity/Hub/Editor/2021.3.24f1/Editor/Data/Managed'
Mono path[1] = 'C:/Program Files/Unity/Hub/Editor/2021.3.24f1/Editor/Data/MonoBleedingEdge/lib/mono/unityjit-win32'
Mono config path = 'C:/Program Files/Unity/Hub/Editor/2021.3.24f1/Editor/Data/MonoBleedingEdge/etc'
Using monoOptions --debugger-agent=transport=dt_socket,embedding=1,server=y,suspend=n,address=127.0.0.1:56992
Begin MonoManager ReloadAssembly
Registering precompiled unity dll's ...
Register platform support module: C:/Program Files/Unity/Hub/Editor/2021.3.24f1/Editor/Data/PlaybackEngines/WindowsStandaloneSupport/UnityEditor.WindowsStandalone.Extensions.dll
Registered in 0.018339 seconds.
Native extension for WindowsStandalone target not found
Refreshing native plugins compatible for Editor in 256.21 ms, found 5 plugins.
Preloading 0 native plugins for Editor in 0.00 ms.
Mono: successfully reloaded assembly
- Completed reload, in  1.353 seconds
Domain Reload Profiling:
	ReloadAssembly (1354ms)
		BeginReloadAssembly (169ms)
			ExecutionOrderSort (0ms)
			DisableScriptedObjects (0ms)
			BackupInstance (0ms)
			ReleaseScriptingObjects (0ms)
			CreateAndSetChildDomain (1ms)
		EndReloadAssembly (969ms)
			LoadAssemblies (164ms)
			RebuildTransferFunctionScriptingTraits (0ms)
			SetupTypeCache (216ms)
			ReleaseScriptCaches (0ms)
			RebuildScriptCaches (55ms)
			SetupLoadedEditorAssemblies (601ms)
				LogAssemblyErrors (0ms)
				InitializePlatformSupportModulesInManaged (15ms)
				SetLoadedEditorAssemblies (0ms)
				RefreshPlugins (256ms)
				BeforeProcessingInitializeOnLoad (2ms)
				ProcessInitializeOnLoadAttributes (244ms)
				ProcessInitializeOnLoadMethodAttributes (84ms)
				AfterProcessingInitializeOnLoad (0ms)
				EditorAssembliesLoaded (0ms)
			ExecutionOrderSort2 (0ms)
			AwakeInstancesAfterBackupRestoration (0ms)
Platform modules already initialized, skipping
Registering precompiled user dll's ...
Registered in 0.014347 seconds.
Begin MonoManager ReloadAssembly
Symbol file LoadedFromMemory doesn't match image F:\aravay vay\Cyber-Shift\Cyber-Shift\Library\PackageCache\com.unity.visualscripting@1.8.0\Editor\VisualScripting.Core\Dependencies\YamlDotNet\Unity.VisualScripting.YamlDotNet.dll
Symbol file LoadedFromMemory doesn't match image F:\aravay vay\Cyber-Shift\Cyber-Shift\Library\PackageCache\com.unity.visualscripting@1.8.0\Editor\VisualScripting.Core\Dependencies\DotNetZip\Unity.VisualScripting.IonicZip.dll
Native extension for WindowsStandalone target not found
Refreshing native plugins compatible for Editor in 260.52 ms, found 5 plugins.
Preloading 0 native plugins for Editor in 0.00 ms.
Mono: successfully reloaded assembly
- Completed reload, in  2.874 seconds
Domain Reload Profiling:
	ReloadAssembly (2875ms)
		BeginReloadAssembly (233ms)
			ExecutionOrderSort (0ms)
			DisableScriptedObjects (11ms)
			BackupInstance (0ms)
			ReleaseScriptingObjects (0ms)
			CreateAndSetChildDomain (33ms)
		EndReloadAssembly (2417ms)
			LoadAssemblies (214ms)
			RebuildTransferFunctionScriptingTraits (0ms)
			SetupTypeCache (751ms)
			ReleaseScriptCaches (2ms)
			RebuildScriptCaches (187ms)
			SetupLoadedEditorAssemblies (1211ms)
				LogAssemblyErrors (0ms)
				InitializePlatformSupportModulesInManaged (9ms)
				SetLoadedEditorAssemblies (0ms)
				RefreshPlugins (261ms)
				BeforeProcessingInitializeOnLoad (273ms)
				ProcessInitializeOnLoadAttributes (486ms)
				ProcessInitializeOnLoadMethodAttributes (161ms)
				AfterProcessingInitializeOnLoad (21ms)
				EditorAssembliesLoaded (0ms)
			ExecutionOrderSort2 (0ms)
			AwakeInstancesAfterBackupRestoration (12ms)
Platform modules already initialized, skipping
========================================================================
Worker process is ready to serve import requests
Launched and connected shader compiler UnityShaderCompiler.exe after 0.09 seconds
Refreshing native plugins compatible for Editor in 2.07 ms, found 5 plugins.
Preloading 0 native plugins for Editor in 0.00 ms.
Unloading 6361 Unused Serialized files (Serialized files now loaded: 0)
Unloading 56 unused Assets / (2.3 MB). Loaded Objects now: 6815.
Memory consumption went from 264.0 MB to 261.7 MB.
Total: 6.972000 ms (FindLiveObjects: 0.756400 ms CreateObjectMapping: 0.430300 ms MarkObjects: 4.894700 ms  DeleteObjects: 0.889100 ms)

AssetImportParameters requested are different than current active one (requested -> active):
  custom:video-decoder-ogg-theora: a1e56fd34408186e4bbccfd4996cb3dc -> 
  custom:container-muxer-webm: aa71ff27fc2769a1b78a27578f13a17b -> 
  custom:container-demuxer-webm: 4f35f7cbe854078d1ac9338744f61a02 -> 
  custom:video-encoder-webm-vp8: eb34c28f22e8b96e1ab97ce403110664 -> 
  custom:audio-encoder-webm-vorbis: bf7c407c2cedff20999df2af8eb42d56 -> 
  custom:framework-win-MediaFoundation: 216162199b28c13a410421893ffa2e32 -> 
  custom:container-demuxer-ogg: 62fdf1f143b41e24485cea50d1cbac27 -> 
  custom:video-decoder-webm-vp8: 9c59270c3fd7afecdb556c50c9e8de78 -> 
  custom:audio-decoder-ogg-vorbis: bf7c407c2cedff20999df2af8eb42d56 -> 
========================================================================
Received Import Request.
  Time since last request: 34507.916235 seconds.
  path: Assets/Resources/sci-fi-computer-game-ready
  artifactKey: Guid(519aa1179d73c774b99d6224ad8ba5ba) Importer(815301076,1909f56bfc062723c751e8b465ee728b)
Start importing Assets/Resources/sci-fi-computer-game-ready using Guid(519aa1179d73c774b99d6224ad8ba5ba) Importer(815301076,1909f56bfc062723c751e8b465ee728b)  -> (artifact id: 'd488dd677b1adc7ec80d116d26d7fba6') in 0.032078 seconds 
========================================================================
Received Import Request.
  Time since last request: 1.057958 seconds.
  path: Assets/Resources/sci-fi-computer-game-ready/source
  artifactKey: Guid(bc59aa1ff8e1fb64481e73ebc190cc19) Importer(815301076,1909f56bfc062723c751e8b465ee728b)
Start importing Assets/Resources/sci-fi-computer-game-ready/source using Guid(bc59aa1ff8e1fb64481e73ebc190cc19) Importer(815301076,1909f56bfc062723c751e8b465ee728b)  -> (artifact id: '72bbb52713328acfb78c4e7efa45a99f') in 0.003646 seconds 
========================================================================
Received Import Request.
  Time since last request: 0.038073 seconds.
  path: Assets/Resources/sci-fi-computer-game-ready/source/scifi_computer_1_3.fbx
  artifactKey: Guid(257c6fec5e8646f499594e7f30128215) Importer(815301076,1909f56bfc062723c751e8b465ee728b)
Start importing Assets/Resources/sci-fi-computer-game-ready/source/scifi_computer_1_3.fbx using Guid(257c6fec5e8646f499594e7f30128215) Importer(815301076,1909f56bfc062723c751e8b465ee728b)  -> (artifact id: '8e739b008c9757f00d06b097a94eb4c9') in 0.580629 seconds 
========================================================================
Received Import Request.
  Time since last request: 14.563490 seconds.
  path: Assets/Resources/da-clown-stylizedbustchallenge/Materials
  artifactKey: Guid(e2eff7f2ac3c76548bbe8fb61869befb) Importer(815301076,1909f56bfc062723c751e8b465ee728b)
Start importing Assets/Resources/da-clown-stylizedbustchallenge/Materials using Guid(e2eff7f2ac3c76548bbe8fb61869befb) Importer(815301076,1909f56bfc062723c751e8b465ee728b)  -> (artifact id: '2d7e59b2ca39e2beef5663bc3664eb7b') in 0.003155 seconds 
========================================================================
Received Import Request.
  Time since last request: 0.048072 seconds.
  path: Assets/Resources/da-clown-stylizedbustchallenge/Materials/Da_clown_body_BaseColor.mat
  artifactKey: Guid(b142a50df7efde84daf7b6a75e9812cf) Importer(815301076,1909f56bfc062723c751e8b465ee728b)
Start importing Assets/Resources/da-clown-stylizedbustchallenge/Materials/Da_clown_body_BaseColor.mat using Guid(b142a50df7efde84daf7b6a75e9812cf) Importer(815301076,1909f56bfc062723c751e8b465ee728b)  -> (artifact id: '0923327bdd16a36cebb358fd5eabdefc') in 0.186108 seconds 
========================================================================
Received Import Request.
  Time since last request: 10.919868 seconds.
  path: Assets/Resources/da-clown-stylizedbustchallenge/Materials/New Material.mat
  artifactKey: Guid(1e427c03f9d1fe442b721b21db9b2cfd) Importer(815301076,1909f56bfc062723c751e8b465ee728b)
Start importing Assets/Resources/da-clown-stylizedbustchallenge/Materials/New Material.mat using Guid(1e427c03f9d1fe442b721b21db9b2cfd) Importer(815301076,1909f56bfc062723c751e8b465ee728b)  -> (artifact id: 'f1bc9e116a23a9ddb4680829c353eb59') in 0.026578 seconds 
========================================================================
Received Import Request.
  Time since last request: 30.446604 seconds.
  path: Assets/Resources/sci-fi-barrels-pack/source/New Material.mat
  artifactKey: Guid(83a99c6349cffed4c9468a0abdcd6f42) Importer(815301076,1909f56bfc062723c751e8b465ee728b)
Start importing Assets/Resources/sci-fi-barrels-pack/source/New Material.mat using Guid(83a99c6349cffed4c9468a0abdcd6f42) Importer(815301076,1909f56bfc062723c751e8b465ee728b)  -> (artifact id: '0c917e60c64d2dc06404256d0b42a255') in 0.021589 seconds 
========================================================================
Received Import Request.
  Time since last request: 10.956454 seconds.
  path: Assets/Resources/sci-fi-barrels-pack/textures/barrel_1_bake_diffuse_4k.png
  artifactKey: Guid(10a07fd725c2ee34fbd42a2dd68ada8a) Importer(815301076,1909f56bfc062723c751e8b465ee728b)
Start importing Assets/Resources/sci-fi-barrels-pack/textures/barrel_1_bake_diffuse_4k.png using Guid(10a07fd725c2ee34fbd42a2dd68ada8a) Importer(815301076,1909f56bfc062723c751e8b465ee728b)  -> (artifact id: '511cd2b3ff258a431daecfcd8b86f294') in 0.073395 seconds 
========================================================================
Received Import Request.
  Time since last request: 0.000035 seconds.
  path: Assets/Resources/sci-fi-barrels-pack/textures/barrel_2_bake_diffuse_2k.png
  artifactKey: Guid(9979163fa451caa4f818cf662095166a) Importer(815301076,1909f56bfc062723c751e8b465ee728b)
Start importing Assets/Resources/sci-fi-barrels-pack/textures/barrel_2_bake_diffuse_2k.png using Guid(9979163fa451caa4f818cf662095166a) Importer(815301076,1909f56bfc062723c751e8b465ee728b)  -> (artifact id: '05b35b8520e626456b44d44ee2c18324') in 0.032802 seconds 
========================================================================
Received Import Request.
  Time since last request: 0.000046 seconds.
  path: Assets/Resources/sci-fi-barrels-pack/textures/barrel_2_bake_metalness_2k.png
  artifactKey: Guid(b1cabd239551ffe4297d45c1230c345e) Importer(815301076,1909f56bfc062723c751e8b465ee728b)
Start importing Assets/Resources/sci-fi-barrels-pack/textures/barrel_2_bake_metalness_2k.png using Guid(b1cabd239551ffe4297d45c1230c345e) Importer(815301076,1909f56bfc062723c751e8b465ee728b)  -> (artifact id: 'f9fdf788dc12231fc2f1428bfdc6fef6') in 0.033097 seconds 
========================================================================
Received Import Request.
  Time since last request: 0.000037 seconds.
  path: Assets/Resources/sci-fi-barrels-pack/textures/barrel_3_rough_4k.png
  artifactKey: Guid(ba8f0fc6dbcff384ebf50f0f1a949e1f) Importer(815301076,1909f56bfc062723c751e8b465ee728b)
Start importing Assets/Resources/sci-fi-barrels-pack/textures/barrel_3_rough_4k.png using Guid(ba8f0fc6dbcff384ebf50f0f1a949e1f) Importer(815301076,1909f56bfc062723c751e8b465ee728b)  -> (artifact id: 'a6647fce4e2804ee107268945c2a6e35') in 0.031139 seconds 
========================================================================
Received Import Request.
  Time since last request: 0.000066 seconds.
  path: Assets/Resources/sci-fi-barrels-pack/textures/barrel_3_diffuse_4k.png
  artifactKey: Guid(206cd7e636aab59489f30c1e2044dff8) Importer(815301076,1909f56bfc062723c751e8b465ee728b)
Start importing Assets/Resources/sci-fi-barrels-pack/textures/barrel_3_diffuse_4k.png using Guid(206cd7e636aab59489f30c1e2044dff8) Importer(815301076,1909f56bfc062723c751e8b465ee728b)  -> (artifact id: '609ef1dd0f35473dcaeb2978a705628d') in 0.036614 seconds 
========================================================================
Received Import Request.
  Time since last request: 9.974247 seconds.
  path: Assets/Resources/environment/New Material.mat
  artifactKey: Guid(018af0862c503d84e8e0c114c43eff5e) Importer(815301076,1909f56bfc062723c751e8b465ee728b)
Start importing Assets/Resources/environment/New Material.mat using Guid(018af0862c503d84e8e0c114c43eff5e) Importer(815301076,1909f56bfc062723c751e8b465ee728b)  -> (artifact id: '5ed9731cf2e62092d36d8c10955c7aa8') in 0.026494 seconds 
========================================================================
Received Import Request.
  Time since last request: 8.501947 seconds.
  path: Assets/Resources/sci-fi-barrels-pack/source/New Material.mat
  artifactKey: Guid(83a99c6349cffed4c9468a0abdcd6f42) Importer(815301076,1909f56bfc062723c751e8b465ee728b)
Start importing Assets/Resources/sci-fi-barrels-pack/source/New Material.mat using Guid(83a99c6349cffed4c9468a0abdcd6f42) Importer(815301076,1909f56bfc062723c751e8b465ee728b)  -> (artifact id: '5cb1db755de6c2c53871c207a1230f7c') in 0.025909 seconds 
========================================================================
Received Import Request.
  Time since last request: 26.800799 seconds.
  path: Assets/Resources/sci-fi-barrels-pack/source/New Material 1.mat
  artifactKey: Guid(26036ad1e6b291a4c9cd08eff1babb60) Importer(815301076,1909f56bfc062723c751e8b465ee728b)
Start importing Assets/Resources/sci-fi-barrels-pack/source/New Material 1.mat using Guid(26036ad1e6b291a4c9cd08eff1babb60) Importer(815301076,1909f56bfc062723c751e8b465ee728b)  -> (artifact id: 'd9a1e3b245e83c72d9ddd4b2598d83df') in 0.046534 seconds 
========================================================================
Received Import Request.
  Time since last request: 263.862899 seconds.
  path: Assets/Resources/sci-fi-barrels-pack/source/image_3.png
  artifactKey: Guid(4be7135798bbf6e49969179a8ce0c7fd) Importer(815301076,1909f56bfc062723c751e8b465ee728b)
Start importing Assets/Resources/sci-fi-barrels-pack/source/image_3.png using Guid(4be7135798bbf6e49969179a8ce0c7fd) Importer(815301076,1909f56bfc062723c751e8b465ee728b)  -> (artifact id: '013fc2ab3bd1b10387e4682ac616e2e9') in 0.023904 seconds 
========================================================================
Received Import Request.
  Time since last request: 14.434295 seconds.
  path: Assets/Resources/sci-fi-barrels-pack/source/New Material 1.mat
  artifactKey: Guid(26036ad1e6b291a4c9cd08eff1babb60) Importer(815301076,1909f56bfc062723c751e8b465ee728b)
Start importing Assets/Resources/sci-fi-barrels-pack/source/New Material 1.mat using Guid(26036ad1e6b291a4c9cd08eff1babb60) Importer(815301076,1909f56bfc062723c751e8b465ee728b)  -> (artifact id: '4a4e3ed91c6c215b2a5a7c465c8a9f5a') in 0.025258 seconds 
========================================================================
Received Import Request.
  Time since last request: 0.000047 seconds.
  path: Assets/Resources/sci-fi-barrels-pack/source/New Material.mat
  artifactKey: Guid(83a99c6349cffed4c9468a0abdcd6f42) Importer(815301076,1909f56bfc062723c751e8b465ee728b)
Start importing Assets/Resources/sci-fi-barrels-pack/source/New Material.mat using Guid(83a99c6349cffed4c9468a0abdcd6f42) Importer(815301076,1909f56bfc062723c751e8b465ee728b)  -> (artifact id: '1686544bf4759845aa77d2d52b752be4') in 0.028376 seconds 
========================================================================
Received Import Request.
  Time since last request: 13.100341 seconds.
  path: Assets/Resources/sci-fi-barrels-pack/source/New Material 2.mat
  artifactKey: Guid(b534751396570b1409f9a4d21abbc850) Importer(815301076,1909f56bfc062723c751e8b465ee728b)
Start importing Assets/Resources/sci-fi-barrels-pack/source/New Material 2.mat using Guid(b534751396570b1409f9a4d21abbc850) Importer(815301076,1909f56bfc062723c751e8b465ee728b)  -> (artifact id: '24ba54e399060216495af83ba884c9ae') in 0.025618 seconds 
========================================================================
Received Import Request.
  Time since last request: 229.416984 seconds.
  path: Assets/Resources/sci-fi-barrels-pack/source/New Material 2.mat
  artifactKey: Guid(b534751396570b1409f9a4d21abbc850) Importer(815301076,1909f56bfc062723c751e8b465ee728b)
Start importing Assets/Resources/sci-fi-barrels-pack/source/New Material 2.mat using Guid(b534751396570b1409f9a4d21abbc850) Importer(815301076,1909f56bfc062723c751e8b465ee728b)  -> (artifact id: 'a763ff942a64c699f69ce5d6f6756157') in 0.029812 seconds 
========================================================================
Received Import Request.
  Time since last request: 27.909306 seconds.
  path: Assets/Resources/sci-fi-barrels-pack/source/New Material 3.mat
  artifactKey: Guid(dc4adb403ec55724486ba237df673752) Importer(815301076,1909f56bfc062723c751e8b465ee728b)
Start importing Assets/Resources/sci-fi-barrels-pack/source/New Material 3.mat using Guid(dc4adb403ec55724486ba237df673752) Importer(815301076,1909f56bfc062723c751e8b465ee728b)  -> (artifact id: '8f6d52ebefd26777d186e574182ec9e3') in 0.026241 seconds 
========================================================================
Received Import Request.
  Time since last request: 938.130794 seconds.
  path: Assets/Resources/Dronfile
  artifactKey: Guid(6d787c11f3d7470419483f253b95e5bd) Importer(815301076,1909f56bfc062723c751e8b465ee728b)
Start importing Assets/Resources/Dronfile using Guid(6d787c11f3d7470419483f253b95e5bd) Importer(815301076,1909f56bfc062723c751e8b465ee728b)  -> (artifact id: 'bbe4989954ad41aadd338c9bce8c7dbd') in 0.018032 seconds 
========================================================================
Received Import Request.
  Time since last request: 13.240871 seconds.
  path: Assets/Resources/DiverseSpace/Textures
  artifactKey: Guid(3f2c739eacb20e44fb9b3100206e3040) Importer(815301076,1909f56bfc062723c751e8b465ee728b)
Start importing Assets/Resources/DiverseSpace/Textures using Guid(3f2c739eacb20e44fb9b3100206e3040) Importer(815301076,1909f56bfc062723c751e8b465ee728b)  -> (artifact id: '1af6c743139f8392bd48e6f9d78c9063') in 0.018368 seconds 
========================================================================
Received Import Request.
  Time since last request: 0.060808 seconds.
  path: Assets/Resources/DiverseSpace/Textures/diversespace-back.tif
  artifactKey: Guid(5aaf7cd74552c9440b96748a185216d0) Importer(815301076,1909f56bfc062723c751e8b465ee728b)
Start importing Assets/Resources/DiverseSpace/Textures/diversespace-back.tif using Guid(5aaf7cd74552c9440b96748a185216d0) Importer(815301076,1909f56bfc062723c751e8b465ee728b)  -> (artifact id: '33a0e791f1ef541a7fd6e4958a339363') in 0.106337 seconds 
========================================================================
Received Import Request.
  Time since last request: 0.000045 seconds.
  path: Assets/Resources/DiverseSpace/Textures/diversespace-up.tif
  artifactKey: Guid(bccfe129d6c46dd42a2332a24a0ea3cc) Importer(815301076,1909f56bfc062723c751e8b465ee728b)
Start importing Assets/Resources/DiverseSpace/Textures/diversespace-up.tif using Guid(bccfe129d6c46dd42a2332a24a0ea3cc) Importer(815301076,1909f56bfc062723c751e8b465ee728b)  -> (artifact id: 'd070d62e6d66c83053b7f6e3fbd079e8') in 0.095244 seconds 
========================================================================
Received Import Request.
  Time since last request: 0.000048 seconds.
  path: Assets/Resources/DiverseSpace/Textures/diversespace-right.tif
  artifactKey: Guid(b83ed05e17bb80a4d960bfc607d24c45) Importer(815301076,1909f56bfc062723c751e8b465ee728b)
Start importing Assets/Resources/DiverseSpace/Textures/diversespace-right.tif using Guid(b83ed05e17bb80a4d960bfc607d24c45) Importer(815301076,1909f56bfc062723c751e8b465ee728b)  -> (artifact id: '39116f3e3ae48db30b1b80a611145829') in 0.091847 seconds 
========================================================================
Received Import Request.
  Time since last request: 23.674032 seconds.
  path: Assets/Resources/da-clown-stylizedbustchallenge
  artifactKey: Guid(b669d4d4e3e3d5c448973afe7d9e2f2e) Importer(815301076,1909f56bfc062723c751e8b465ee728b)
Start importing Assets/Resources/da-clown-stylizedbustchallenge using Guid(b669d4d4e3e3d5c448973afe7d9e2f2e) Importer(815301076,1909f56bfc062723c751e8b465ee728b)  -> (artifact id: 'cd70692f7f2f4b3f16a3256b5b50c6e7') in 0.017400 seconds 
========================================================================
Received Import Request.
  Time since last request: 1.839242 seconds.
  path: Assets/Resources/da-clown-stylizedbustchallenge/Materials/New Material.mat
  artifactKey: Guid(1e427c03f9d1fe442b721b21db9b2cfd) Importer(815301076,1909f56bfc062723c751e8b465ee728b)
Start importing Assets/Resources/da-clown-stylizedbustchallenge/Materials/New Material.mat using Guid(1e427c03f9d1fe442b721b21db9b2cfd) Importer(815301076,1909f56bfc062723c751e8b465ee728b)  -> (artifact id: 'f0502117b7d7edb1ed5eec4364acc934') in 0.033071 seconds 
========================================================================
Received Import Request.
  Time since last request: 2.904951 seconds.
  path: Assets/Resources/da-clown-stylizedbustchallenge/source
  artifactKey: Guid(d2c3b2971127976478572989bf6d129b) Importer(815301076,1909f56bfc062723c751e8b465ee728b)
Start importing Assets/Resources/da-clown-stylizedbustchallenge/source using Guid(d2c3b2971127976478572989bf6d129b) Importer(815301076,1909f56bfc062723c751e8b465ee728b)  -> (artifact id: '6d1f50f5018c2ed25ed63a696e214321') in 0.003230 seconds 
========================================================================
Received Import Request.
  Time since last request: 0.041450 seconds.
  path: Assets/Resources/da-clown-stylizedbustchallenge/source/clown.fbx
  artifactKey: Guid(6c5908599d1e9e34ab5fb30c88ba4837) Importer(815301076,1909f56bfc062723c751e8b465ee728b)
Start importing Assets/Resources/da-clown-stylizedbustchallenge/source/clown.fbx using Guid(6c5908599d1e9e34ab5fb30c88ba4837) Importer(815301076,1909f56bfc062723c751e8b465ee728b)  -> (artifact id: 'b1d62ce848145637ec66699686f996a9') in 0.196461 seconds 
========================================================================
Received Import Request.
  Time since last request: 130.900545 seconds.
  path: Assets/Resources/robot-character
  artifactKey: Guid(5f21cc4c17fa8f64f82896eae8a8b356) Importer(815301076,1909f56bfc062723c751e8b465ee728b)
Start importing Assets/Resources/robot-character using Guid(5f21cc4c17fa8f64f82896eae8a8b356) Importer(815301076,1909f56bfc062723c751e8b465ee728b)  -> (artifact id: 'b99958681430fd4918d285e72e058399') in 0.017338 seconds 
========================================================================
Received Import Request.
  Time since last request: 0.786286 seconds.
  path: Assets/Resources/robot-character/Materials
  artifactKey: Guid(d2f21fc6d0a6a0041b9bf83478652314) Importer(815301076,1909f56bfc062723c751e8b465ee728b)
Start importing Assets/Resources/robot-character/Materials using Guid(d2f21fc6d0a6a0041b9bf83478652314) Importer(815301076,1909f56bfc062723c751e8b465ee728b)  -> (artifact id: '85e036446a66e7304cde85096b001270') in 0.003121 seconds 
========================================================================
Received Import Request.
  Time since last request: 0.054634 seconds.
  path: Assets/Resources/robot-character/Materials/align_BaseColor.mat
  artifactKey: Guid(a36a5b226183867419a77c6829b60f1d) Importer(815301076,1909f56bfc062723c751e8b465ee728b)
Start importing Assets/Resources/robot-character/Materials/align_BaseColor.mat using Guid(a36a5b226183867419a77c6829b60f1d) Importer(815301076,1909f56bfc062723c751e8b465ee728b)  -> (artifact id: 'fdf54a04526f998250853d3a436d9f7d') in 0.136221 seconds 
========================================================================
Received Import Request.
  Time since last request: 3.248532 seconds.
  path: Assets/Resources/robot-character/source/LOD_0
  artifactKey: Guid(4511374fe1daea44a9c0b48592a95296) Importer(815301076,1909f56bfc062723c751e8b465ee728b)
Start importing Assets/Resources/robot-character/source/LOD_0 using Guid(4511374fe1daea44a9c0b48592a95296) Importer(815301076,1909f56bfc062723c751e8b465ee728b)  -> (artifact id: 'ee3d752df392204078064572051fd065') in 0.017226 seconds 
========================================================================
Received Import Request.
  Time since last request: 0.032257 seconds.
  path: Assets/Resources/robot-character/source/LOD_0/align_BaseColor.png
  artifactKey: Guid(a817cc758f31be446a3f183787712ab1) Importer(815301076,1909f56bfc062723c751e8b465ee728b)
Start importing Assets/Resources/robot-character/source/LOD_0/align_BaseColor.png using Guid(a817cc758f31be446a3f183787712ab1) Importer(815301076,1909f56bfc062723c751e8b465ee728b)  -> (artifact id: '4c7ad72f45994e00aa88733d847cb008') in 0.051546 seconds 
========================================================================
Received Import Request.
  Time since last request: 0.000051 seconds.
  path: Assets/Resources/robot-character/source/LOD_0/align_Normal.png
  artifactKey: Guid(b9063a3c4d1959d4fa47719494d94382) Importer(815301076,1909f56bfc062723c751e8b465ee728b)
Start importing Assets/Resources/robot-character/source/LOD_0/align_Normal.png using Guid(b9063a3c4d1959d4fa47719494d94382) Importer(815301076,1909f56bfc062723c751e8b465ee728b)  -> (artifact id: '7eb717cc3446a070f21cf371dc0a7f4b') in 0.098442 seconds 
========================================================================
Received Import Request.
  Time since last request: 0.000046 seconds.
  path: Assets/Resources/robot-character/source/LOD_0/LOD_0.obj
  artifactKey: Guid(9f7cc8bf29a0e654288cad78ad7eda4b) Importer(815301076,1909f56bfc062723c751e8b465ee728b)
Start importing Assets/Resources/robot-character/source/LOD_0/LOD_0.obj using Guid(9f7cc8bf29a0e654288cad78ad7eda4b) Importer(815301076,1909f56bfc062723c751e8b465ee728b)  -> (artifact id: '5db69787e60241a5e151a0e97251c238') in 0.124064 seconds 
========================================================================
Received Import Request.
  Time since last request: 0.000066 seconds.
  path: Assets/Resources/robot-character/source/LOD_0/bake_ao.png
  artifactKey: Guid(c33d31017c39d4f4793b19ef726e231a) Importer(815301076,1909f56bfc062723c751e8b465ee728b)
Start importing Assets/Resources/robot-character/source/LOD_0/bake_ao.png using Guid(c33d31017c39d4f4793b19ef726e231a) Importer(815301076,1909f56bfc062723c751e8b465ee728b)  -> (artifact id: 'e6b80d0ab4376688b627b5551855df0b') in 0.082558 seconds 
Editor requested this worker to shutdown with reason: Scaling down because of idle timeout
AssetImportWorker is now disconnected from the server
Process exiting
Exiting without the bug reporter. Application will terminate with return code 0