Using pre-set license
Built from '2021.3/staging' branch; Version is '2021.3.24f1 (cf10dcf7010d) revision 13570268'; Using compiler version '192829333'; Build Type 'Release'
OS: 'Windows 10  (10.0.19045) 64bit Professional' Language: 'ru' Physical Memory: 16283 MB
BatchMode: 1, IsHumanControllingUs: 0, StartBugReporterOnCrash: 0, Is64bit: 1, IsPro: 1

COMMAND LINE ARGUMENTS:
C:\Program Files\Unity\Hub\Editor\2021.3.24f1\Editor\Unity.exe
-adb2
-batchMode
-noUpm
-name
AssetImportWorker13
-projectPath
F:/aravay vay/Cyber-Shift/Cyber-Shift
-logFile
Logs/AssetImportWorker13.log
-srvPort
58307
Successfully changed project path to: F:/aravay vay/Cyber-Shift/Cyber-Shift
F:/aravay vay/Cyber-Shift/Cyber-Shift
[UnityMemory] Configuration Parameters - Can be set up in boot.config
    "memorysetup-bucket-allocator-granularity=16"
    "memorysetup-bucket-allocator-bucket-count=8"
    "memorysetup-bucket-allocator-block-size=33554432"
    "memorysetup-bucket-allocator-block-count=8"
    "memorysetup-main-allocator-block-size=16777216"
    "memorysetup-thread-allocator-block-size=16777216"
    "memorysetup-gfx-main-allocator-block-size=16777216"
    "memorysetup-gfx-thread-allocator-block-size=16777216"
    "memorysetup-cache-allocator-block-size=4194304"
    "memorysetup-typetree-allocator-block-size=2097152"
    "memorysetup-profiler-bucket-allocator-granularity=16"
    "memorysetup-profiler-bucket-allocator-bucket-count=8"
    "memorysetup-profiler-bucket-allocator-block-size=33554432"
    "memorysetup-profiler-bucket-allocator-block-count=8"
    "memorysetup-profiler-allocator-block-size=16777216"
    "memorysetup-profiler-editor-allocator-block-size=1048576"
    "memorysetup-temp-allocator-size-main=16777216"
    "memorysetup-job-temp-allocator-block-size=2097152"
    "memorysetup-job-temp-allocator-block-size-background=1048576"
    "memorysetup-job-temp-allocator-reduction-small-platforms=262144"
    "memorysetup-temp-allocator-size-background-worker=32768"
    "memorysetup-temp-allocator-size-job-worker=262144"
    "memorysetup-temp-allocator-size-preload-manager=33554432"
    "memorysetup-temp-allocator-size-nav-mesh-worker=65536"
    "memorysetup-temp-allocator-size-audio-worker=65536"
    "memorysetup-temp-allocator-size-cloud-worker=32768"
    "memorysetup-temp-allocator-size-gi-baking-worker=262144"
    "memorysetup-temp-allocator-size-gfx=262144"
Player connection [19844] Host "[IP] 26.110.12.76 [Port] 0 [Flags] 2 [Guid] 1849669023 [EditorId] 1849669023 [Version] 1048832 [Id] WindowsEditor(7,DESKTOP-4AU6A7T) [Debug] 1 [PackageName] WindowsEditor [ProjectName] Editor" joined multi-casting on [225.0.0.222:54997]...

Player connection [19844] Host "[IP] 26.110.12.76 [Port] 0 [Flags] 2 [Guid] 1849669023 [EditorId] 1849669023 [Version] 1048832 [Id] WindowsEditor(7,DESKTOP-4AU6A7T) [Debug] 1 [PackageName] WindowsEditor [ProjectName] Editor" joined alternative multi-casting on [225.0.0.222:34997]...

Refreshing native plugins compatible for Editor in 326.00 ms, found 5 plugins.
Preloading 0 native plugins for Editor in 0.00 ms.
Initialize engine version: 2021.3.24f1 (cf10dcf7010d)
[Subsystems] Discovering subsystems at path C:/Program Files/Unity/Hub/Editor/2021.3.24f1/Editor/Data/Resources/UnitySubsystems
[Subsystems] Discovering subsystems at path F:/aravay vay/Cyber-Shift/Cyber-Shift/Assets
GfxDevice: creating device client; threaded=0; jobified=0
Direct3D:
    Version:  Direct3D 11.0 [level 11.1]
    Renderer: NVIDIA GeForce GTX 1050 Ti (ID=0x1c82)
    Vendor:   NVIDIA
    VRAM:     4004 MB
    Driver:   32.0.15.6614
Initialize mono
Mono path[0] = 'C:/Program Files/Unity/Hub/Editor/2021.3.24f1/Editor/Data/Managed'
Mono path[1] = 'C:/Program Files/Unity/Hub/Editor/2021.3.24f1/Editor/Data/MonoBleedingEdge/lib/mono/unityjit-win32'
Mono config path = 'C:/Program Files/Unity/Hub/Editor/2021.3.24f1/Editor/Data/MonoBleedingEdge/etc'
Using monoOptions --debugger-agent=transport=dt_socket,embedding=1,server=y,suspend=n,address=127.0.0.1:56164
Begin MonoManager ReloadAssembly
Registering precompiled unity dll's ...
Register platform support module: C:/Program Files/Unity/Hub/Editor/2021.3.24f1/Editor/Data/PlaybackEngines/WindowsStandaloneSupport/UnityEditor.WindowsStandalone.Extensions.dll
Registered in 0.018947 seconds.
Native extension for WindowsStandalone target not found
Refreshing native plugins compatible for Editor in 293.96 ms, found 5 plugins.
Preloading 0 native plugins for Editor in 0.00 ms.
Mono: successfully reloaded assembly
- Completed reload, in  1.538 seconds
Domain Reload Profiling:
	ReloadAssembly (1539ms)
		BeginReloadAssembly (198ms)
			ExecutionOrderSort (0ms)
			DisableScriptedObjects (0ms)
			BackupInstance (0ms)
			ReleaseScriptingObjects (0ms)
			CreateAndSetChildDomain (1ms)
		EndReloadAssembly (1105ms)
			LoadAssemblies (192ms)
			RebuildTransferFunctionScriptingTraits (0ms)
			SetupTypeCache (243ms)
			ReleaseScriptCaches (0ms)
			RebuildScriptCaches (57ms)
			SetupLoadedEditorAssemblies (703ms)
				LogAssemblyErrors (0ms)
				InitializePlatformSupportModulesInManaged (30ms)
				SetLoadedEditorAssemblies (0ms)
				RefreshPlugins (294ms)
				BeforeProcessingInitializeOnLoad (2ms)
				ProcessInitializeOnLoadAttributes (278ms)
				ProcessInitializeOnLoadMethodAttributes (97ms)
				AfterProcessingInitializeOnLoad (0ms)
				EditorAssembliesLoaded (0ms)
			ExecutionOrderSort2 (0ms)
			AwakeInstancesAfterBackupRestoration (0ms)
Platform modules already initialized, skipping
Registering precompiled user dll's ...
Registered in 0.012209 seconds.
Begin MonoManager ReloadAssembly
Symbol file LoadedFromMemory doesn't match image F:\aravay vay\Cyber-Shift\Cyber-Shift\Library\PackageCache\com.unity.visualscripting@1.8.0\Editor\VisualScripting.Core\Dependencies\YamlDotNet\Unity.VisualScripting.YamlDotNet.dll
Symbol file LoadedFromMemory doesn't match image F:\aravay vay\Cyber-Shift\Cyber-Shift\Library\PackageCache\com.unity.visualscripting@1.8.0\Editor\VisualScripting.Core\Dependencies\DotNetZip\Unity.VisualScripting.IonicZip.dll
Native extension for WindowsStandalone target not found
Refreshing native plugins compatible for Editor in 269.73 ms, found 5 plugins.
Preloading 0 native plugins for Editor in 0.00 ms.
Mono: successfully reloaded assembly
- Completed reload, in  3.167 seconds
Domain Reload Profiling:
	ReloadAssembly (3168ms)
		BeginReloadAssembly (347ms)
			ExecutionOrderSort (0ms)
			DisableScriptedObjects (11ms)
			BackupInstance (0ms)
			ReleaseScriptingObjects (0ms)
			CreateAndSetChildDomain (116ms)
		EndReloadAssembly (2584ms)
			LoadAssemblies (238ms)
			RebuildTransferFunctionScriptingTraits (0ms)
			SetupTypeCache (841ms)
			ReleaseScriptCaches (1ms)
			RebuildScriptCaches (205ms)
			SetupLoadedEditorAssemblies (1251ms)
				LogAssemblyErrors (0ms)
				InitializePlatformSupportModulesInManaged (11ms)
				SetLoadedEditorAssemblies (0ms)
				RefreshPlugins (270ms)
				BeforeProcessingInitializeOnLoad (276ms)
				ProcessInitializeOnLoadAttributes (496ms)
				ProcessInitializeOnLoadMethodAttributes (177ms)
				AfterProcessingInitializeOnLoad (20ms)
				EditorAssembliesLoaded (0ms)
			ExecutionOrderSort2 (0ms)
			AwakeInstancesAfterBackupRestoration (11ms)
Platform modules already initialized, skipping
========================================================================
Worker process is ready to serve import requests
Launched and connected shader compiler UnityShaderCompiler.exe after 0.09 seconds
Refreshing native plugins compatible for Editor in 2.51 ms, found 5 plugins.
Preloading 0 native plugins for Editor in 0.00 ms.
Unloading 6361 Unused Serialized files (Serialized files now loaded: 0)
Unloading 56 unused Assets / (2.3 MB). Loaded Objects now: 6815.
Memory consumption went from 264.1 MB to 261.8 MB.
Total: 6.712500 ms (FindLiveObjects: 0.734700 ms CreateObjectMapping: 0.404700 ms MarkObjects: 4.775200 ms  DeleteObjects: 0.796300 ms)

AssetImportParameters requested are different than current active one (requested -> active):
  custom:video-decoder-ogg-theora: a1e56fd34408186e4bbccfd4996cb3dc -> 
  custom:container-muxer-webm: aa71ff27fc2769a1b78a27578f13a17b -> 
  custom:container-demuxer-webm: 4f35f7cbe854078d1ac9338744f61a02 -> 
  custom:video-encoder-webm-vp8: eb34c28f22e8b96e1ab97ce403110664 -> 
  custom:audio-encoder-webm-vorbis: bf7c407c2cedff20999df2af8eb42d56 -> 
  custom:framework-win-MediaFoundation: 216162199b28c13a410421893ffa2e32 -> 
  custom:container-demuxer-ogg: 62fdf1f143b41e24485cea50d1cbac27 -> 
  custom:video-decoder-webm-vp8: 9c59270c3fd7afecdb556c50c9e8de78 -> 
  custom:audio-decoder-ogg-vorbis: bf7c407c2cedff20999df2af8eb42d56 -> 
========================================================================
Received Import Request.
  Time since last request: 34457.749721 seconds.
  path: Assets/Resources/dumpsters-and-trash/Materials/papers_BaseColor.mat
  artifactKey: Guid(81f7f2031a07456449a83c5a8019b035) Importer(815301076,1909f56bfc062723c751e8b465ee728b)
Start importing Assets/Resources/dumpsters-and-trash/Materials/papers_BaseColor.mat using Guid(81f7f2031a07456449a83c5a8019b035) Importer(815301076,1909f56bfc062723c751e8b465ee728b)  -> (artifact id: 'd26e39097dad59dd14b24440ba4c807f') in 0.522059 seconds 
========================================================================
Received Import Request.
  Time since last request: 16.492032 seconds.
  path: Assets/Resources/sci-fi-props-pack/Materials/ElectricPanel_ORM.TGA.mat
  artifactKey: Guid(2564eb506838cd14ab5f05ad50b65c6b) Importer(815301076,1909f56bfc062723c751e8b465ee728b)
Start importing Assets/Resources/sci-fi-props-pack/Materials/ElectricPanel_ORM.TGA.mat using Guid(2564eb506838cd14ab5f05ad50b65c6b) Importer(815301076,1909f56bfc062723c751e8b465ee728b)  -> (artifact id: 'a86afd861cd7532129531b53e11a8655') in 0.044438 seconds 
========================================================================
Received Import Request.
  Time since last request: 0.000048 seconds.
  path: Assets/Resources/sci-fi-props-pack/Materials/Prop_Tuberia2_D.TGA.mat
  artifactKey: Guid(b4b8da9476cfc5e40b6a31eebc8d2f0e) Importer(815301076,1909f56bfc062723c751e8b465ee728b)
Start importing Assets/Resources/sci-fi-props-pack/Materials/Prop_Tuberia2_D.TGA.mat using Guid(b4b8da9476cfc5e40b6a31eebc8d2f0e) Importer(815301076,1909f56bfc062723c751e8b465ee728b)  -> (artifact id: '84e1c2aa6d940bb4d3bf8b4e0daba802') in 0.033016 seconds 
========================================================================
Received Import Request.
  Time since last request: 0.000042 seconds.
  path: Assets/Resources/sci-fi-props-pack/Materials/Prop_Tuberia1_D.TGA.mat
  artifactKey: Guid(90bd161cc157b5148b8b2f2acdb0b68f) Importer(815301076,1909f56bfc062723c751e8b465ee728b)
Start importing Assets/Resources/sci-fi-props-pack/Materials/Prop_Tuberia1_D.TGA.mat using Guid(90bd161cc157b5148b8b2f2acdb0b68f) Importer(815301076,1909f56bfc062723c751e8b465ee728b)  -> (artifact id: 'e18f0d16bd58dcbe56e323867aba631c') in 0.031063 seconds 
========================================================================
Received Import Request.
  Time since last request: 0.000050 seconds.
  path: Assets/Resources/sci-fi-props-pack/Materials/Prop_Tuberia3_D.TGA.mat
  artifactKey: Guid(ee0ae93715295bd458e79eb2a0b5c5ab) Importer(815301076,1909f56bfc062723c751e8b465ee728b)
Start importing Assets/Resources/sci-fi-props-pack/Materials/Prop_Tuberia3_D.TGA.mat using Guid(ee0ae93715295bd458e79eb2a0b5c5ab) Importer(815301076,1909f56bfc062723c751e8b465ee728b)  -> (artifact id: '2605a0069e4aab339d02311d78f4efa6') in 0.030210 seconds 
========================================================================
Received Import Request.
  Time since last request: 0.000037 seconds.
  path: Assets/Resources/sci-fi-props-pack/Materials/skecht_MATIN_Caja_11_BaseColor.mat
  artifactKey: Guid(f71875fd91a399d40ae7da460fce0d0e) Importer(815301076,1909f56bfc062723c751e8b465ee728b)
Start importing Assets/Resources/sci-fi-props-pack/Materials/skecht_MATIN_Caja_11_BaseColor.mat using Guid(f71875fd91a399d40ae7da460fce0d0e) Importer(815301076,1909f56bfc062723c751e8b465ee728b)  -> (artifact id: 'c1430ce137df67604e7785ce86e2b788') in 0.033902 seconds 
========================================================================
Received Import Request.
  Time since last request: 0.000059 seconds.
  path: Assets/Resources/sci-fi-props-pack/Materials/Tablet_Low_DefaultMaterial_Normal.TGA.mat
  artifactKey: Guid(f7888a364b512954d8cb9ba3dcd56299) Importer(815301076,1909f56bfc062723c751e8b465ee728b)
Start importing Assets/Resources/sci-fi-props-pack/Materials/Tablet_Low_DefaultMaterial_Normal.TGA.mat using Guid(f7888a364b512954d8cb9ba3dcd56299) Importer(815301076,1909f56bfc062723c751e8b465ee728b)  -> (artifact id: '7893b6c170fea294a75a526799ca9417') in 0.027529 seconds 
========================================================================
Received Import Request.
  Time since last request: 0.000039 seconds.
  path: Assets/Resources/sci-fi-props-pack/Materials/Prop_Light_D.TGA.mat
  artifactKey: Guid(e5c1764cc974e9241b47539c9a8bde63) Importer(815301076,1909f56bfc062723c751e8b465ee728b)
Start importing Assets/Resources/sci-fi-props-pack/Materials/Prop_Light_D.TGA.mat using Guid(e5c1764cc974e9241b47539c9a8bde63) Importer(815301076,1909f56bfc062723c751e8b465ee728b)  -> (artifact id: '8cd5d799a67bd7984fc1d5b50acfaead') in 0.029654 seconds 
========================================================================
Received Import Request.
  Time since last request: 49.196202 seconds.
  path: Assets/Resources/da-clown-stylizedbustchallenge/Materials/Da_clown_hair_BaseColor.mat
  artifactKey: Guid(7ca91f95acd1ff64787d7177d81713f1) Importer(815301076,1909f56bfc062723c751e8b465ee728b)
Start importing Assets/Resources/da-clown-stylizedbustchallenge/Materials/Da_clown_hair_BaseColor.mat using Guid(7ca91f95acd1ff64787d7177d81713f1) Importer(815301076,1909f56bfc062723c751e8b465ee728b)  -> (artifact id: '6e8716a9fbb6fa2c8816e7878d1c8320') in 0.221710 seconds 
========================================================================
Received Import Request.
  Time since last request: 52.349969 seconds.
  path: Assets/Resources/sci-fi-barrels-pack/textures/barrel_1_bake_metal_4k.png
  artifactKey: Guid(e5fedf2e5df2f904cb9fb8f45268c395) Importer(815301076,1909f56bfc062723c751e8b465ee728b)
Start importing Assets/Resources/sci-fi-barrels-pack/textures/barrel_1_bake_metal_4k.png using Guid(e5fedf2e5df2f904cb9fb8f45268c395) Importer(815301076,1909f56bfc062723c751e8b465ee728b)  -> (artifact id: '645742250071aa85395fbf96bfb88363') in 0.071633 seconds 
========================================================================
Received Import Request.
  Time since last request: 0.000043 seconds.
  path: Assets/Resources/sci-fi-barrels-pack/textures/barrel_3_metal_4k.png
  artifactKey: Guid(dbeac96e3e2bf264eafc831c89701b2a) Importer(815301076,1909f56bfc062723c751e8b465ee728b)
Start importing Assets/Resources/sci-fi-barrels-pack/textures/barrel_3_metal_4k.png using Guid(dbeac96e3e2bf264eafc831c89701b2a) Importer(815301076,1909f56bfc062723c751e8b465ee728b)  -> (artifact id: '09b4ba6b244f7ca0ee1c2fec5c1906be') in 0.033844 seconds 
========================================================================
Received Import Request.
  Time since last request: 0.000028 seconds.
  path: Assets/Resources/sci-fi-barrels-pack/textures/barrel_1_bake_normal_4k.png
  artifactKey: Guid(e486a41e7bd1a3c4c914b58785076a84) Importer(815301076,1909f56bfc062723c751e8b465ee728b)
Start importing Assets/Resources/sci-fi-barrels-pack/textures/barrel_1_bake_normal_4k.png using Guid(e486a41e7bd1a3c4c914b58785076a84) Importer(815301076,1909f56bfc062723c751e8b465ee728b)  -> (artifact id: 'f0d8c6240db6ab4d254a6843c301b838') in 0.034589 seconds 
========================================================================
Received Import Request.
  Time since last request: 0.000063 seconds.
  path: Assets/Resources/sci-fi-barrels-pack/textures/internal_ground_ao_texture.jpeg
  artifactKey: Guid(da7c7ab52c081634684ee1cccab323c7) Importer(815301076,1909f56bfc062723c751e8b465ee728b)
Start importing Assets/Resources/sci-fi-barrels-pack/textures/internal_ground_ao_texture.jpeg using Guid(da7c7ab52c081634684ee1cccab323c7) Importer(815301076,1909f56bfc062723c751e8b465ee728b)  -> (artifact id: 'ec09a4f081a7dcf31c509f2f3e872397') in 0.034745 seconds 
Editor requested this worker to shutdown with reason: Scaling down because of idle timeout
AssetImportWorker is now disconnected from the server
Process exiting
Exiting without the bug reporter. Application will terminate with return code 0