Using pre-set license
Built from '2021.3/staging' branch; Version is '2021.3.24f1 (cf10dcf7010d) revision 13570268'; Using compiler version '192829333'; Build Type 'Release'
OS: 'Windows 10  (10.0.19045) 64bit Professional' Language: 'ru' Physical Memory: 32581 MB
BatchMode: 1, IsHumanControllingUs: 0, StartBugReporterOnCrash: 0, Is64bit: 1, IsPro: 1

COMMAND LINE ARGUMENTS:
D:\Other\Unity\2021.3.24f1\Editor\Unity.exe
-adb2
-batchMode
-noUpm
-name
AssetImportWorker6
-projectPath
C:/Users/User/Documents/GitHub/Cyber-Shift/Cyber-Shift
-logFile
Logs/AssetImportWorker6.log
-srvPort
55977
Successfully changed project path to: C:/Users/User/Documents/GitHub/Cyber-Shift/Cyber-Shift
C:/Users/User/Documents/GitHub/Cyber-Shift/Cyber-Shift
[UnityMemory] Configuration Parameters - Can be set up in boot.config
    "memorysetup-bucket-allocator-granularity=16"
    "memorysetup-bucket-allocator-bucket-count=8"
    "memorysetup-bucket-allocator-block-size=33554432"
    "memorysetup-bucket-allocator-block-count=8"
    "memorysetup-main-allocator-block-size=16777216"
    "memorysetup-thread-allocator-block-size=16777216"
    "memorysetup-gfx-main-allocator-block-size=16777216"
    "memorysetup-gfx-thread-allocator-block-size=16777216"
    "memorysetup-cache-allocator-block-size=4194304"
    "memorysetup-typetree-allocator-block-size=2097152"
    "memorysetup-profiler-bucket-allocator-granularity=16"
    "memorysetup-profiler-bucket-allocator-bucket-count=8"
    "memorysetup-profiler-bucket-allocator-block-size=33554432"
    "memorysetup-profiler-bucket-allocator-block-count=8"
    "memorysetup-profiler-allocator-block-size=16777216"
    "memorysetup-profiler-editor-allocator-block-size=1048576"
    "memorysetup-temp-allocator-size-main=16777216"
    "memorysetup-job-temp-allocator-block-size=2097152"
    "memorysetup-job-temp-allocator-block-size-background=1048576"
    "memorysetup-job-temp-allocator-reduction-small-platforms=262144"
    "memorysetup-temp-allocator-size-background-worker=32768"
    "memorysetup-temp-allocator-size-job-worker=262144"
    "memorysetup-temp-allocator-size-preload-manager=33554432"
    "memorysetup-temp-allocator-size-nav-mesh-worker=65536"
    "memorysetup-temp-allocator-size-audio-worker=65536"
    "memorysetup-temp-allocator-size-cloud-worker=32768"
    "memorysetup-temp-allocator-size-gi-baking-worker=262144"
    "memorysetup-temp-allocator-size-gfx=262144"
Player connection [24100] Host "[IP] 192.168.0.109 [Port] 0 [Flags] 2 [Guid] 3855684272 [EditorId] 3855684272 [Version] 1048832 [Id] WindowsEditor(7,User-PC) [Debug] 1 [PackageName] WindowsEditor [ProjectName] Editor" joined multi-casting on [225.0.0.222:54997]...

Player connection [24100] Host "[IP] 192.168.0.109 [Port] 0 [Flags] 2 [Guid] 3855684272 [EditorId] 3855684272 [Version] 1048832 [Id] WindowsEditor(7,User-PC) [Debug] 1 [PackageName] WindowsEditor [ProjectName] Editor" joined alternative multi-casting on [225.0.0.222:34997]...

Refreshing native plugins compatible for Editor in 177.28 ms, found 5 plugins.
Preloading 0 native plugins for Editor in 0.00 ms.
Initialize engine version: 2021.3.24f1 (cf10dcf7010d)
[Subsystems] Discovering subsystems at path D:/Other/Unity/2021.3.24f1/Editor/Data/Resources/UnitySubsystems
[Subsystems] Discovering subsystems at path C:/Users/User/Documents/GitHub/Cyber-Shift/Cyber-Shift/Assets
GfxDevice: creating device client; threaded=0; jobified=0
Direct3D:
    Version:  Direct3D 11.0 [level 11.1]
    Renderer: NVIDIA GeForce RTX 3060 (ID=0x2504)
    Vendor:   NVIDIA
    VRAM:     12115 MB
    Driver:   32.0.15.7283
Initialize mono
Mono path[0] = 'D:/Other/Unity/2021.3.24f1/Editor/Data/Managed'
Mono path[1] = 'D:/Other/Unity/2021.3.24f1/Editor/Data/MonoBleedingEdge/lib/mono/unityjit-win32'
Mono config path = 'D:/Other/Unity/2021.3.24f1/Editor/Data/MonoBleedingEdge/etc'
Using monoOptions --debugger-agent=transport=dt_socket,embedding=1,server=y,suspend=n,address=127.0.0.1:56428
Begin MonoManager ReloadAssembly
Registering precompiled unity dll's ...
Register platform support module: D:/Other/Unity/2021.3.24f1/Editor/Data/PlaybackEngines/AndroidPlayer/UnityEditor.Android.Extensions.dll
Register platform support module: D:/Other/Unity/2021.3.24f1/Editor/Data/PlaybackEngines/WindowsStandaloneSupport/UnityEditor.WindowsStandalone.Extensions.dll
Registered in 0.004495 seconds.
Native extension for WindowsStandalone target not found
Native extension for Android target not found
Android Extension - Scanning For ADB Devices 306 ms
Refreshing native plugins compatible for Editor in 177.79 ms, found 5 plugins.
Preloading 0 native plugins for Editor in 0.00 ms.
Mono: successfully reloaded assembly
- Completed reload, in  1.203 seconds
Domain Reload Profiling:
	ReloadAssembly (1203ms)
		BeginReloadAssembly (117ms)
			ExecutionOrderSort (0ms)
			DisableScriptedObjects (0ms)
			BackupInstance (0ms)
			ReleaseScriptingObjects (0ms)
			CreateAndSetChildDomain (1ms)
		EndReloadAssembly (980ms)
			LoadAssemblies (117ms)
			RebuildTransferFunctionScriptingTraits (0ms)
			SetupTypeCache (125ms)
			ReleaseScriptCaches (0ms)
			RebuildScriptCaches (40ms)
			SetupLoadedEditorAssemblies (753ms)
				LogAssemblyErrors (0ms)
				InitializePlatformSupportModulesInManaged (404ms)
				SetLoadedEditorAssemblies (0ms)
				RefreshPlugins (178ms)
				BeforeProcessingInitializeOnLoad (2ms)
				ProcessInitializeOnLoadAttributes (114ms)
				ProcessInitializeOnLoadMethodAttributes (55ms)
				AfterProcessingInitializeOnLoad (0ms)
				EditorAssembliesLoaded (0ms)
			ExecutionOrderSort2 (0ms)
			AwakeInstancesAfterBackupRestoration (0ms)
Platform modules already initialized, skipping
Registering precompiled user dll's ...
Registered in 0.012429 seconds.
Begin MonoManager ReloadAssembly
Symbol file LoadedFromMemory doesn't match image C:\Users\User\Documents\GitHub\Cyber-Shift\Cyber-Shift\Library\PackageCache\com.unity.visualscripting@1.8.0\Editor\VisualScripting.Core\Dependencies\YamlDotNet\Unity.VisualScripting.YamlDotNet.dll
Symbol file LoadedFromMemory doesn't match image C:\Users\User\Documents\GitHub\Cyber-Shift\Cyber-Shift\Library\PackageCache\com.unity.visualscripting@1.8.0\Editor\VisualScripting.Core\Dependencies\DotNetZip\Unity.VisualScripting.IonicZip.dll
Native extension for WindowsStandalone target not found
Native extension for Android target not found
Refreshing native plugins compatible for Editor in 176.01 ms, found 5 plugins.
Preloading 0 native plugins for Editor in 0.00 ms.
Mono: successfully reloaded assembly
- Completed reload, in  8.568 seconds
Domain Reload Profiling:
	ReloadAssembly (8570ms)
		BeginReloadAssembly (166ms)
			ExecutionOrderSort (0ms)
			DisableScriptedObjects (7ms)
			BackupInstance (0ms)
			ReleaseScriptingObjects (0ms)
			CreateAndSetChildDomain (22ms)
		EndReloadAssembly (8279ms)
			LoadAssemblies (6176ms)
			RebuildTransferFunctionScriptingTraits (0ms)
			SetupTypeCache (1035ms)
			ReleaseScriptCaches (1ms)
			RebuildScriptCaches (144ms)
			SetupLoadedEditorAssemblies (857ms)
				LogAssemblyErrors (0ms)
				InitializePlatformSupportModulesInManaged (19ms)
				SetLoadedEditorAssemblies (0ms)
				RefreshPlugins (176ms)
				BeforeProcessingInitializeOnLoad (203ms)
				ProcessInitializeOnLoadAttributes (336ms)
				ProcessInitializeOnLoadMethodAttributes (118ms)
				AfterProcessingInitializeOnLoad (4ms)
				EditorAssembliesLoaded (0ms)
			ExecutionOrderSort2 (0ms)
			AwakeInstancesAfterBackupRestoration (8ms)
Platform modules already initialized, skipping
========================================================================
Worker process is ready to serve import requests
Launched and connected shader compiler UnityShaderCompiler.exe after 0.13 seconds
Refreshing native plugins compatible for Editor in 1.32 ms, found 5 plugins.
Preloading 0 native plugins for Editor in 0.00 ms.
Unloading 6421 Unused Serialized files (Serialized files now loaded: 0)
Unloading 57 unused Assets / (2.3 MB). Loaded Objects now: 6900.
Memory consumption went from 279.0 MB to 276.7 MB.
Total: 5.220800 ms (FindLiveObjects: 0.888500 ms CreateObjectMapping: 0.352200 ms MarkObjects: 3.477500 ms  DeleteObjects: 0.501100 ms)

AssetImportParameters requested are different than current active one (requested -> active):
  custom:video-decoder-ogg-theora: a1e56fd34408186e4bbccfd4996cb3dc -> 
  custom:container-muxer-webm: aa71ff27fc2769a1b78a27578f13a17b -> 
  custom:container-demuxer-webm: 4f35f7cbe854078d1ac9338744f61a02 -> 
  custom:video-encoder-webm-vp8: eb34c28f22e8b96e1ab97ce403110664 -> 
  custom:audio-encoder-webm-vorbis: bf7c407c2cedff20999df2af8eb42d56 -> 
  custom:framework-win-MediaFoundation: 216162199b28c13a410421893ffa2e32 -> 
  custom:container-demuxer-ogg: 62fdf1f143b41e24485cea50d1cbac27 -> 
  custom:video-decoder-webm-vp8: 9c59270c3fd7afecdb556c50c9e8de78 -> 
  custom:audio-decoder-ogg-vorbis: bf7c407c2cedff20999df2af8eb42d56 -> 
========================================================================
Received Import Request.
  Time since last request: 1221481.043183 seconds.
  path: Assets/Texture/DevTex/Materials/Dev_matte_blue.mat
  artifactKey: Guid(e4ffd19d4d133124ba599827254956f6) Importer(815301076,1909f56bfc062723c751e8b465ee728b)
Start importing Assets/Texture/DevTex/Materials/Dev_matte_blue.mat using Guid(e4ffd19d4d133124ba599827254956f6) Importer(815301076,1909f56bfc062723c751e8b465ee728b)  -> (artifact id: 'eb8b30adbc4ea810b538cccf1c1e8dbf') in 0.360336 seconds 
========================================================================
Received Import Request.
  Time since last request: 0.000046 seconds.
  path: Assets/Texture/DevTex/Materials/Dev_trigger_handler.mat
  artifactKey: Guid(9d8b07e0deeca5b46a5cd834c00a3dc0) Importer(815301076,1909f56bfc062723c751e8b465ee728b)
Start importing Assets/Texture/DevTex/Materials/Dev_trigger_handler.mat using Guid(9d8b07e0deeca5b46a5cd834c00a3dc0) Importer(815301076,1909f56bfc062723c751e8b465ee728b)  -> (artifact id: '5de3e8c260aaafbc8aa4ee1c3bf47621') in 0.042380 seconds 
========================================================================
Received Import Request.
  Time since last request: 0.000038 seconds.
  path: Assets/Texture/DevTex/Materials/Dev_matte_purple.mat
  artifactKey: Guid(883e689dfa4847941bce434d7db80613) Importer(815301076,1909f56bfc062723c751e8b465ee728b)
Start importing Assets/Texture/DevTex/Materials/Dev_matte_purple.mat using Guid(883e689dfa4847941bce434d7db80613) Importer(815301076,1909f56bfc062723c751e8b465ee728b)  -> (artifact id: '8d5f4d40523015fc2ec14afd9999fe48') in 0.018649 seconds 
========================================================================
Received Import Request.
  Time since last request: 0.000023 seconds.
  path: Assets/Texture/DevTex/Materials/Dev_zone_skybox.mat
  artifactKey: Guid(59529c7de0e16c5469547b1349ffc77d) Importer(815301076,1909f56bfc062723c751e8b465ee728b)
Start importing Assets/Texture/DevTex/Materials/Dev_zone_skybox.mat using Guid(59529c7de0e16c5469547b1349ffc77d) Importer(815301076,1909f56bfc062723c751e8b465ee728b)  -> (artifact id: 'e76456fb29e036e2f9890e529f0f2feb') in 0.017972 seconds 
========================================================================
Received Import Request.
  Time since last request: 0.000027 seconds.
  path: Assets/Texture/DevTex/Materials/Dev_zone_norender.mat
  artifactKey: Guid(a4e6755c062b9594ebdd9e12833cd8b7) Importer(815301076,1909f56bfc062723c751e8b465ee728b)
Start importing Assets/Texture/DevTex/Materials/Dev_zone_norender.mat using Guid(a4e6755c062b9594ebdd9e12833cd8b7) Importer(815301076,1909f56bfc062723c751e8b465ee728b)  -> (artifact id: '498e904e0ef8b97d564e7f5ea69e920b') in 0.016894 seconds 
========================================================================
Received Import Request.
  Time since last request: 0.000027 seconds.
  path: Assets/Texture/DevTex/Materials/Dev_metallic_black.mat
  artifactKey: Guid(ae497869dfdc1084f826de4aeacb8e85) Importer(815301076,1909f56bfc062723c751e8b465ee728b)
Start importing Assets/Texture/DevTex/Materials/Dev_metallic_black.mat using Guid(ae497869dfdc1084f826de4aeacb8e85) Importer(815301076,1909f56bfc062723c751e8b465ee728b)  -> (artifact id: '41959689b58c69ada0a3b3d59eb9a6e2') in 0.033428 seconds 
========================================================================
Received Import Request.
  Time since last request: 0.000023 seconds.
  path: Assets/Texture/DevTex/Materials/Dev_metallic_orange.mat
  artifactKey: Guid(8f61ba43f62e6524cba5e48f0913e4e2) Importer(815301076,1909f56bfc062723c751e8b465ee728b)
Start importing Assets/Texture/DevTex/Materials/Dev_metallic_orange.mat using Guid(8f61ba43f62e6524cba5e48f0913e4e2) Importer(815301076,1909f56bfc062723c751e8b465ee728b)  -> (artifact id: '4c065af555e24fb23925b35ce7220522') in 0.013196 seconds 
========================================================================
Received Import Request.
  Time since last request: 0.000022 seconds.
  path: Assets/Texture/DevTex/Materials/Dev_metallic_grey75.mat
  artifactKey: Guid(da87d1f361784a4419e8f285a9f43652) Importer(815301076,1909f56bfc062723c751e8b465ee728b)
Start importing Assets/Texture/DevTex/Materials/Dev_metallic_grey75.mat using Guid(da87d1f361784a4419e8f285a9f43652) Importer(815301076,1909f56bfc062723c751e8b465ee728b)  -> (artifact id: 'e409c6f86ad8eaf9e335a0a1bb794818') in 0.013340 seconds 
========================================================================
Received Import Request.
  Time since last request: 0.000021 seconds.
  path: Assets/Texture/DevTex/Materials/Dev_metallic_grey.mat
  artifactKey: Guid(c71fdd3d28686304fa050821f4f023bd) Importer(815301076,1909f56bfc062723c751e8b465ee728b)
Start importing Assets/Texture/DevTex/Materials/Dev_metallic_grey.mat using Guid(c71fdd3d28686304fa050821f4f023bd) Importer(815301076,1909f56bfc062723c751e8b465ee728b)  -> (artifact id: '3ac873233ac4a1c39ab784cac5733911') in 0.014434 seconds 
========================================================================
Received Import Request.
  Time since last request: 39.490438 seconds.
  path: Assets/Texture/DevTex/Textures/Collide_Handler.png
  artifactKey: Guid(cfd85ceaefb8600438a4aeb6589031ce) Importer(815301076,1909f56bfc062723c751e8b465ee728b)
Start importing Assets/Texture/DevTex/Textures/Collide_Handler.png using Guid(cfd85ceaefb8600438a4aeb6589031ce) Importer(815301076,1909f56bfc062723c751e8b465ee728b)  -> (artifact id: '37586816ed5650873291edec510f7e6e') in 0.074295 seconds 
========================================================================
Received Import Request.
  Time since last request: 0.000027 seconds.
  path: Assets/Texture/DevTex/Textures/Small_Audio.png
  artifactKey: Guid(0f81f560420ee5643a5b9a974717975f) Importer(815301076,1909f56bfc062723c751e8b465ee728b)
Start importing Assets/Texture/DevTex/Textures/Small_Audio.png using Guid(0f81f560420ee5643a5b9a974717975f) Importer(815301076,1909f56bfc062723c751e8b465ee728b)  -> (artifact id: '3d8106acda309ff1cc963544529a278d') in 0.018114 seconds 
========================================================================
Received Import Request.
  Time since last request: 0.000028 seconds.
  path: Assets/Texture/DevTex/Textures/Small_way.png
  artifactKey: Guid(8c206ac34833eed4f8c6ff447fd23840) Importer(815301076,1909f56bfc062723c751e8b465ee728b)
Start importing Assets/Texture/DevTex/Textures/Small_way.png using Guid(8c206ac34833eed4f8c6ff447fd23840) Importer(815301076,1909f56bfc062723c751e8b465ee728b)  -> (artifact id: '7bdd8d9ac785c3487b2ca7de52630ba6') in 0.016090 seconds 
========================================================================
Received Import Request.
  Time since last request: 0.000047 seconds.
  path: Assets/Texture/DevTex/Textures/Prefab_orange.png
  artifactKey: Guid(b4378bd152ed6824a90c459d6b625a2d) Importer(815301076,1909f56bfc062723c751e8b465ee728b)
Start importing Assets/Texture/DevTex/Textures/Prefab_orange.png using Guid(b4378bd152ed6824a90c459d6b625a2d) Importer(815301076,1909f56bfc062723c751e8b465ee728b)  -> (artifact id: '9bbb70ba04bbcf47d597ebc1f11ef5a0') in 0.022397 seconds 
========================================================================
Received Import Request.
  Time since last request: 0.000025 seconds.
  path: Assets/Texture/DevTex/Textures/Prefab_Ref_m7.png
  artifactKey: Guid(9010dfe647115e94396fc57e00a5da67) Importer(815301076,1909f56bfc062723c751e8b465ee728b)
Start importing Assets/Texture/DevTex/Textures/Prefab_Ref_m7.png using Guid(9010dfe647115e94396fc57e00a5da67) Importer(815301076,1909f56bfc062723c751e8b465ee728b)  -> (artifact id: '964c161c32adbf447a99e4978a60345e') in 0.016567 seconds 
========================================================================
Received Import Request.
  Time since last request: 0.000029 seconds.
  path: Assets/Texture/DevTex/Textures/Solid_NoRender.png
  artifactKey: Guid(0f23691f2fdd342419ac3d41c7e91734) Importer(815301076,1909f56bfc062723c751e8b465ee728b)
Start importing Assets/Texture/DevTex/Textures/Solid_NoRender.png using Guid(0f23691f2fdd342419ac3d41c7e91734) Importer(815301076,1909f56bfc062723c751e8b465ee728b)  -> (artifact id: '704cab71cc65415d7635f76ec5a3c775') in 0.016127 seconds 
========================================================================
Received Import Request.
  Time since last request: 0.000024 seconds.
  path: Assets/Texture/DevTex/Textures/Prefab_Grey50.png
  artifactKey: Guid(682dde2b3012d924bb7ea8e62e07f935) Importer(815301076,1909f56bfc062723c751e8b465ee728b)
Start importing Assets/Texture/DevTex/Textures/Prefab_Grey50.png using Guid(682dde2b3012d924bb7ea8e62e07f935) Importer(815301076,1909f56bfc062723c751e8b465ee728b)  -> (artifact id: 'da69ba171549cffa596084ee2fa68e14') in 0.016987 seconds 
========================================================================
Received Import Request.
  Time since last request: 0.000028 seconds.
  path: Assets/Texture/DevTex/Textures/Prefab_Ref_a.png
  artifactKey: Guid(a40fa2693b59eae42afc9eed3e10b3fd) Importer(815301076,1909f56bfc062723c751e8b465ee728b)
Start importing Assets/Texture/DevTex/Textures/Prefab_Ref_a.png using Guid(a40fa2693b59eae42afc9eed3e10b3fd) Importer(815301076,1909f56bfc062723c751e8b465ee728b)  -> (artifact id: '185878c7567597303497697b3dd7c316') in 0.017401 seconds 
========================================================================
Received Import Request.
  Time since last request: 0.000029 seconds.
  path: Assets/Texture/DevTex/Textures/Prefab_Ref_m8.png
  artifactKey: Guid(b8576689985072c4caa60ced4d4586f4) Importer(815301076,1909f56bfc062723c751e8b465ee728b)
Start importing Assets/Texture/DevTex/Textures/Prefab_Ref_m8.png using Guid(b8576689985072c4caa60ced4d4586f4) Importer(815301076,1909f56bfc062723c751e8b465ee728b)  -> (artifact id: '242931b3df02cd15a0b2de3b346b17a9') in 0.014727 seconds 
========================================================================
Received Import Request.
  Time since last request: 2.544465 seconds.
  path: Assets/Texture/New Material.mat
  artifactKey: Guid(7d00c6f748e2a784eb33d6967350eda2) Importer(815301076,1909f56bfc062723c751e8b465ee728b)
Start importing Assets/Texture/New Material.mat using Guid(7d00c6f748e2a784eb33d6967350eda2) Importer(815301076,1909f56bfc062723c751e8b465ee728b)  -> (artifact id: '85410c5bcd0e7b5a1f31d3e197365c05') in 0.031840 seconds 
========================================================================
Received Prepare
Registering precompiled user dll's ...
Registered in 0.011671 seconds.
Begin MonoManager ReloadAssembly
Symbol file LoadedFromMemory doesn't match image C:\Users\User\Documents\GitHub\Cyber-Shift\Cyber-Shift\Library\PackageCache\com.unity.visualscripting@1.8.0\Editor\VisualScripting.Core\Dependencies\YamlDotNet\Unity.VisualScripting.YamlDotNet.dll
Symbol file LoadedFromMemory doesn't match image C:\Users\User\Documents\GitHub\Cyber-Shift\Cyber-Shift\Library\PackageCache\com.unity.visualscripting@1.8.0\Editor\VisualScripting.Core\Dependencies\DotNetZip\Unity.VisualScripting.IonicZip.dll
Native extension for WindowsStandalone target not found
Native extension for Android target not found
Refreshing native plugins compatible for Editor in 1.34 ms, found 5 plugins.
Preloading 0 native plugins for Editor in 0.00 ms.
Mono: successfully reloaded assembly
- Completed reload, in  1.604 seconds
Domain Reload Profiling:
	ReloadAssembly (1605ms)
		BeginReloadAssembly (198ms)
			ExecutionOrderSort (0ms)
			DisableScriptedObjects (11ms)
			BackupInstance (0ms)
			ReleaseScriptingObjects (0ms)
			CreateAndSetChildDomain (51ms)
		EndReloadAssembly (1300ms)
			LoadAssemblies (150ms)
			RebuildTransferFunctionScriptingTraits (0ms)
			SetupTypeCache (382ms)
			ReleaseScriptCaches (2ms)
			RebuildScriptCaches (106ms)
			SetupLoadedEditorAssemblies (549ms)
				LogAssemblyErrors (0ms)
				InitializePlatformSupportModulesInManaged (21ms)
				SetLoadedEditorAssemblies (1ms)
				RefreshPlugins (1ms)
				BeforeProcessingInitializeOnLoad (152ms)
				ProcessInitializeOnLoadAttributes (272ms)
				ProcessInitializeOnLoadMethodAttributes (98ms)
				AfterProcessingInitializeOnLoad (4ms)
				EditorAssembliesLoaded (0ms)
			ExecutionOrderSort2 (0ms)
			AwakeInstancesAfterBackupRestoration (31ms)
Platform modules already initialized, skipping
Refreshing native plugins compatible for Editor in 4.27 ms, found 5 plugins.
Preloading 0 native plugins for Editor in 0.00 ms.
Unloading 6234 Unused Serialized files (Serialized files now loaded: 0)
Unloading 44 unused Assets / (2.3 MB). Loaded Objects now: 6998.
Memory consumption went from 270.2 MB to 268.0 MB.
Total: 4.349000 ms (FindLiveObjects: 0.777400 ms CreateObjectMapping: 0.289100 ms MarkObjects: 2.958800 ms  DeleteObjects: 0.322500 ms)

AssetImportParameters requested are different than current active one (requested -> active):
  custom:video-decoder-ogg-theora: a1e56fd34408186e4bbccfd4996cb3dc -> 
  custom:container-muxer-webm: aa71ff27fc2769a1b78a27578f13a17b -> 
  custom:container-demuxer-webm: 4f35f7cbe854078d1ac9338744f61a02 -> 
  custom:video-encoder-webm-vp8: eb34c28f22e8b96e1ab97ce403110664 -> 
  custom:audio-encoder-webm-vorbis: bf7c407c2cedff20999df2af8eb42d56 -> 
  custom:framework-win-MediaFoundation: 216162199b28c13a410421893ffa2e32 -> 
  custom:container-demuxer-ogg: 62fdf1f143b41e24485cea50d1cbac27 -> 
  custom:video-decoder-webm-vp8: 9c59270c3fd7afecdb556c50c9e8de78 -> 
  custom:audio-decoder-ogg-vorbis: bf7c407c2cedff20999df2af8eb42d56 -> 
========================================================================
Received Import Request.
  Time since last request: 327.628998 seconds.
  path: Assets/New Graph.vfx
  artifactKey: Guid(29b6065aa2a00434580275ba1ff55c2a) Importer(815301076,1909f56bfc062723c751e8b465ee728b)
Start importing Assets/New Graph.vfx using Guid(29b6065aa2a00434580275ba1ff55c2a) Importer(815301076,1909f56bfc062723c751e8b465ee728b)  -> (artifact id: 'b0098625a696b600b8b5e31a4a0b4498') in 0.270697 seconds 
========================================================================
Received Import Request.
  Time since last request: 61.029902 seconds.
  path: Assets/Prefab/gun/SCi-Fi Shotgun.prefab
  artifactKey: Guid(f9652f2a21c0648479bceaf257ed07e8) Importer(815301076,1909f56bfc062723c751e8b465ee728b)
Start importing Assets/Prefab/gun/SCi-Fi Shotgun.prefab using Guid(f9652f2a21c0648479bceaf257ed07e8) Importer(815301076,1909f56bfc062723c751e8b465ee728b)  -> (artifact id: 'ab0a7ec81cf3ee84de112bb2e3cda1b6') in 0.109047 seconds 
========================================================================
Received Prepare
Default GameObject BitMask: Trigger already registered
Registering precompiled user dll's ...
Registered in 0.011955 seconds.
Begin MonoManager ReloadAssembly
Symbol file LoadedFromMemory doesn't match image C:\Users\User\Documents\GitHub\Cyber-Shift\Cyber-Shift\Library\PackageCache\com.unity.visualscripting@1.8.0\Editor\VisualScripting.Core\Dependencies\YamlDotNet\Unity.VisualScripting.YamlDotNet.dll
Symbol file LoadedFromMemory doesn't match image C:\Users\User\Documents\GitHub\Cyber-Shift\Cyber-Shift\Library\PackageCache\com.unity.visualscripting@1.8.0\Editor\VisualScripting.Core\Dependencies\DotNetZip\Unity.VisualScripting.IonicZip.dll
Native extension for WindowsStandalone target not found
Native extension for Android target not found
Refreshing native plugins compatible for Editor in 1.39 ms, found 5 plugins.
Preloading 0 native plugins for Editor in 0.00 ms.
Mono: successfully reloaded assembly
- Completed reload, in  1.589 seconds
Domain Reload Profiling:
	ReloadAssembly (1590ms)
		BeginReloadAssembly (203ms)
			ExecutionOrderSort (0ms)
			DisableScriptedObjects (12ms)
			BackupInstance (0ms)
			ReleaseScriptingObjects (0ms)
			CreateAndSetChildDomain (48ms)
		EndReloadAssembly (1280ms)
			LoadAssemblies (161ms)
			RebuildTransferFunctionScriptingTraits (0ms)
			SetupTypeCache (369ms)
			ReleaseScriptCaches (2ms)
			RebuildScriptCaches (104ms)
			SetupLoadedEditorAssemblies (545ms)
				LogAssemblyErrors (0ms)
				InitializePlatformSupportModulesInManaged (21ms)
				SetLoadedEditorAssemblies (1ms)
				RefreshPlugins (2ms)
				BeforeProcessingInitializeOnLoad (148ms)
				ProcessInitializeOnLoadAttributes (270ms)
				ProcessInitializeOnLoadMethodAttributes (100ms)
				AfterProcessingInitializeOnLoad (3ms)
				EditorAssembliesLoaded (1ms)
			ExecutionOrderSort2 (0ms)
			AwakeInstancesAfterBackupRestoration (32ms)
Platform modules already initialized, skipping
Refreshing native plugins compatible for Editor in 5.27 ms, found 5 plugins.
Preloading 0 native plugins for Editor in 0.00 ms.
Unloading 6235 Unused Serialized files (Serialized files now loaded: 0)
Unloading 44 unused Assets / (2.3 MB). Loaded Objects now: 7044.
Memory consumption went from 270.8 MB to 268.5 MB.
Total: 4.339200 ms (FindLiveObjects: 0.735800 ms CreateObjectMapping: 0.248700 ms MarkObjects: 3.008200 ms  DeleteObjects: 0.345200 ms)

AssetImportParameters requested are different than current active one (requested -> active):
  custom:video-decoder-ogg-theora: a1e56fd34408186e4bbccfd4996cb3dc -> 
  custom:container-muxer-webm: aa71ff27fc2769a1b78a27578f13a17b -> 
  custom:container-demuxer-webm: 4f35f7cbe854078d1ac9338744f61a02 -> 
  custom:video-encoder-webm-vp8: eb34c28f22e8b96e1ab97ce403110664 -> 
  custom:audio-encoder-webm-vorbis: bf7c407c2cedff20999df2af8eb42d56 -> 
  custom:framework-win-MediaFoundation: 216162199b28c13a410421893ffa2e32 -> 
  custom:container-demuxer-ogg: 62fdf1f143b41e24485cea50d1cbac27 -> 
  custom:video-decoder-webm-vp8: 9c59270c3fd7afecdb556c50c9e8de78 -> 
  custom:audio-decoder-ogg-vorbis: bf7c407c2cedff20999df2af8eb42d56 -> 
========================================================================
Received Prepare
Default GameObject BitMask: Trigger already registered
Registering precompiled user dll's ...
Registered in 0.011063 seconds.
Begin MonoManager ReloadAssembly
Symbol file LoadedFromMemory doesn't match image C:\Users\User\Documents\GitHub\Cyber-Shift\Cyber-Shift\Library\PackageCache\com.unity.visualscripting@1.8.0\Editor\VisualScripting.Core\Dependencies\YamlDotNet\Unity.VisualScripting.YamlDotNet.dll
Symbol file LoadedFromMemory doesn't match image C:\Users\User\Documents\GitHub\Cyber-Shift\Cyber-Shift\Library\PackageCache\com.unity.visualscripting@1.8.0\Editor\VisualScripting.Core\Dependencies\DotNetZip\Unity.VisualScripting.IonicZip.dll
Native extension for WindowsStandalone target not found
Native extension for Android target not found
Refreshing native plugins compatible for Editor in 1.33 ms, found 5 plugins.
Preloading 0 native plugins for Editor in 0.00 ms.
Mono: successfully reloaded assembly
- Completed reload, in  1.596 seconds
Domain Reload Profiling:
	ReloadAssembly (1597ms)
		BeginReloadAssembly (187ms)
			ExecutionOrderSort (0ms)
			DisableScriptedObjects (9ms)
			BackupInstance (0ms)
			ReleaseScriptingObjects (0ms)
			CreateAndSetChildDomain (44ms)
		EndReloadAssembly (1302ms)
			LoadAssemblies (168ms)
			RebuildTransferFunctionScriptingTraits (0ms)
			SetupTypeCache (374ms)
			ReleaseScriptCaches (2ms)
			RebuildScriptCaches (109ms)
			SetupLoadedEditorAssemblies (549ms)
				LogAssemblyErrors (0ms)
				InitializePlatformSupportModulesInManaged (20ms)
				SetLoadedEditorAssemblies (0ms)
				RefreshPlugins (1ms)
				BeforeProcessingInitializeOnLoad (149ms)
				ProcessInitializeOnLoadAttributes (276ms)
				ProcessInitializeOnLoadMethodAttributes (98ms)
				AfterProcessingInitializeOnLoad (4ms)
				EditorAssembliesLoaded (0ms)
			ExecutionOrderSort2 (0ms)
			AwakeInstancesAfterBackupRestoration (25ms)
Platform modules already initialized, skipping
Refreshing native plugins compatible for Editor in 4.37 ms, found 5 plugins.
Preloading 0 native plugins for Editor in 0.00 ms.
Unloading 6233 Unused Serialized files (Serialized files now loaded: 0)
Unloading 45 unused Assets / (2.3 MB). Loaded Objects now: 7046.
Memory consumption went from 270.6 MB to 268.3 MB.
Total: 4.437700 ms (FindLiveObjects: 0.766500 ms CreateObjectMapping: 0.298100 ms MarkObjects: 2.984700 ms  DeleteObjects: 0.387200 ms)

AssetImportParameters requested are different than current active one (requested -> active):
  custom:video-decoder-ogg-theora: a1e56fd34408186e4bbccfd4996cb3dc -> 
  custom:container-muxer-webm: aa71ff27fc2769a1b78a27578f13a17b -> 
  custom:container-demuxer-webm: 4f35f7cbe854078d1ac9338744f61a02 -> 
  custom:video-encoder-webm-vp8: eb34c28f22e8b96e1ab97ce403110664 -> 
  custom:audio-encoder-webm-vorbis: bf7c407c2cedff20999df2af8eb42d56 -> 
  custom:framework-win-MediaFoundation: 216162199b28c13a410421893ffa2e32 -> 
  custom:container-demuxer-ogg: 62fdf1f143b41e24485cea50d1cbac27 -> 
  custom:video-decoder-webm-vp8: 9c59270c3fd7afecdb556c50c9e8de78 -> 
  custom:audio-decoder-ogg-vorbis: bf7c407c2cedff20999df2af8eb42d56 -> 
========================================================================
Received Prepare
Default GameObject BitMask: Trigger already registered
Registering precompiled user dll's ...
Registered in 0.014679 seconds.
Begin MonoManager ReloadAssembly
Symbol file LoadedFromMemory doesn't match image C:\Users\User\Documents\GitHub\Cyber-Shift\Cyber-Shift\Library\PackageCache\com.unity.visualscripting@1.8.0\Editor\VisualScripting.Core\Dependencies\YamlDotNet\Unity.VisualScripting.YamlDotNet.dll
Symbol file LoadedFromMemory doesn't match image C:\Users\User\Documents\GitHub\Cyber-Shift\Cyber-Shift\Library\PackageCache\com.unity.visualscripting@1.8.0\Editor\VisualScripting.Core\Dependencies\DotNetZip\Unity.VisualScripting.IonicZip.dll
Native extension for WindowsStandalone target not found
Native extension for Android target not found
Refreshing native plugins compatible for Editor in 1.33 ms, found 5 plugins.
Preloading 0 native plugins for Editor in 0.00 ms.
Mono: successfully reloaded assembly
- Completed reload, in  1.562 seconds
Domain Reload Profiling:
	ReloadAssembly (1563ms)
		BeginReloadAssembly (186ms)
			ExecutionOrderSort (0ms)
			DisableScriptedObjects (8ms)
			BackupInstance (0ms)
			ReleaseScriptingObjects (0ms)
			CreateAndSetChildDomain (44ms)
		EndReloadAssembly (1271ms)
			LoadAssemblies (154ms)
			RebuildTransferFunctionScriptingTraits (0ms)
			SetupTypeCache (362ms)
			ReleaseScriptCaches (2ms)
			RebuildScriptCaches (109ms)
			SetupLoadedEditorAssemblies (545ms)
				LogAssemblyErrors (0ms)
				InitializePlatformSupportModulesInManaged (20ms)
				SetLoadedEditorAssemblies (0ms)
				RefreshPlugins (1ms)
				BeforeProcessingInitializeOnLoad (152ms)
				ProcessInitializeOnLoadAttributes (267ms)
				ProcessInitializeOnLoadMethodAttributes (100ms)
				AfterProcessingInitializeOnLoad (4ms)
				EditorAssembliesLoaded (0ms)
			ExecutionOrderSort2 (0ms)
			AwakeInstancesAfterBackupRestoration (25ms)
Platform modules already initialized, skipping
Refreshing native plugins compatible for Editor in 4.56 ms, found 5 plugins.
Preloading 0 native plugins for Editor in 0.00 ms.
Unloading 6234 Unused Serialized files (Serialized files now loaded: 0)
Unloading 44 unused Assets / (2.3 MB). Loaded Objects now: 7050.
Memory consumption went from 270.6 MB to 268.4 MB.
Total: 4.554500 ms (FindLiveObjects: 0.789300 ms CreateObjectMapping: 0.340600 ms MarkObjects: 3.038800 ms  DeleteObjects: 0.384400 ms)

AssetImportParameters requested are different than current active one (requested -> active):
  custom:video-decoder-ogg-theora: a1e56fd34408186e4bbccfd4996cb3dc -> 
  custom:container-muxer-webm: aa71ff27fc2769a1b78a27578f13a17b -> 
  custom:container-demuxer-webm: 4f35f7cbe854078d1ac9338744f61a02 -> 
  custom:video-encoder-webm-vp8: eb34c28f22e8b96e1ab97ce403110664 -> 
  custom:audio-encoder-webm-vorbis: bf7c407c2cedff20999df2af8eb42d56 -> 
  custom:framework-win-MediaFoundation: 216162199b28c13a410421893ffa2e32 -> 
  custom:container-demuxer-ogg: 62fdf1f143b41e24485cea50d1cbac27 -> 
  custom:video-decoder-webm-vp8: 9c59270c3fd7afecdb556c50c9e8de78 -> 
  custom:audio-decoder-ogg-vorbis: bf7c407c2cedff20999df2af8eb42d56 -> 
========================================================================
Received Prepare
Default GameObject BitMask: Trigger already registered
Registering precompiled user dll's ...
Registered in 0.013876 seconds.
Begin MonoManager ReloadAssembly
Symbol file LoadedFromMemory doesn't match image C:\Users\User\Documents\GitHub\Cyber-Shift\Cyber-Shift\Library\PackageCache\com.unity.visualscripting@1.8.0\Editor\VisualScripting.Core\Dependencies\YamlDotNet\Unity.VisualScripting.YamlDotNet.dll
Symbol file LoadedFromMemory doesn't match image C:\Users\User\Documents\GitHub\Cyber-Shift\Cyber-Shift\Library\PackageCache\com.unity.visualscripting@1.8.0\Editor\VisualScripting.Core\Dependencies\DotNetZip\Unity.VisualScripting.IonicZip.dll
Native extension for WindowsStandalone target not found
Native extension for Android target not found
Refreshing native plugins compatible for Editor in 1.30 ms, found 5 plugins.
Preloading 0 native plugins for Editor in 0.00 ms.
Mono: successfully reloaded assembly
- Completed reload, in  1.540 seconds
Domain Reload Profiling:
	ReloadAssembly (1541ms)
		BeginReloadAssembly (180ms)
			ExecutionOrderSort (0ms)
			DisableScriptedObjects (8ms)
			BackupInstance (0ms)
			ReleaseScriptingObjects (0ms)
			CreateAndSetChildDomain (40ms)
		EndReloadAssembly (1257ms)
			LoadAssemblies (144ms)
			RebuildTransferFunctionScriptingTraits (0ms)
			SetupTypeCache (365ms)
			ReleaseScriptCaches (2ms)
			RebuildScriptCaches (105ms)
			SetupLoadedEditorAssemblies (535ms)
				LogAssemblyErrors (0ms)
				InitializePlatformSupportModulesInManaged (20ms)
				SetLoadedEditorAssemblies (1ms)
				RefreshPlugins (1ms)
				BeforeProcessingInitializeOnLoad (149ms)
				ProcessInitializeOnLoadAttributes (265ms)
				ProcessInitializeOnLoadMethodAttributes (95ms)
				AfterProcessingInitializeOnLoad (3ms)
				EditorAssembliesLoaded (0ms)
			ExecutionOrderSort2 (0ms)
			AwakeInstancesAfterBackupRestoration (24ms)
Platform modules already initialized, skipping
Refreshing native plugins compatible for Editor in 4.52 ms, found 5 plugins.
Preloading 0 native plugins for Editor in 0.00 ms.
Unloading 6234 Unused Serialized files (Serialized files now loaded: 0)
Unloading 44 unused Assets / (2.3 MB). Loaded Objects now: 7053.
Memory consumption went from 270.7 MB to 268.4 MB.
Total: 4.786300 ms (FindLiveObjects: 0.758700 ms CreateObjectMapping: 0.306200 ms MarkObjects: 3.381700 ms  DeleteObjects: 0.337900 ms)

AssetImportParameters requested are different than current active one (requested -> active):
  custom:video-decoder-ogg-theora: a1e56fd34408186e4bbccfd4996cb3dc -> 
  custom:container-muxer-webm: aa71ff27fc2769a1b78a27578f13a17b -> 
  custom:container-demuxer-webm: 4f35f7cbe854078d1ac9338744f61a02 -> 
  custom:video-encoder-webm-vp8: eb34c28f22e8b96e1ab97ce403110664 -> 
  custom:audio-encoder-webm-vorbis: bf7c407c2cedff20999df2af8eb42d56 -> 
  custom:framework-win-MediaFoundation: 216162199b28c13a410421893ffa2e32 -> 
  custom:container-demuxer-ogg: 62fdf1f143b41e24485cea50d1cbac27 -> 
  custom:video-decoder-webm-vp8: 9c59270c3fd7afecdb556c50c9e8de78 -> 
  custom:audio-decoder-ogg-vorbis: bf7c407c2cedff20999df2af8eb42d56 -> 
========================================================================
Received Prepare
Default GameObject BitMask: Trigger already registered
Registering precompiled user dll's ...
Registered in 0.012036 seconds.
Begin MonoManager ReloadAssembly
Symbol file LoadedFromMemory doesn't match image C:\Users\User\Documents\GitHub\Cyber-Shift\Cyber-Shift\Library\PackageCache\com.unity.visualscripting@1.8.0\Editor\VisualScripting.Core\Dependencies\YamlDotNet\Unity.VisualScripting.YamlDotNet.dll
Symbol file LoadedFromMemory doesn't match image C:\Users\User\Documents\GitHub\Cyber-Shift\Cyber-Shift\Library\PackageCache\com.unity.visualscripting@1.8.0\Editor\VisualScripting.Core\Dependencies\DotNetZip\Unity.VisualScripting.IonicZip.dll
Native extension for WindowsStandalone target not found
Native extension for Android target not found
Refreshing native plugins compatible for Editor in 1.42 ms, found 5 plugins.
Preloading 0 native plugins for Editor in 0.00 ms.
Mono: successfully reloaded assembly
- Completed reload, in  1.545 seconds
Domain Reload Profiling:
	ReloadAssembly (1546ms)
		BeginReloadAssembly (184ms)
			ExecutionOrderSort (0ms)
			DisableScriptedObjects (9ms)
			BackupInstance (0ms)
			ReleaseScriptingObjects (0ms)
			CreateAndSetChildDomain (42ms)
		EndReloadAssembly (1257ms)
			LoadAssemblies (145ms)
			RebuildTransferFunctionScriptingTraits (0ms)
			SetupTypeCache (370ms)
			ReleaseScriptCaches (2ms)
			RebuildScriptCaches (107ms)
			SetupLoadedEditorAssemblies (534ms)
				LogAssemblyErrors (0ms)
				InitializePlatformSupportModulesInManaged (20ms)
				SetLoadedEditorAssemblies (0ms)
				RefreshPlugins (2ms)
				BeforeProcessingInitializeOnLoad (150ms)
				ProcessInitializeOnLoadAttributes (264ms)
				ProcessInitializeOnLoadMethodAttributes (94ms)
				AfterProcessingInitializeOnLoad (3ms)
				EditorAssembliesLoaded (0ms)
			ExecutionOrderSort2 (0ms)
			AwakeInstancesAfterBackupRestoration (25ms)
Platform modules already initialized, skipping
Refreshing native plugins compatible for Editor in 4.44 ms, found 5 plugins.
Preloading 0 native plugins for Editor in 0.00 ms.
Unloading 6234 Unused Serialized files (Serialized files now loaded: 0)
Unloading 44 unused Assets / (2.3 MB). Loaded Objects now: 7056.
Memory consumption went from 270.7 MB to 268.4 MB.
Total: 4.458300 ms (FindLiveObjects: 0.779200 ms CreateObjectMapping: 0.281600 ms MarkObjects: 3.059300 ms  DeleteObjects: 0.336800 ms)

AssetImportParameters requested are different than current active one (requested -> active):
  custom:video-decoder-ogg-theora: a1e56fd34408186e4bbccfd4996cb3dc -> 
  custom:container-muxer-webm: aa71ff27fc2769a1b78a27578f13a17b -> 
  custom:container-demuxer-webm: 4f35f7cbe854078d1ac9338744f61a02 -> 
  custom:video-encoder-webm-vp8: eb34c28f22e8b96e1ab97ce403110664 -> 
  custom:audio-encoder-webm-vorbis: bf7c407c2cedff20999df2af8eb42d56 -> 
  custom:framework-win-MediaFoundation: 216162199b28c13a410421893ffa2e32 -> 
  custom:container-demuxer-ogg: 62fdf1f143b41e24485cea50d1cbac27 -> 
  custom:video-decoder-webm-vp8: 9c59270c3fd7afecdb556c50c9e8de78 -> 
  custom:audio-decoder-ogg-vorbis: bf7c407c2cedff20999df2af8eb42d56 -> 
========================================================================
Received Prepare
Default GameObject BitMask: Trigger already registered
Registering precompiled user dll's ...
Registered in 0.010738 seconds.
Begin MonoManager ReloadAssembly
Symbol file LoadedFromMemory doesn't match image C:\Users\User\Documents\GitHub\Cyber-Shift\Cyber-Shift\Library\PackageCache\com.unity.visualscripting@1.8.0\Editor\VisualScripting.Core\Dependencies\YamlDotNet\Unity.VisualScripting.YamlDotNet.dll
Symbol file LoadedFromMemory doesn't match image C:\Users\User\Documents\GitHub\Cyber-Shift\Cyber-Shift\Library\PackageCache\com.unity.visualscripting@1.8.0\Editor\VisualScripting.Core\Dependencies\DotNetZip\Unity.VisualScripting.IonicZip.dll
Native extension for WindowsStandalone target not found
Native extension for Android target not found
Refreshing native plugins compatible for Editor in 1.29 ms, found 5 plugins.
Preloading 0 native plugins for Editor in 0.00 ms.
Mono: successfully reloaded assembly
- Completed reload, in  1.562 seconds
Domain Reload Profiling:
	ReloadAssembly (1563ms)
		BeginReloadAssembly (184ms)
			ExecutionOrderSort (0ms)
			DisableScriptedObjects (9ms)
			BackupInstance (0ms)
			ReleaseScriptingObjects (0ms)
			CreateAndSetChildDomain (45ms)
		EndReloadAssembly (1275ms)
			LoadAssemblies (149ms)
			RebuildTransferFunctionScriptingTraits (0ms)
			SetupTypeCache (373ms)
			ReleaseScriptCaches (2ms)
			RebuildScriptCaches (109ms)
			SetupLoadedEditorAssemblies (537ms)
				LogAssemblyErrors (0ms)
				InitializePlatformSupportModulesInManaged (19ms)
				SetLoadedEditorAssemblies (0ms)
				RefreshPlugins (1ms)
				BeforeProcessingInitializeOnLoad (153ms)
				ProcessInitializeOnLoadAttributes (264ms)
				ProcessInitializeOnLoadMethodAttributes (94ms)
				AfterProcessingInitializeOnLoad (4ms)
				EditorAssembliesLoaded (0ms)
			ExecutionOrderSort2 (0ms)
			AwakeInstancesAfterBackupRestoration (25ms)
Platform modules already initialized, skipping
Refreshing native plugins compatible for Editor in 4.82 ms, found 5 plugins.
Preloading 0 native plugins for Editor in 0.00 ms.
Unloading 6235 Unused Serialized files (Serialized files now loaded: 0)
Unloading 44 unused Assets / (2.3 MB). Loaded Objects now: 7060.
Memory consumption went from 270.7 MB to 268.4 MB.
Total: 4.938500 ms (FindLiveObjects: 0.731500 ms CreateObjectMapping: 0.263600 ms MarkObjects: 3.560000 ms  DeleteObjects: 0.382100 ms)

AssetImportParameters requested are different than current active one (requested -> active):
  custom:video-decoder-ogg-theora: a1e56fd34408186e4bbccfd4996cb3dc -> 
  custom:container-muxer-webm: aa71ff27fc2769a1b78a27578f13a17b -> 
  custom:container-demuxer-webm: 4f35f7cbe854078d1ac9338744f61a02 -> 
  custom:video-encoder-webm-vp8: eb34c28f22e8b96e1ab97ce403110664 -> 
  custom:audio-encoder-webm-vorbis: bf7c407c2cedff20999df2af8eb42d56 -> 
  custom:framework-win-MediaFoundation: 216162199b28c13a410421893ffa2e32 -> 
  custom:container-demuxer-ogg: 62fdf1f143b41e24485cea50d1cbac27 -> 
  custom:video-decoder-webm-vp8: 9c59270c3fd7afecdb556c50c9e8de78 -> 
  custom:audio-decoder-ogg-vorbis: bf7c407c2cedff20999df2af8eb42d56 -> 
========================================================================
Received Prepare
Default GameObject BitMask: Trigger already registered
Registering precompiled user dll's ...
Registered in 0.012294 seconds.
Begin MonoManager ReloadAssembly
Symbol file LoadedFromMemory doesn't match image C:\Users\User\Documents\GitHub\Cyber-Shift\Cyber-Shift\Library\PackageCache\com.unity.visualscripting@1.8.0\Editor\VisualScripting.Core\Dependencies\YamlDotNet\Unity.VisualScripting.YamlDotNet.dll
Symbol file LoadedFromMemory doesn't match image C:\Users\User\Documents\GitHub\Cyber-Shift\Cyber-Shift\Library\PackageCache\com.unity.visualscripting@1.8.0\Editor\VisualScripting.Core\Dependencies\DotNetZip\Unity.VisualScripting.IonicZip.dll
Native extension for WindowsStandalone target not found
Native extension for Android target not found
Refreshing native plugins compatible for Editor in 1.30 ms, found 5 plugins.
Preloading 0 native plugins for Editor in 0.00 ms.
Mono: successfully reloaded assembly
- Completed reload, in  1.540 seconds
Domain Reload Profiling:
	ReloadAssembly (1541ms)
		BeginReloadAssembly (180ms)
			ExecutionOrderSort (0ms)
			DisableScriptedObjects (8ms)
			BackupInstance (0ms)
			ReleaseScriptingObjects (0ms)
			CreateAndSetChildDomain (41ms)
		EndReloadAssembly (1256ms)
			LoadAssemblies (149ms)
			RebuildTransferFunctionScriptingTraits (0ms)
			SetupTypeCache (360ms)
			ReleaseScriptCaches (2ms)
			RebuildScriptCaches (106ms)
			SetupLoadedEditorAssemblies (540ms)
				LogAssemblyErrors (0ms)
				InitializePlatformSupportModulesInManaged (20ms)
				SetLoadedEditorAssemblies (0ms)
				RefreshPlugins (1ms)
				BeforeProcessingInitializeOnLoad (149ms)
				ProcessInitializeOnLoadAttributes (270ms)
				ProcessInitializeOnLoadMethodAttributes (95ms)
				AfterProcessingInitializeOnLoad (3ms)
				EditorAssembliesLoaded (0ms)
			ExecutionOrderSort2 (0ms)
			AwakeInstancesAfterBackupRestoration (23ms)
Platform modules already initialized, skipping
Refreshing native plugins compatible for Editor in 4.90 ms, found 5 plugins.
Preloading 0 native plugins for Editor in 0.00 ms.
Unloading 6235 Unused Serialized files (Serialized files now loaded: 0)
Unloading 44 unused Assets / (2.3 MB). Loaded Objects now: 7063.
Memory consumption went from 270.7 MB to 268.4 MB.
Total: 4.261600 ms (FindLiveObjects: 0.777200 ms CreateObjectMapping: 0.256600 ms MarkObjects: 2.900300 ms  DeleteObjects: 0.326300 ms)

AssetImportParameters requested are different than current active one (requested -> active):
  custom:video-decoder-ogg-theora: a1e56fd34408186e4bbccfd4996cb3dc -> 
  custom:container-muxer-webm: aa71ff27fc2769a1b78a27578f13a17b -> 
  custom:container-demuxer-webm: 4f35f7cbe854078d1ac9338744f61a02 -> 
  custom:video-encoder-webm-vp8: eb34c28f22e8b96e1ab97ce403110664 -> 
  custom:audio-encoder-webm-vorbis: bf7c407c2cedff20999df2af8eb42d56 -> 
  custom:framework-win-MediaFoundation: 216162199b28c13a410421893ffa2e32 -> 
  custom:container-demuxer-ogg: 62fdf1f143b41e24485cea50d1cbac27 -> 
  custom:video-decoder-webm-vp8: 9c59270c3fd7afecdb556c50c9e8de78 -> 
  custom:audio-decoder-ogg-vorbis: bf7c407c2cedff20999df2af8eb42d56 -> 
========================================================================
Received Import Request.
  Time since last request: 829.740596 seconds.
  path: Assets/Texture/DevTex/Materials/Dev_matte_blue.mat
  artifactKey: Guid(e4ffd19d4d133124ba599827254956f6) Importer(815301076,1909f56bfc062723c751e8b465ee728b)
Start importing Assets/Texture/DevTex/Materials/Dev_matte_blue.mat using Guid(e4ffd19d4d133124ba599827254956f6) Importer(815301076,1909f56bfc062723c751e8b465ee728b)  -> (artifact id: '59b582b64f6372fb380ac5ee39f9d3ba') in 0.381720 seconds 
========================================================================
Received Import Request.
  Time since last request: 0.000039 seconds.
  path: Assets/Texture/DevTex/Materials/Dev_metallic_grey25.mat
  artifactKey: Guid(5ed4edfd77d485b4b9a3bdfb5d14c9d7) Importer(815301076,1909f56bfc062723c751e8b465ee728b)
Start importing Assets/Texture/DevTex/Materials/Dev_metallic_grey25.mat using Guid(5ed4edfd77d485b4b9a3bdfb5d14c9d7) Importer(815301076,1909f56bfc062723c751e8b465ee728b)  -> (artifact id: 'adeb7f46ca4ed660ca12c12abf332453') in 0.979477 seconds 
========================================================================
Received Import Request.
  Time since last request: 0.000056 seconds.
  path: Assets/Texture/DevTex/Materials/Dev_reflective_100.mat
  artifactKey: Guid(7aef6c87ae262cf4c8caf4650402c7b1) Importer(815301076,1909f56bfc062723c751e8b465ee728b)
Start importing Assets/Texture/DevTex/Materials/Dev_reflective_100.mat using Guid(7aef6c87ae262cf4c8caf4650402c7b1) Importer(815301076,1909f56bfc062723c751e8b465ee728b)  -> (artifact id: 'd7731f89018b0aafbe66a35cf49802ad') in 0.019056 seconds 
========================================================================
Received Import Request.
  Time since last request: 0.000030 seconds.
  path: Assets/Texture/DevTex/Materials/Dev_matte_purple.mat
  artifactKey: Guid(883e689dfa4847941bce434d7db80613) Importer(815301076,1909f56bfc062723c751e8b465ee728b)
Start importing Assets/Texture/DevTex/Materials/Dev_matte_purple.mat using Guid(883e689dfa4847941bce434d7db80613) Importer(815301076,1909f56bfc062723c751e8b465ee728b)  -> (artifact id: '79c104f192f40366d45062fc14b53145') in 0.017681 seconds 
========================================================================
Received Import Request.
  Time since last request: 0.000032 seconds.
  path: Assets/Texture/DevTex/Materials/Dev_matte_grey25.mat
  artifactKey: Guid(6d301f2d0517f4946b5d7532887b4b48) Importer(815301076,1909f56bfc062723c751e8b465ee728b)
Start importing Assets/Texture/DevTex/Materials/Dev_matte_grey25.mat using Guid(6d301f2d0517f4946b5d7532887b4b48) Importer(815301076,1909f56bfc062723c751e8b465ee728b)  -> (artifact id: '69fde59e5e3fd3b72cf2361fe31af3b7') in 0.016867 seconds 
========================================================================
Received Import Request.
  Time since last request: 0.000031 seconds.
  path: Assets/Texture/DevTex/Materials/Dev_zone_skybox.mat
  artifactKey: Guid(59529c7de0e16c5469547b1349ffc77d) Importer(815301076,1909f56bfc062723c751e8b465ee728b)
Start importing Assets/Texture/DevTex/Materials/Dev_zone_skybox.mat using Guid(59529c7de0e16c5469547b1349ffc77d) Importer(815301076,1909f56bfc062723c751e8b465ee728b)  -> (artifact id: 'e8be419fd764b87cc532a110dbd4a872') in 0.043423 seconds 
========================================================================
Received Import Request.
  Time since last request: 0.000029 seconds.
  path: Assets/Texture/DevTex/Materials/Dev_matte_white.mat
  artifactKey: Guid(bb742d83ed804da40afff0bb98de17b3) Importer(815301076,1909f56bfc062723c751e8b465ee728b)
Start importing Assets/Texture/DevTex/Materials/Dev_matte_white.mat using Guid(bb742d83ed804da40afff0bb98de17b3) Importer(815301076,1909f56bfc062723c751e8b465ee728b)  -> (artifact id: 'e552ff31cff289092ac6e368f1f6d9c7') in 0.017261 seconds 
========================================================================
Received Import Request.
  Time since last request: 0.000030 seconds.
  path: Assets/Texture/DevTex/Materials/Dev_matte_green.mat
  artifactKey: Guid(1df9c5f2636860f4fb4b19ecc9e80c62) Importer(815301076,1909f56bfc062723c751e8b465ee728b)
Start importing Assets/Texture/DevTex/Materials/Dev_matte_green.mat using Guid(1df9c5f2636860f4fb4b19ecc9e80c62) Importer(815301076,1909f56bfc062723c751e8b465ee728b)  -> (artifact id: '588dc2338410403610c32c6a949cabf8') in 0.016618 seconds 
========================================================================
Received Import Request.
  Time since last request: 0.000031 seconds.
  path: Assets/Texture/DevTex/Materials/Dev_zone_hurt.mat
  artifactKey: Guid(f313821a38b213346878626c5f7fdb51) Importer(815301076,1909f56bfc062723c751e8b465ee728b)
Start importing Assets/Texture/DevTex/Materials/Dev_zone_hurt.mat using Guid(f313821a38b213346878626c5f7fdb51) Importer(815301076,1909f56bfc062723c751e8b465ee728b)  -> (artifact id: '70a3b39ce9d731ae3642afa3d990de93') in 0.017352 seconds 
========================================================================
Received Import Request.
  Time since last request: 0.000036 seconds.
  path: Assets/Texture/DevTex/Materials/Dev_metallic_white.mat
  artifactKey: Guid(ae2587bade3efb6418a0e106686ba031) Importer(815301076,1909f56bfc062723c751e8b465ee728b)
Start importing Assets/Texture/DevTex/Materials/Dev_metallic_white.mat using Guid(ae2587bade3efb6418a0e106686ba031) Importer(815301076,1909f56bfc062723c751e8b465ee728b)  -> (artifact id: 'f5c25657760a9c431843cb5b5acae60b') in 0.017502 seconds 
========================================================================
Received Import Request.
  Time since last request: 0.000053 seconds.
  path: Assets/Texture/DevTex/Materials/Dev_trigger_small_look.mat
  artifactKey: Guid(78175d0569dc27c47bfe8be7ffa16d9d) Importer(815301076,1909f56bfc062723c751e8b465ee728b)
Start importing Assets/Texture/DevTex/Materials/Dev_trigger_small_look.mat using Guid(78175d0569dc27c47bfe8be7ffa16d9d) Importer(815301076,1909f56bfc062723c751e8b465ee728b)  -> (artifact id: '6a2ae0218b33cf2d065e5bebb437821b') in 0.017629 seconds 
========================================================================
Received Import Request.
  Time since last request: 0.000031 seconds.
  path: Assets/Texture/DevTex/Materials/Dev_zone_scene.mat
  artifactKey: Guid(0fa777106b055eb47aa32040a51231b7) Importer(815301076,1909f56bfc062723c751e8b465ee728b)
Start importing Assets/Texture/DevTex/Materials/Dev_zone_scene.mat using Guid(0fa777106b055eb47aa32040a51231b7) Importer(815301076,1909f56bfc062723c751e8b465ee728b)  -> (artifact id: '4390e1fc07f20b6626488d7ced5d3b23') in 0.018242 seconds 
========================================================================
Received Import Request.
  Time since last request: 0.000026 seconds.
  path: Assets/Texture/DevTex/Materials/Dev_matte_tan.mat
  artifactKey: Guid(fb4297963cd7bcd48b0bd9ffa8397df7) Importer(815301076,1909f56bfc062723c751e8b465ee728b)
Start importing Assets/Texture/DevTex/Materials/Dev_matte_tan.mat using Guid(fb4297963cd7bcd48b0bd9ffa8397df7) Importer(815301076,1909f56bfc062723c751e8b465ee728b)  -> (artifact id: '1783c7dc3d976d4e458366e808fbca4b') in 0.016939 seconds 
========================================================================
Received Import Request.
  Time since last request: 0.000031 seconds.
  path: Assets/Texture/DevTex/Materials/Dev_matte_grey50.mat
  artifactKey: Guid(363a19295a9ccab46953a4c375ee1a26) Importer(815301076,1909f56bfc062723c751e8b465ee728b)
Start importing Assets/Texture/DevTex/Materials/Dev_matte_grey50.mat using Guid(363a19295a9ccab46953a4c375ee1a26) Importer(815301076,1909f56bfc062723c751e8b465ee728b)  -> (artifact id: 'c753a8be1b28a8ca8ac677c5d5d188f5') in 0.018414 seconds 
========================================================================
Received Import Request.
  Time since last request: 0.000030 seconds.
  path: Assets/Texture/DevTex/Materials/Dev_metallic_red.mat
  artifactKey: Guid(468ab78ca2ce0954496d60628401c9c5) Importer(815301076,1909f56bfc062723c751e8b465ee728b)
Start importing Assets/Texture/DevTex/Materials/Dev_metallic_red.mat using Guid(468ab78ca2ce0954496d60628401c9c5) Importer(815301076,1909f56bfc062723c751e8b465ee728b)  -> (artifact id: 'dae09fe91c5de4d95d3d994ea0ce38f8') in 0.016965 seconds 
========================================================================
Received Import Request.
  Time since last request: 0.000030 seconds.
  path: Assets/Texture/DevTex/Materials/Dev_metallic_tan.mat
  artifactKey: Guid(c6ff35198bc8c154a9bb3e1446ea2a53) Importer(815301076,1909f56bfc062723c751e8b465ee728b)
Start importing Assets/Texture/DevTex/Materials/Dev_metallic_tan.mat using Guid(c6ff35198bc8c154a9bb3e1446ea2a53) Importer(815301076,1909f56bfc062723c751e8b465ee728b)  -> (artifact id: '173f37990cac4852abad0cea60532647') in 0.016703 seconds 
========================================================================
Received Import Request.
  Time since last request: 0.000033 seconds.
  path: Assets/Texture/DevTex/Materials/Dev_metallic_grey.mat
  artifactKey: Guid(c71fdd3d28686304fa050821f4f023bd) Importer(815301076,1909f56bfc062723c751e8b465ee728b)
Start importing Assets/Texture/DevTex/Materials/Dev_metallic_grey.mat using Guid(c71fdd3d28686304fa050821f4f023bd) Importer(815301076,1909f56bfc062723c751e8b465ee728b)  -> (artifact id: '679cc80061223b020d20c9e24ec482be') in 0.020630 seconds 
Editor requested this worker to shutdown with reason: Scaling down because of idle timeout
AssetImportWorker is now disconnected from the server
Process exiting
Exiting without the bug reporter. Application will terminate with return code 0