Using pre-set license
Built from '2021.3/staging' branch; Version is '2021.3.24f1 (cf10dcf7010d) revision 13570268'; Using compiler version '192829333'; Build Type 'Release'
OS: 'Windows 11  (10.0.22631) 64bit Professional' Language: 'ru' Physical Memory: 32507 MB
BatchMode: 1, IsHumanControllingUs: 0, StartBugReporterOnCrash: 0, Is64bit: 1, IsPro: 1

COMMAND LINE ARGUMENTS:
C:\Program Files\Unity\Hub\Editor\2021.3.24f1\Editor\Unity.exe
-adb2
-batchMode
-noUpm
-name
AssetImportWorker4
-projectPath
C:/Users/user/Desktop/Projects Unity/Cyber-Shift/Cyber-Shift/Cyber-Shift/Cyber-Shift
-logFile
Logs/AssetImportWorker4.log
-srvPort
4324
Successfully changed project path to: C:/Users/user/Desktop/Projects Unity/Cyber-Shift/Cyber-Shift/Cyber-Shift/Cyber-Shift
C:/Users/user/Desktop/Projects Unity/Cyber-Shift/Cyber-Shift/Cyber-Shift/Cyber-Shift
[UnityMemory] Configuration Parameters - Can be set up in boot.config
    "memorysetup-bucket-allocator-granularity=16"
    "memorysetup-bucket-allocator-bucket-count=8"
    "memorysetup-bucket-allocator-block-size=33554432"
    "memorysetup-bucket-allocator-block-count=8"
    "memorysetup-main-allocator-block-size=16777216"
    "memorysetup-thread-allocator-block-size=16777216"
    "memorysetup-gfx-main-allocator-block-size=16777216"
    "memorysetup-gfx-thread-allocator-block-size=16777216"
    "memorysetup-cache-allocator-block-size=4194304"
    "memorysetup-typetree-allocator-block-size=2097152"
    "memorysetup-profiler-bucket-allocator-granularity=16"
    "memorysetup-profiler-bucket-allocator-bucket-count=8"
    "memorysetup-profiler-bucket-allocator-block-size=33554432"
    "memorysetup-profiler-bucket-allocator-block-count=8"
    "memorysetup-profiler-allocator-block-size=16777216"
    "memorysetup-profiler-editor-allocator-block-size=1048576"
    "memorysetup-temp-allocator-size-main=16777216"
    "memorysetup-job-temp-allocator-block-size=2097152"
    "memorysetup-job-temp-allocator-block-size-background=1048576"
    "memorysetup-job-temp-allocator-reduction-small-platforms=262144"
    "memorysetup-temp-allocator-size-background-worker=32768"
    "memorysetup-temp-allocator-size-job-worker=262144"
    "memorysetup-temp-allocator-size-preload-manager=33554432"
    "memorysetup-temp-allocator-size-nav-mesh-worker=65536"
    "memorysetup-temp-allocator-size-audio-worker=65536"
    "memorysetup-temp-allocator-size-cloud-worker=32768"
    "memorysetup-temp-allocator-size-gi-baking-worker=262144"
    "memorysetup-temp-allocator-size-gfx=262144"
Player connection [6052] Host "[IP] 192.168.0.114 [Port] 0 [Flags] 2 [Guid] 1051294396 [EditorId] 1051294396 [Version] 1048832 [Id] WindowsEditor(7,HOME-PC) [Debug] 1 [PackageName] WindowsEditor [ProjectName] Editor" joined multi-casting on [225.0.0.222:54997]...

Player connection [6052] Host "[IP] 192.168.0.114 [Port] 0 [Flags] 2 [Guid] 1051294396 [EditorId] 1051294396 [Version] 1048832 [Id] WindowsEditor(7,HOME-PC) [Debug] 1 [PackageName] WindowsEditor [ProjectName] Editor" joined alternative multi-casting on [225.0.0.222:34997]...

Refreshing native plugins compatible for Editor in 152.50 ms, found 5 plugins.
Preloading 0 native plugins for Editor in 0.00 ms.
Initialize engine version: 2021.3.24f1 (cf10dcf7010d)
[Subsystems] Discovering subsystems at path C:/Program Files/Unity/Hub/Editor/2021.3.24f1/Editor/Data/Resources/UnitySubsystems
[Subsystems] Discovering subsystems at path C:/Users/user/Desktop/Projects Unity/Cyber-Shift/Cyber-Shift/Cyber-Shift/Cyber-Shift/Assets
GfxDevice: creating device client; threaded=0; jobified=0
Direct3D:
    Version:  Direct3D 11.0 [level 11.1]
    Renderer: NVIDIA GeForce RTX 4060 Laptop GPU (ID=0x28e0)
    Vendor:   NVIDIA
    VRAM:     7957 MB
    Driver:   32.0.15.6603
Initialize mono
Mono path[0] = 'C:/Program Files/Unity/Hub/Editor/2021.3.24f1/Editor/Data/Managed'
Mono path[1] = 'C:/Program Files/Unity/Hub/Editor/2021.3.24f1/Editor/Data/MonoBleedingEdge/lib/mono/unityjit-win32'
Mono config path = 'C:/Program Files/Unity/Hub/Editor/2021.3.24f1/Editor/Data/MonoBleedingEdge/etc'
Using monoOptions --debugger-agent=transport=dt_socket,embedding=1,server=y,suspend=n,address=127.0.0.1:56300
Begin MonoManager ReloadAssembly
Registering precompiled unity dll's ...
Register platform support module: C:/Program Files/Unity/Hub/Editor/2021.3.24f1/Editor/Data/PlaybackEngines/AndroidPlayer/UnityEditor.Android.Extensions.dll
Register platform support module: C:/Program Files/Unity/Hub/Editor/2021.3.24f1/Editor/Data/PlaybackEngines/WindowsStandaloneSupport/UnityEditor.WindowsStandalone.Extensions.dll
Registered in 0.003170 seconds.
Native extension for WindowsStandalone target not found
Native extension for Android target not found
Android Extension - Scanning For ADB Devices 348 ms
Refreshing native plugins compatible for Editor in 158.89 ms, found 5 plugins.
Preloading 0 native plugins for Editor in 0.00 ms.
Mono: successfully reloaded assembly
- Completed reload, in  1.092 seconds
Domain Reload Profiling:
	ReloadAssembly (1092ms)
		BeginReloadAssembly (87ms)
			ExecutionOrderSort (0ms)
			DisableScriptedObjects (0ms)
			BackupInstance (0ms)
			ReleaseScriptingObjects (0ms)
			CreateAndSetChildDomain (1ms)
		EndReloadAssembly (925ms)
			LoadAssemblies (87ms)
			RebuildTransferFunctionScriptingTraits (0ms)
			SetupTypeCache (83ms)
			ReleaseScriptCaches (0ms)
			RebuildScriptCaches (25ms)
			SetupLoadedEditorAssemblies (774ms)
				LogAssemblyErrors (0ms)
				InitializePlatformSupportModulesInManaged (438ms)
				SetLoadedEditorAssemblies (0ms)
				RefreshPlugins (159ms)
				BeforeProcessingInitializeOnLoad (2ms)
				ProcessInitializeOnLoadAttributes (116ms)
				ProcessInitializeOnLoadMethodAttributes (59ms)
				AfterProcessingInitializeOnLoad (0ms)
				EditorAssembliesLoaded (0ms)
			ExecutionOrderSort2 (0ms)
			AwakeInstancesAfterBackupRestoration (0ms)
Platform modules already initialized, skipping
Registering precompiled user dll's ...
Registered in 0.005658 seconds.
Begin MonoManager ReloadAssembly
Symbol file LoadedFromMemory doesn't match image C:\Users\user\Desktop\Projects Unity\Cyber-Shift\Cyber-Shift\Cyber-Shift\Cyber-Shift\Library\PackageCache\com.unity.visualscripting@1.8.0\Editor\VisualScripting.Core\Dependencies\YamlDotNet\Unity.VisualScripting.YamlDotNet.dll
Symbol file LoadedFromMemory doesn't match image C:\Users\user\Desktop\Projects Unity\Cyber-Shift\Cyber-Shift\Cyber-Shift\Cyber-Shift\Library\PackageCache\com.unity.visualscripting@1.8.0\Editor\VisualScripting.Core\Dependencies\DotNetZip\Unity.VisualScripting.IonicZip.dll
Native extension for WindowsStandalone target not found
Native extension for Android target not found
Refreshing native plugins compatible for Editor in 105.90 ms, found 5 plugins.
Preloading 0 native plugins for Editor in 0.00 ms.
Mono: successfully reloaded assembly
- Completed reload, in  1.266 seconds
Domain Reload Profiling:
	ReloadAssembly (1267ms)
		BeginReloadAssembly (116ms)
			ExecutionOrderSort (0ms)
			DisableScriptedObjects (5ms)
			BackupInstance (0ms)
			ReleaseScriptingObjects (0ms)
			CreateAndSetChildDomain (16ms)
		EndReloadAssembly (1042ms)
			LoadAssemblies (112ms)
			RebuildTransferFunctionScriptingTraits (0ms)
			SetupTypeCache (301ms)
			ReleaseScriptCaches (1ms)
			RebuildScriptCaches (67ms)
			SetupLoadedEditorAssemblies (541ms)
				LogAssemblyErrors (0ms)
				InitializePlatformSupportModulesInManaged (11ms)
				SetLoadedEditorAssemblies (0ms)
				RefreshPlugins (106ms)
				BeforeProcessingInitializeOnLoad (101ms)
				ProcessInitializeOnLoadAttributes (244ms)
				ProcessInitializeOnLoadMethodAttributes (76ms)
				AfterProcessingInitializeOnLoad (3ms)
				EditorAssembliesLoaded (0ms)
			ExecutionOrderSort2 (0ms)
			AwakeInstancesAfterBackupRestoration (5ms)
Platform modules already initialized, skipping
========================================================================
Worker process is ready to serve import requests
Launched and connected shader compiler UnityShaderCompiler.exe after 0.06 seconds
Refreshing native plugins compatible for Editor in 1.13 ms, found 5 plugins.
Preloading 0 native plugins for Editor in 0.00 ms.
Unloading 6360 Unused Serialized files (Serialized files now loaded: 0)
Unloading 59 unused Assets / (2.7 MB). Loaded Objects now: 6808.
Memory consumption went from 260.3 MB to 257.6 MB.
Total: 4.270000 ms (FindLiveObjects: 0.405300 ms CreateObjectMapping: 0.237900 ms MarkObjects: 3.053000 ms  DeleteObjects: 0.572700 ms)

AssetImportParameters requested are different than current active one (requested -> active):
  custom:video-decoder-ogg-theora: a1e56fd34408186e4bbccfd4996cb3dc -> 
  custom:container-muxer-webm: aa71ff27fc2769a1b78a27578f13a17b -> 
  custom:container-demuxer-webm: 4f35f7cbe854078d1ac9338744f61a02 -> 
  custom:video-encoder-webm-vp8: eb34c28f22e8b96e1ab97ce403110664 -> 
  custom:video-codec-MediaFoundation-h265: 746d11721c4dcdbdad8f713fa42b33f4 -> 
  custom:audio-encoder-webm-vorbis: bf7c407c2cedff20999df2af8eb42d56 -> 
  custom:framework-win-MediaFoundation: 216162199b28c13a410421893ffa2e32 -> 
  custom:container-demuxer-ogg: 62fdf1f143b41e24485cea50d1cbac27 -> 
  custom:video-decoder-webm-vp8: 9c59270c3fd7afecdb556c50c9e8de78 -> 
  custom:audio-decoder-ogg-vorbis: bf7c407c2cedff20999df2af8eb42d56 -> 
========================================================================
Received Import Request.
  Time since last request: 45034.482162 seconds.
  path: Assets/Prefab/Room/constructor/custom/custom-hugeroom_1.prefab
  artifactKey: Guid(7f1c9b69061d8934297c5b09fec12572) Importer(815301076,1909f56bfc062723c751e8b465ee728b)
Start importing Assets/Prefab/Room/constructor/custom/custom-hugeroom_1.prefab using Guid(7f1c9b69061d8934297c5b09fec12572) Importer(815301076,1909f56bfc062723c751e8b465ee728b)  -> (artifact id: '9b6f8502833f92f457f0ea19dbe9c48f') in 0.293603 seconds 
========================================================================
Received Import Request.
  Time since last request: 0.707434 seconds.
  path: Assets/Prefab/Room/constructor/custom/custom-hugeroom_1.prefab
  artifactKey: Guid(7f1c9b69061d8934297c5b09fec12572) Importer(815301076,1909f56bfc062723c751e8b465ee728b)
Start importing Assets/Prefab/Room/constructor/custom/custom-hugeroom_1.prefab using Guid(7f1c9b69061d8934297c5b09fec12572) Importer(815301076,1909f56bfc062723c751e8b465ee728b)  -> (artifact id: '91295b552e0cc473d74f8f319a004bcd') in 0.105887 seconds 
========================================================================
Received Import Request.
  Time since last request: 4.546138 seconds.
  path: Assets/Prefab/Room/constructor/custom/custom-hugeroom_1.prefab
  artifactKey: Guid(7f1c9b69061d8934297c5b09fec12572) Importer(815301076,1909f56bfc062723c751e8b465ee728b)
Start importing Assets/Prefab/Room/constructor/custom/custom-hugeroom_1.prefab using Guid(7f1c9b69061d8934297c5b09fec12572) Importer(815301076,1909f56bfc062723c751e8b465ee728b)  -> (artifact id: '7bb24de6c65d110d0f074a759605f2cb') in 0.065588 seconds 
========================================================================
Received Import Request.
  Time since last request: 1.542803 seconds.
  path: Assets/Prefab/Room/constructor/custom/custom-hugeroom_1.prefab
  artifactKey: Guid(7f1c9b69061d8934297c5b09fec12572) Importer(815301076,1909f56bfc062723c751e8b465ee728b)
Start importing Assets/Prefab/Room/constructor/custom/custom-hugeroom_1.prefab using Guid(7f1c9b69061d8934297c5b09fec12572) Importer(815301076,1909f56bfc062723c751e8b465ee728b)  -> (artifact id: '6d34596e81908723fc3e9f6356efc602') in 0.103957 seconds 
========================================================================
Received Import Request.
  Time since last request: 3.749987 seconds.
  path: Assets/Prefab/Room/constructor/custom/custom-hugeroom_1.prefab
  artifactKey: Guid(7f1c9b69061d8934297c5b09fec12572) Importer(815301076,1909f56bfc062723c751e8b465ee728b)
Start importing Assets/Prefab/Room/constructor/custom/custom-hugeroom_1.prefab using Guid(7f1c9b69061d8934297c5b09fec12572) Importer(815301076,1909f56bfc062723c751e8b465ee728b)  -> (artifact id: '78c1112129a074f6c590cbceb0e05334') in 0.093085 seconds 
========================================================================
Received Import Request.
  Time since last request: 17.091118 seconds.
  path: Assets/Prefab/Room/constructor/custom/custom-hugeroom_1.prefab
  artifactKey: Guid(7f1c9b69061d8934297c5b09fec12572) Importer(815301076,1909f56bfc062723c751e8b465ee728b)
Start importing Assets/Prefab/Room/constructor/custom/custom-hugeroom_1.prefab using Guid(7f1c9b69061d8934297c5b09fec12572) Importer(815301076,1909f56bfc062723c751e8b465ee728b)  -> (artifact id: 'b0db7a0595c536d7188956d1a68688fd') in 0.066563 seconds 
========================================================================
Received Import Request.
  Time since last request: 5.784139 seconds.
  path: Assets/Prefab/Room/constructor/custom/custom-hugeroom_1.prefab
  artifactKey: Guid(7f1c9b69061d8934297c5b09fec12572) Importer(815301076,1909f56bfc062723c751e8b465ee728b)
Start importing Assets/Prefab/Room/constructor/custom/custom-hugeroom_1.prefab using Guid(7f1c9b69061d8934297c5b09fec12572) Importer(815301076,1909f56bfc062723c751e8b465ee728b)  -> (artifact id: 'b1ff354601600d89a31e48dd3fdb044e') in 0.063761 seconds 
========================================================================
Received Import Request.
  Time since last request: 1.758924 seconds.
  path: Assets/Prefab/Room/constructor/custom/custom-hugeroom_1.prefab
  artifactKey: Guid(7f1c9b69061d8934297c5b09fec12572) Importer(815301076,1909f56bfc062723c751e8b465ee728b)
Start importing Assets/Prefab/Room/constructor/custom/custom-hugeroom_1.prefab using Guid(7f1c9b69061d8934297c5b09fec12572) Importer(815301076,1909f56bfc062723c751e8b465ee728b)  -> (artifact id: '3fa0ba5745b89c4035df37cd5e55b76e') in 0.074037 seconds 
========================================================================
Received Import Request.
  Time since last request: 1.543589 seconds.
  path: Assets/Prefab/Room/constructor/custom/custom-hugeroom_1.prefab
  artifactKey: Guid(7f1c9b69061d8934297c5b09fec12572) Importer(815301076,1909f56bfc062723c751e8b465ee728b)
Start importing Assets/Prefab/Room/constructor/custom/custom-hugeroom_1.prefab using Guid(7f1c9b69061d8934297c5b09fec12572) Importer(815301076,1909f56bfc062723c751e8b465ee728b)  -> (artifact id: '4353d7ac5d0ae51275c1124537dfd71f') in 0.084743 seconds 
========================================================================
Received Import Request.
  Time since last request: 0.744361 seconds.
  path: Assets/Prefab/Room/constructor/custom/custom-hugeroom_1.prefab
  artifactKey: Guid(7f1c9b69061d8934297c5b09fec12572) Importer(815301076,1909f56bfc062723c751e8b465ee728b)
Start importing Assets/Prefab/Room/constructor/custom/custom-hugeroom_1.prefab using Guid(7f1c9b69061d8934297c5b09fec12572) Importer(815301076,1909f56bfc062723c751e8b465ee728b)  -> (artifact id: '661cf156dd859aa51857de7c95d8cb6c') in 0.090811 seconds 
========================================================================
Received Import Request.
  Time since last request: 2.951919 seconds.
  path: Assets/Prefab/Room/constructor/custom/custom-hugeroom_1.prefab
  artifactKey: Guid(7f1c9b69061d8934297c5b09fec12572) Importer(815301076,1909f56bfc062723c751e8b465ee728b)
Start importing Assets/Prefab/Room/constructor/custom/custom-hugeroom_1.prefab using Guid(7f1c9b69061d8934297c5b09fec12572) Importer(815301076,1909f56bfc062723c751e8b465ee728b)  -> (artifact id: '656aaac53e1f6b8aaf456d681da8cf42') in 0.075471 seconds 
========================================================================
Received Import Request.
  Time since last request: 4.973632 seconds.
  path: Assets/Prefab/Room/constructor/custom/custom-hugeroom_1.prefab
  artifactKey: Guid(7f1c9b69061d8934297c5b09fec12572) Importer(815301076,1909f56bfc062723c751e8b465ee728b)
Start importing Assets/Prefab/Room/constructor/custom/custom-hugeroom_1.prefab using Guid(7f1c9b69061d8934297c5b09fec12572) Importer(815301076,1909f56bfc062723c751e8b465ee728b)  -> (artifact id: 'f4b87f5beab73dd84eccd89fd6e56f7e') in 0.099110 seconds 
========================================================================
Received Import Request.
  Time since last request: 3.780882 seconds.
  path: Assets/Prefab/Room/constructor/custom/custom-hugeroom_1.prefab
  artifactKey: Guid(7f1c9b69061d8934297c5b09fec12572) Importer(815301076,1909f56bfc062723c751e8b465ee728b)
Start importing Assets/Prefab/Room/constructor/custom/custom-hugeroom_1.prefab using Guid(7f1c9b69061d8934297c5b09fec12572) Importer(815301076,1909f56bfc062723c751e8b465ee728b)  -> (artifact id: 'c20106db3aaf8a2b52e193a223f43094') in 0.071876 seconds 
========================================================================
Received Import Request.
  Time since last request: 1.758636 seconds.
  path: Assets/Prefab/Room/constructor/custom/custom-hugeroom_1.prefab
  artifactKey: Guid(7f1c9b69061d8934297c5b09fec12572) Importer(815301076,1909f56bfc062723c751e8b465ee728b)
Start importing Assets/Prefab/Room/constructor/custom/custom-hugeroom_1.prefab using Guid(7f1c9b69061d8934297c5b09fec12572) Importer(815301076,1909f56bfc062723c751e8b465ee728b)  -> (artifact id: '4f713be89c7aaab99450db7d84c5b417') in 0.090872 seconds 
========================================================================
Received Import Request.
  Time since last request: 6.409185 seconds.
  path: Assets/Prefab/Room/constructor/custom/custom-hugeroom_1.prefab
  artifactKey: Guid(7f1c9b69061d8934297c5b09fec12572) Importer(815301076,1909f56bfc062723c751e8b465ee728b)
Start importing Assets/Prefab/Room/constructor/custom/custom-hugeroom_1.prefab using Guid(7f1c9b69061d8934297c5b09fec12572) Importer(815301076,1909f56bfc062723c751e8b465ee728b)  -> (artifact id: '11ec96cbdc2bbf6b745c656b9396973d') in 0.101248 seconds 
========================================================================
Received Import Request.
  Time since last request: 295.409498 seconds.
  path: Assets/Prefab/Room/Light Probe Group.prefab
  artifactKey: Guid(cf7b163cc337792468c361d04e0f6405) Importer(815301076,1909f56bfc062723c751e8b465ee728b)
Start importing Assets/Prefab/Room/Light Probe Group.prefab using Guid(cf7b163cc337792468c361d04e0f6405) Importer(815301076,1909f56bfc062723c751e8b465ee728b)  -> (artifact id: '7b9d07597a69b584ebe595d14e362b15') in 0.007899 seconds 
========================================================================
Received Import Request.
  Time since last request: 21.644634 seconds.
  path: Assets/Prefab/Room/Light_Probe.prefab
  artifactKey: Guid(cf7b163cc337792468c361d04e0f6405) Importer(815301076,1909f56bfc062723c751e8b465ee728b)
Start importing Assets/Prefab/Room/Light_Probe.prefab using Guid(cf7b163cc337792468c361d04e0f6405) Importer(815301076,1909f56bfc062723c751e8b465ee728b)  -> (artifact id: '34ba34df0d8f1b516602cbfc4e73a3fc') in 0.004927 seconds 
========================================================================
Received Import Request.
  Time since last request: 9.129262 seconds.
  path: Assets/Prefab/Room/space-station-modular-assets-student-work
  artifactKey: Guid(3e84a4446e3c85748af32918c285cc3e) Importer(815301076,1909f56bfc062723c751e8b465ee728b)
Start importing Assets/Prefab/Room/space-station-modular-assets-student-work using Guid(3e84a4446e3c85748af32918c285cc3e) Importer(815301076,1909f56bfc062723c751e8b465ee728b)  -> (artifact id: '352688e9f1ccc41e1538d79256ed7ad6') in 0.002110 seconds 
========================================================================
Received Import Request.
  Time since last request: 0.112234 seconds.
  path: Assets/Prefab/Room/space-station-modular-assets-student-work/Corner_column.prefab
  artifactKey: Guid(f3ac7247914e457429b0fa819ab0461f) Importer(815301076,1909f56bfc062723c751e8b465ee728b)
Start importing Assets/Prefab/Room/space-station-modular-assets-student-work/Corner_column.prefab using Guid(f3ac7247914e457429b0fa819ab0461f) Importer(815301076,1909f56bfc062723c751e8b465ee728b)  -> (artifact id: '800b2b1de59f2ed363f53d08747df9d7') in 0.016671 seconds 
========================================================================
Received Import Request.
  Time since last request: 0.000040 seconds.
  path: Assets/Prefab/Room/space-station-modular-assets-student-work/Corridor_with_dor.prefab
  artifactKey: Guid(3dc504bb4bf4a3048b72d64240a405e9) Importer(815301076,1909f56bfc062723c751e8b465ee728b)
Start importing Assets/Prefab/Room/space-station-modular-assets-student-work/Corridor_with_dor.prefab using Guid(3dc504bb4bf4a3048b72d64240a405e9) Importer(815301076,1909f56bfc062723c751e8b465ee728b)  -> (artifact id: '8c2ffdbcb185a0b8d9709c48a1bf3241') in 0.073011 seconds 
========================================================================
Received Import Request.
  Time since last request: 0.000177 seconds.
  path: Assets/Prefab/Room/space-station-modular-assets-student-work/Сorridor_wall.prefab
  artifactKey: Guid(b1c44398744cfbb44a8d62cc014b5775) Importer(815301076,1909f56bfc062723c751e8b465ee728b)
Start importing Assets/Prefab/Room/space-station-modular-assets-student-work/Сorridor_wall.prefab using Guid(b1c44398744cfbb44a8d62cc014b5775) Importer(815301076,1909f56bfc062723c751e8b465ee728b)  -> (artifact id: 'f81c9650de293dab68172b3b3d85b9d3') in 0.014500 seconds 
========================================================================
Received Import Request.
  Time since last request: 0.000023 seconds.
  path: Assets/Prefab/Room/space-station-modular-assets-student-work/Door.prefab
  artifactKey: Guid(53ecf57668c570644826f8f822e2ff68) Importer(815301076,1909f56bfc062723c751e8b465ee728b)
Start importing Assets/Prefab/Room/space-station-modular-assets-student-work/Door.prefab using Guid(53ecf57668c570644826f8f822e2ff68) Importer(815301076,1909f56bfc062723c751e8b465ee728b)  -> (artifact id: '9df7e0d3387eb8841f8f245157015fe0') in 0.064951 seconds 
========================================================================
Received Import Request.
  Time since last request: 0.000035 seconds.
  path: Assets/Prefab/Room/space-station-modular-assets-student-work/Turn.prefab
  artifactKey: Guid(7e7e31296e23ec74b9203ba0738d2e10) Importer(815301076,1909f56bfc062723c751e8b465ee728b)
Start importing Assets/Prefab/Room/space-station-modular-assets-student-work/Turn.prefab using Guid(7e7e31296e23ec74b9203ba0738d2e10) Importer(815301076,1909f56bfc062723c751e8b465ee728b)  -> (artifact id: 'abcee9fbdd84215d90ed8e6653231a9e') in 0.056893 seconds 
========================================================================
Received Import Request.
  Time since last request: 0.000043 seconds.
  path: Assets/Prefab/Room/space-station-modular-assets-student-work/Wall.prefab
  artifactKey: Guid(a14ce7945256d3246bf1a633c5cdb643) Importer(815301076,1909f56bfc062723c751e8b465ee728b)
Start importing Assets/Prefab/Room/space-station-modular-assets-student-work/Wall.prefab using Guid(a14ce7945256d3246bf1a633c5cdb643) Importer(815301076,1909f56bfc062723c751e8b465ee728b)  -> (artifact id: 'f030d0149ab9b8d74e6e6b33db9ed31f') in 0.058932 seconds 
========================================================================
Received Import Request.
  Time since last request: 0.000029 seconds.
  path: Assets/Prefab/Room/space-station-modular-assets-student-work/Wall_LP_Pipes_NoVent_Material_Roughness.png
  artifactKey: Guid(c92e5c3852e4be24791d9b2c88a14005) Importer(815301076,1909f56bfc062723c751e8b465ee728b)
Start importing Assets/Prefab/Room/space-station-modular-assets-student-work/Wall_LP_Pipes_NoVent_Material_Roughness.png using Guid(c92e5c3852e4be24791d9b2c88a14005) Importer(815301076,1909f56bfc062723c751e8b465ee728b)  -> (artifact id: 'f6b027fc30d6f8a2399a1c5f13a67626') in 0.037175 seconds 
Editor requested this worker to shutdown with reason: Scaling down because of idle timeout
AssetImportWorker is now disconnected from the server
Process exiting
Exiting without the bug reporter. Application will terminate with return code 0