Using pre-set license
Built from '2021.3/staging' branch; Version is '2021.3.24f1 (cf10dcf7010d) revision 13570268'; Using compiler version '192829333'; Build Type 'Release'
OS: 'Windows 11  (10.0.22631) 64bit Professional' Language: 'ru' Physical Memory: 32507 MB
BatchMode: 1, IsHumanControllingUs: 0, StartBugReporterOnCrash: 0, Is64bit: 1, IsPro: 1

COMMAND LINE ARGUMENTS:
C:\Program Files\Unity\Hub\Editor\2021.3.24f1\Editor\Unity.exe
-adb2
-batchMode
-noUpm
-name
AssetImportWorker8
-projectPath
C:/Users/user/Desktop/Projects Unity/Cyber-Shift/Cyber-Shift/Cyber-Shift/Cyber-Shift
-logFile
Logs/AssetImportWorker8.log
-srvPort
4324
Successfully changed project path to: C:/Users/user/Desktop/Projects Unity/Cyber-Shift/Cyber-Shift/Cyber-Shift/Cyber-Shift
C:/Users/user/Desktop/Projects Unity/Cyber-Shift/Cyber-Shift/Cyber-Shift/Cyber-Shift
[UnityMemory] Configuration Parameters - Can be set up in boot.config
    "memorysetup-bucket-allocator-granularity=16"
    "memorysetup-bucket-allocator-bucket-count=8"
    "memorysetup-bucket-allocator-block-size=33554432"
    "memorysetup-bucket-allocator-block-count=8"
    "memorysetup-main-allocator-block-size=16777216"
    "memorysetup-thread-allocator-block-size=16777216"
    "memorysetup-gfx-main-allocator-block-size=16777216"
    "memorysetup-gfx-thread-allocator-block-size=16777216"
    "memorysetup-cache-allocator-block-size=4194304"
    "memorysetup-typetree-allocator-block-size=2097152"
    "memorysetup-profiler-bucket-allocator-granularity=16"
    "memorysetup-profiler-bucket-allocator-bucket-count=8"
    "memorysetup-profiler-bucket-allocator-block-size=33554432"
    "memorysetup-profiler-bucket-allocator-block-count=8"
    "memorysetup-profiler-allocator-block-size=16777216"
    "memorysetup-profiler-editor-allocator-block-size=1048576"
    "memorysetup-temp-allocator-size-main=16777216"
    "memorysetup-job-temp-allocator-block-size=2097152"
    "memorysetup-job-temp-allocator-block-size-background=1048576"
    "memorysetup-job-temp-allocator-reduction-small-platforms=262144"
    "memorysetup-temp-allocator-size-background-worker=32768"
    "memorysetup-temp-allocator-size-job-worker=262144"
    "memorysetup-temp-allocator-size-preload-manager=33554432"
    "memorysetup-temp-allocator-size-nav-mesh-worker=65536"
    "memorysetup-temp-allocator-size-audio-worker=65536"
    "memorysetup-temp-allocator-size-cloud-worker=32768"
    "memorysetup-temp-allocator-size-gi-baking-worker=262144"
    "memorysetup-temp-allocator-size-gfx=262144"
Player connection [18012] Host "[IP] 192.168.0.114 [Port] 0 [Flags] 2 [Guid] 2655279593 [EditorId] 2655279593 [Version] 1048832 [Id] WindowsEditor(7,HOME-PC) [Debug] 1 [PackageName] WindowsEditor [ProjectName] Editor" joined multi-casting on [225.0.0.222:54997]...

Player connection [18012] Host "[IP] 192.168.0.114 [Port] 0 [Flags] 2 [Guid] 2655279593 [EditorId] 2655279593 [Version] 1048832 [Id] WindowsEditor(7,HOME-PC) [Debug] 1 [PackageName] WindowsEditor [ProjectName] Editor" joined alternative multi-casting on [225.0.0.222:34997]...

Refreshing native plugins compatible for Editor in 153.95 ms, found 5 plugins.
Preloading 0 native plugins for Editor in 0.00 ms.
Initialize engine version: 2021.3.24f1 (cf10dcf7010d)
[Subsystems] Discovering subsystems at path C:/Program Files/Unity/Hub/Editor/2021.3.24f1/Editor/Data/Resources/UnitySubsystems
[Subsystems] Discovering subsystems at path C:/Users/user/Desktop/Projects Unity/Cyber-Shift/Cyber-Shift/Cyber-Shift/Cyber-Shift/Assets
GfxDevice: creating device client; threaded=0; jobified=0
Direct3D:
    Version:  Direct3D 11.0 [level 11.1]
    Renderer: NVIDIA GeForce RTX 4060 Laptop GPU (ID=0x28e0)
    Vendor:   NVIDIA
    VRAM:     7957 MB
    Driver:   32.0.15.6603
Initialize mono
Mono path[0] = 'C:/Program Files/Unity/Hub/Editor/2021.3.24f1/Editor/Data/Managed'
Mono path[1] = 'C:/Program Files/Unity/Hub/Editor/2021.3.24f1/Editor/Data/MonoBleedingEdge/lib/mono/unityjit-win32'
Mono config path = 'C:/Program Files/Unity/Hub/Editor/2021.3.24f1/Editor/Data/MonoBleedingEdge/etc'
Using monoOptions --debugger-agent=transport=dt_socket,embedding=1,server=y,suspend=n,address=127.0.0.1:56568
Begin MonoManager ReloadAssembly
Registering precompiled unity dll's ...
Register platform support module: C:/Program Files/Unity/Hub/Editor/2021.3.24f1/Editor/Data/PlaybackEngines/AndroidPlayer/UnityEditor.Android.Extensions.dll
Register platform support module: C:/Program Files/Unity/Hub/Editor/2021.3.24f1/Editor/Data/PlaybackEngines/WindowsStandaloneSupport/UnityEditor.WindowsStandalone.Extensions.dll
Registered in 0.002675 seconds.
Native extension for WindowsStandalone target not found
Native extension for Android target not found
Android Extension - Scanning For ADB Devices 490 ms
Refreshing native plugins compatible for Editor in 119.06 ms, found 5 plugins.
Preloading 0 native plugins for Editor in 0.00 ms.
Mono: successfully reloaded assembly
- Completed reload, in  1.121 seconds
Domain Reload Profiling:
	ReloadAssembly (1121ms)
		BeginReloadAssembly (82ms)
			ExecutionOrderSort (0ms)
			DisableScriptedObjects (0ms)
			BackupInstance (0ms)
			ReleaseScriptingObjects (0ms)
			CreateAndSetChildDomain (1ms)
		EndReloadAssembly (956ms)
			LoadAssemblies (82ms)
			RebuildTransferFunctionScriptingTraits (0ms)
			SetupTypeCache (95ms)
			ReleaseScriptCaches (0ms)
			RebuildScriptCaches (24ms)
			SetupLoadedEditorAssemblies (795ms)
				LogAssemblyErrors (0ms)
				InitializePlatformSupportModulesInManaged (561ms)
				SetLoadedEditorAssemblies (0ms)
				RefreshPlugins (119ms)
				BeforeProcessingInitializeOnLoad (1ms)
				ProcessInitializeOnLoadAttributes (80ms)
				ProcessInitializeOnLoadMethodAttributes (34ms)
				AfterProcessingInitializeOnLoad (0ms)
				EditorAssembliesLoaded (0ms)
			ExecutionOrderSort2 (0ms)
			AwakeInstancesAfterBackupRestoration (0ms)
Platform modules already initialized, skipping
Registering precompiled user dll's ...
Registered in 0.005305 seconds.
Begin MonoManager ReloadAssembly
Symbol file LoadedFromMemory doesn't match image C:\Users\user\Desktop\Projects Unity\Cyber-Shift\Cyber-Shift\Cyber-Shift\Cyber-Shift\Library\PackageCache\com.unity.visualscripting@1.8.0\Editor\VisualScripting.Core\Dependencies\YamlDotNet\Unity.VisualScripting.YamlDotNet.dll
Symbol file LoadedFromMemory doesn't match image C:\Users\user\Desktop\Projects Unity\Cyber-Shift\Cyber-Shift\Cyber-Shift\Cyber-Shift\Library\PackageCache\com.unity.visualscripting@1.8.0\Editor\VisualScripting.Core\Dependencies\DotNetZip\Unity.VisualScripting.IonicZip.dll
Native extension for WindowsStandalone target not found
Native extension for Android target not found
Refreshing native plugins compatible for Editor in 122.58 ms, found 5 plugins.
Preloading 0 native plugins for Editor in 0.00 ms.
Mono: successfully reloaded assembly
- Completed reload, in  1.332 seconds
Domain Reload Profiling:
	ReloadAssembly (1333ms)
		BeginReloadAssembly (95ms)
			ExecutionOrderSort (0ms)
			DisableScriptedObjects (5ms)
			BackupInstance (0ms)
			ReleaseScriptingObjects (0ms)
			CreateAndSetChildDomain (15ms)
		EndReloadAssembly (1141ms)
			LoadAssemblies (93ms)
			RebuildTransferFunctionScriptingTraits (0ms)
			SetupTypeCache (284ms)
			ReleaseScriptCaches (1ms)
			RebuildScriptCaches (74ms)
			SetupLoadedEditorAssemblies (637ms)
				LogAssemblyErrors (0ms)
				InitializePlatformSupportModulesInManaged (13ms)
				SetLoadedEditorAssemblies (0ms)
				RefreshPlugins (123ms)
				BeforeProcessingInitializeOnLoad (125ms)
				ProcessInitializeOnLoadAttributes (272ms)
				ProcessInitializeOnLoadMethodAttributes (100ms)
				AfterProcessingInitializeOnLoad (3ms)
				EditorAssembliesLoaded (0ms)
			ExecutionOrderSort2 (0ms)
			AwakeInstancesAfterBackupRestoration (7ms)
Platform modules already initialized, skipping
========================================================================
Worker process is ready to serve import requests
Launched and connected shader compiler UnityShaderCompiler.exe after 0.06 seconds
Refreshing native plugins compatible for Editor in 1.35 ms, found 5 plugins.
Preloading 0 native plugins for Editor in 0.00 ms.
Unloading 6360 Unused Serialized files (Serialized files now loaded: 0)
Unloading 59 unused Assets / (2.7 MB). Loaded Objects now: 6808.
Memory consumption went from 260.3 MB to 257.6 MB.
Total: 5.378700 ms (FindLiveObjects: 0.662000 ms CreateObjectMapping: 0.323200 ms MarkObjects: 3.781200 ms  DeleteObjects: 0.611000 ms)

AssetImportParameters requested are different than current active one (requested -> active):
  custom:video-decoder-ogg-theora: a1e56fd34408186e4bbccfd4996cb3dc -> 
  custom:container-muxer-webm: aa71ff27fc2769a1b78a27578f13a17b -> 
  custom:container-demuxer-webm: 4f35f7cbe854078d1ac9338744f61a02 -> 
  custom:video-encoder-webm-vp8: eb34c28f22e8b96e1ab97ce403110664 -> 
  custom:video-codec-MediaFoundation-h265: 746d11721c4dcdbdad8f713fa42b33f4 -> 
  custom:audio-encoder-webm-vorbis: bf7c407c2cedff20999df2af8eb42d56 -> 
  custom:framework-win-MediaFoundation: 216162199b28c13a410421893ffa2e32 -> 
  custom:container-demuxer-ogg: 62fdf1f143b41e24485cea50d1cbac27 -> 
  custom:video-decoder-webm-vp8: 9c59270c3fd7afecdb556c50c9e8de78 -> 
  custom:audio-decoder-ogg-vorbis: bf7c407c2cedff20999df2af8eb42d56 -> 
========================================================================
Received Import Request.
  Time since last request: 45693.577074 seconds.
  path: Assets/Prefab/Room/Big_room_6.prefab
  artifactKey: Guid(cb91f791e2b0bb848b7f826d0911251e) Importer(815301076,1909f56bfc062723c751e8b465ee728b)
Start importing Assets/Prefab/Room/Big_room_6.prefab using Guid(cb91f791e2b0bb848b7f826d0911251e) Importer(815301076,1909f56bfc062723c751e8b465ee728b)  -> (artifact id: 'cfc34366ff9ec7254b637724123a59ef') in 0.384732 seconds 
========================================================================
Received Import Request.
  Time since last request: 3.042203 seconds.
  path: Assets/Prefab/Room/Big_room_6.prefab
  artifactKey: Guid(cb91f791e2b0bb848b7f826d0911251e) Importer(815301076,1909f56bfc062723c751e8b465ee728b)
Start importing Assets/Prefab/Room/Big_room_6.prefab using Guid(cb91f791e2b0bb848b7f826d0911251e) Importer(815301076,1909f56bfc062723c751e8b465ee728b)  -> (artifact id: 'd7d7ea36622dd2262ebf4fb75237fb3f') in 0.072145 seconds 
========================================================================
Received Import Request.
  Time since last request: 1.760445 seconds.
  path: Assets/Prefab/Room/Big_room_6.prefab
  artifactKey: Guid(cb91f791e2b0bb848b7f826d0911251e) Importer(815301076,1909f56bfc062723c751e8b465ee728b)
Start importing Assets/Prefab/Room/Big_room_6.prefab using Guid(cb91f791e2b0bb848b7f826d0911251e) Importer(815301076,1909f56bfc062723c751e8b465ee728b)  -> (artifact id: '0d1012106ad5dc77dfbfb5e0a459992d') in 0.051065 seconds 
========================================================================
Received Import Request.
  Time since last request: 3.195271 seconds.
  path: Assets/Prefab/Room/Big_room_6.prefab
  artifactKey: Guid(cb91f791e2b0bb848b7f826d0911251e) Importer(815301076,1909f56bfc062723c751e8b465ee728b)
Start importing Assets/Prefab/Room/Big_room_6.prefab using Guid(cb91f791e2b0bb848b7f826d0911251e) Importer(815301076,1909f56bfc062723c751e8b465ee728b)  -> (artifact id: '60ac37078a4cbd5a1c4f88bc302a974b') in 0.081539 seconds 
========================================================================
Received Import Request.
  Time since last request: 1.516959 seconds.
  path: Assets/Prefab/Room/Big_room_6.prefab
  artifactKey: Guid(cb91f791e2b0bb848b7f826d0911251e) Importer(815301076,1909f56bfc062723c751e8b465ee728b)
Start importing Assets/Prefab/Room/Big_room_6.prefab using Guid(cb91f791e2b0bb848b7f826d0911251e) Importer(815301076,1909f56bfc062723c751e8b465ee728b)  -> (artifact id: 'bf3538a04da23ad259b6355c655b4b72') in 0.064639 seconds 
========================================================================
Received Import Request.
  Time since last request: 4.474142 seconds.
  path: Assets/Prefab/Room/Big_room_6.prefab
  artifactKey: Guid(cb91f791e2b0bb848b7f826d0911251e) Importer(815301076,1909f56bfc062723c751e8b465ee728b)
Start importing Assets/Prefab/Room/Big_room_6.prefab using Guid(cb91f791e2b0bb848b7f826d0911251e) Importer(815301076,1909f56bfc062723c751e8b465ee728b)  -> (artifact id: '73db056df099d2e12e8c561ddc42b941') in 0.067649 seconds 
========================================================================
Received Import Request.
  Time since last request: 2.970402 seconds.
  path: Assets/Prefab/Room/Big_room_6.prefab
  artifactKey: Guid(cb91f791e2b0bb848b7f826d0911251e) Importer(815301076,1909f56bfc062723c751e8b465ee728b)
Start importing Assets/Prefab/Room/Big_room_6.prefab using Guid(cb91f791e2b0bb848b7f826d0911251e) Importer(815301076,1909f56bfc062723c751e8b465ee728b)  -> (artifact id: 'a6429978a506b51999a58ddf9aaf1f7d') in 0.049740 seconds 
========================================================================
Received Import Request.
  Time since last request: 3.851572 seconds.
  path: Assets/Prefab/Room/Big_room_6.prefab
  artifactKey: Guid(cb91f791e2b0bb848b7f826d0911251e) Importer(815301076,1909f56bfc062723c751e8b465ee728b)
Start importing Assets/Prefab/Room/Big_room_6.prefab using Guid(cb91f791e2b0bb848b7f826d0911251e) Importer(815301076,1909f56bfc062723c751e8b465ee728b)  -> (artifact id: '7a9541bf2e755a88e6ee59b6a3bac70f') in 0.055276 seconds 
========================================================================
Received Import Request.
  Time since last request: 1.347332 seconds.
  path: Assets/Prefab/Room/Big_room_6.prefab
  artifactKey: Guid(cb91f791e2b0bb848b7f826d0911251e) Importer(815301076,1909f56bfc062723c751e8b465ee728b)
Start importing Assets/Prefab/Room/Big_room_6.prefab using Guid(cb91f791e2b0bb848b7f826d0911251e) Importer(815301076,1909f56bfc062723c751e8b465ee728b)  -> (artifact id: '27188ee851e56557a32f078fbcd5e0ac') in 0.072411 seconds 
========================================================================
Received Import Request.
  Time since last request: 5.554731 seconds.
  path: Assets/Prefab/Room/Big_room_6.prefab
  artifactKey: Guid(cb91f791e2b0bb848b7f826d0911251e) Importer(815301076,1909f56bfc062723c751e8b465ee728b)
Start importing Assets/Prefab/Room/Big_room_6.prefab using Guid(cb91f791e2b0bb848b7f826d0911251e) Importer(815301076,1909f56bfc062723c751e8b465ee728b)  -> (artifact id: '4fc517cdfcce659470d308d474e22a0f') in 0.075209 seconds 
========================================================================
Received Import Request.
  Time since last request: 3.169554 seconds.
  path: Assets/Prefab/Room/Big_room_6.prefab
  artifactKey: Guid(cb91f791e2b0bb848b7f826d0911251e) Importer(815301076,1909f56bfc062723c751e8b465ee728b)
Start importing Assets/Prefab/Room/Big_room_6.prefab using Guid(cb91f791e2b0bb848b7f826d0911251e) Importer(815301076,1909f56bfc062723c751e8b465ee728b)  -> (artifact id: '0740d8c9d29a053f9b65e81cbbddf811') in 0.076617 seconds 
========================================================================
Received Import Request.
  Time since last request: 3.580411 seconds.
  path: Assets/Prefab/Room/Big_room_6.prefab
  artifactKey: Guid(cb91f791e2b0bb848b7f826d0911251e) Importer(815301076,1909f56bfc062723c751e8b465ee728b)
Start importing Assets/Prefab/Room/Big_room_6.prefab using Guid(cb91f791e2b0bb848b7f826d0911251e) Importer(815301076,1909f56bfc062723c751e8b465ee728b)  -> (artifact id: 'e523b8a54b544a22bf23f23681ad08e4') in 0.076029 seconds 
========================================================================
Received Import Request.
  Time since last request: 5.982814 seconds.
  path: Assets/Prefab/Room/Big_room_6.prefab
  artifactKey: Guid(cb91f791e2b0bb848b7f826d0911251e) Importer(815301076,1909f56bfc062723c751e8b465ee728b)
Start importing Assets/Prefab/Room/Big_room_6.prefab using Guid(cb91f791e2b0bb848b7f826d0911251e) Importer(815301076,1909f56bfc062723c751e8b465ee728b)  -> (artifact id: '3f44ce94bf3baad4be9893288da84941') in 0.088644 seconds 
========================================================================
Received Import Request.
  Time since last request: 5.378055 seconds.
  path: Assets/Prefab/Room/Big_room_6.prefab
  artifactKey: Guid(cb91f791e2b0bb848b7f826d0911251e) Importer(815301076,1909f56bfc062723c751e8b465ee728b)
Start importing Assets/Prefab/Room/Big_room_6.prefab using Guid(cb91f791e2b0bb848b7f826d0911251e) Importer(815301076,1909f56bfc062723c751e8b465ee728b)  -> (artifact id: '68766e97b0635bb2b58e4ac5832bd501') in 0.079213 seconds 
========================================================================
Received Import Request.
  Time since last request: 2.598722 seconds.
  path: Assets/Prefab/Room/Big_room_6.prefab
  artifactKey: Guid(cb91f791e2b0bb848b7f826d0911251e) Importer(815301076,1909f56bfc062723c751e8b465ee728b)
Start importing Assets/Prefab/Room/Big_room_6.prefab using Guid(cb91f791e2b0bb848b7f826d0911251e) Importer(815301076,1909f56bfc062723c751e8b465ee728b)  -> (artifact id: 'fac79e3aabf2a5f9a3cbcd9cb4f396b8') in 0.084022 seconds 
========================================================================
Received Import Request.
  Time since last request: 10.248615 seconds.
  path: Assets/Prefab/Room/Big_room_6.prefab
  artifactKey: Guid(cb91f791e2b0bb848b7f826d0911251e) Importer(815301076,1909f56bfc062723c751e8b465ee728b)
Start importing Assets/Prefab/Room/Big_room_6.prefab using Guid(cb91f791e2b0bb848b7f826d0911251e) Importer(815301076,1909f56bfc062723c751e8b465ee728b)  -> (artifact id: '99b2548c3d47f3196dd33fad7117d808') in 0.066489 seconds 
========================================================================
Received Import Request.
  Time since last request: 3.774249 seconds.
  path: Assets/Prefab/Room/Big_room_6.prefab
  artifactKey: Guid(cb91f791e2b0bb848b7f826d0911251e) Importer(815301076,1909f56bfc062723c751e8b465ee728b)
Start importing Assets/Prefab/Room/Big_room_6.prefab using Guid(cb91f791e2b0bb848b7f826d0911251e) Importer(815301076,1909f56bfc062723c751e8b465ee728b)  -> (artifact id: '4094e104158f674b81bc069ef1873afd') in 0.068078 seconds 
========================================================================
Received Import Request.
  Time since last request: 2.953068 seconds.
  path: Assets/Prefab/Room/Big_room_6.prefab
  artifactKey: Guid(cb91f791e2b0bb848b7f826d0911251e) Importer(815301076,1909f56bfc062723c751e8b465ee728b)
Start importing Assets/Prefab/Room/Big_room_6.prefab using Guid(cb91f791e2b0bb848b7f826d0911251e) Importer(815301076,1909f56bfc062723c751e8b465ee728b)  -> (artifact id: 'c13be709b1eff2bc15b974927b4f1085') in 0.051647 seconds 
========================================================================
Received Import Request.
  Time since last request: 4.802184 seconds.
  path: Assets/Prefab/Room/Big_room_6.prefab
  artifactKey: Guid(cb91f791e2b0bb848b7f826d0911251e) Importer(815301076,1909f56bfc062723c751e8b465ee728b)
Start importing Assets/Prefab/Room/Big_room_6.prefab using Guid(cb91f791e2b0bb848b7f826d0911251e) Importer(815301076,1909f56bfc062723c751e8b465ee728b)  -> (artifact id: '71f736f3c926b46d391b71c866cec932') in 0.063104 seconds 
========================================================================
Received Import Request.
  Time since last request: 11.651260 seconds.
  path: Assets/Prefab/Room/Big_room_6.prefab
  artifactKey: Guid(cb91f791e2b0bb848b7f826d0911251e) Importer(815301076,1909f56bfc062723c751e8b465ee728b)
Start importing Assets/Prefab/Room/Big_room_6.prefab using Guid(cb91f791e2b0bb848b7f826d0911251e) Importer(815301076,1909f56bfc062723c751e8b465ee728b)  -> (artifact id: 'ca9f5741b8bb6e2fb2cef09d9322443e') in 0.066231 seconds 
========================================================================
Received Import Request.
  Time since last request: 2.160303 seconds.
  path: Assets/Prefab/Room/Big_room_6.prefab
  artifactKey: Guid(cb91f791e2b0bb848b7f826d0911251e) Importer(815301076,1909f56bfc062723c751e8b465ee728b)
Start importing Assets/Prefab/Room/Big_room_6.prefab using Guid(cb91f791e2b0bb848b7f826d0911251e) Importer(815301076,1909f56bfc062723c751e8b465ee728b)  -> (artifact id: 'bab453785c94b613b0eba6158d644794') in 0.078922 seconds 
========================================================================
Received Import Request.
  Time since last request: 4.184913 seconds.
  path: Assets/Prefab/Room/Big_room_6.prefab
  artifactKey: Guid(cb91f791e2b0bb848b7f826d0911251e) Importer(815301076,1909f56bfc062723c751e8b465ee728b)
Start importing Assets/Prefab/Room/Big_room_6.prefab using Guid(cb91f791e2b0bb848b7f826d0911251e) Importer(815301076,1909f56bfc062723c751e8b465ee728b)  -> (artifact id: '7730f6440cc4eef5028f459214a4cffe') in 0.066952 seconds 
========================================================================
Received Import Request.
  Time since last request: 1.736662 seconds.
  path: Assets/Prefab/Room/Big_room_6.prefab
  artifactKey: Guid(cb91f791e2b0bb848b7f826d0911251e) Importer(815301076,1909f56bfc062723c751e8b465ee728b)
Start importing Assets/Prefab/Room/Big_room_6.prefab using Guid(cb91f791e2b0bb848b7f826d0911251e) Importer(815301076,1909f56bfc062723c751e8b465ee728b)  -> (artifact id: 'ad3ba1b8e5f7c7358812eb99550b4546') in 0.084126 seconds 
========================================================================
Received Import Request.
  Time since last request: 7.003417 seconds.
  path: Assets/Prefab/Room/Big_room_6.prefab
  artifactKey: Guid(cb91f791e2b0bb848b7f826d0911251e) Importer(815301076,1909f56bfc062723c751e8b465ee728b)
Start importing Assets/Prefab/Room/Big_room_6.prefab using Guid(cb91f791e2b0bb848b7f826d0911251e) Importer(815301076,1909f56bfc062723c751e8b465ee728b)  -> (artifact id: '3254c0a22ede94bac5c0f9a664c1dfe7') in 0.072757 seconds 
========================================================================
Received Import Request.
  Time since last request: 4.413133 seconds.
  path: Assets/Prefab/Room/Big_room_6.prefab
  artifactKey: Guid(cb91f791e2b0bb848b7f826d0911251e) Importer(815301076,1909f56bfc062723c751e8b465ee728b)
Start importing Assets/Prefab/Room/Big_room_6.prefab using Guid(cb91f791e2b0bb848b7f826d0911251e) Importer(815301076,1909f56bfc062723c751e8b465ee728b)  -> (artifact id: '4b152e25e81230a42cf894b243c71a41') in 0.064926 seconds 
========================================================================
Received Import Request.
  Time since last request: 1.384108 seconds.
  path: Assets/Prefab/Room/Big_room_6.prefab
  artifactKey: Guid(cb91f791e2b0bb848b7f826d0911251e) Importer(815301076,1909f56bfc062723c751e8b465ee728b)
Start importing Assets/Prefab/Room/Big_room_6.prefab using Guid(cb91f791e2b0bb848b7f826d0911251e) Importer(815301076,1909f56bfc062723c751e8b465ee728b)  -> (artifact id: 'eda2066efec1a7649ec00e151cf2b1fa') in 0.067298 seconds 
========================================================================
Received Import Request.
  Time since last request: 2.596388 seconds.
  path: Assets/Prefab/Room/Big_room_6.prefab
  artifactKey: Guid(cb91f791e2b0bb848b7f826d0911251e) Importer(815301076,1909f56bfc062723c751e8b465ee728b)
Start importing Assets/Prefab/Room/Big_room_6.prefab using Guid(cb91f791e2b0bb848b7f826d0911251e) Importer(815301076,1909f56bfc062723c751e8b465ee728b)  -> (artifact id: 'c538c50dc25f8de7ed8f3ba9a36616f6') in 0.084410 seconds 
========================================================================
Received Import Request.
  Time since last request: 8.989739 seconds.
  path: Assets/Prefab/Room/Big_room_6.prefab
  artifactKey: Guid(cb91f791e2b0bb848b7f826d0911251e) Importer(815301076,1909f56bfc062723c751e8b465ee728b)
Start importing Assets/Prefab/Room/Big_room_6.prefab using Guid(cb91f791e2b0bb848b7f826d0911251e) Importer(815301076,1909f56bfc062723c751e8b465ee728b)  -> (artifact id: '334d940128ee60a5009ee16cb4ce96bc') in 0.066043 seconds 
========================================================================
Received Import Request.
  Time since last request: 1.761291 seconds.
  path: Assets/Prefab/Room/Big_room_6.prefab
  artifactKey: Guid(cb91f791e2b0bb848b7f826d0911251e) Importer(815301076,1909f56bfc062723c751e8b465ee728b)
Start importing Assets/Prefab/Room/Big_room_6.prefab using Guid(cb91f791e2b0bb848b7f826d0911251e) Importer(815301076,1909f56bfc062723c751e8b465ee728b)  -> (artifact id: '19b6ab9df319fb1ea0e4f37cbc0dfdac') in 0.071106 seconds 
========================================================================
Received Import Request.
  Time since last request: 6.044338 seconds.
  path: Assets/Prefab/Room/Big_room_6.prefab
  artifactKey: Guid(cb91f791e2b0bb848b7f826d0911251e) Importer(815301076,1909f56bfc062723c751e8b465ee728b)
Start importing Assets/Prefab/Room/Big_room_6.prefab using Guid(cb91f791e2b0bb848b7f826d0911251e) Importer(815301076,1909f56bfc062723c751e8b465ee728b)  -> (artifact id: '36313718c57a66b596c13c2d3813555c') in 0.060850 seconds 
========================================================================
Received Import Request.
  Time since last request: 1.356813 seconds.
  path: Assets/Prefab/Room/Big_room_6.prefab
  artifactKey: Guid(cb91f791e2b0bb848b7f826d0911251e) Importer(815301076,1909f56bfc062723c751e8b465ee728b)
Start importing Assets/Prefab/Room/Big_room_6.prefab using Guid(cb91f791e2b0bb848b7f826d0911251e) Importer(815301076,1909f56bfc062723c751e8b465ee728b)  -> (artifact id: 'eaa790e79647087533fd27ee1b4d2665') in 0.083461 seconds 
========================================================================
Received Import Request.
  Time since last request: 23.506014 seconds.
  path: Assets/Prefab/Room/Room_2.prefab
  artifactKey: Guid(00c965a0381f8eb418b55d5a557c0903) Importer(815301076,1909f56bfc062723c751e8b465ee728b)
Start importing Assets/Prefab/Room/Room_2.prefab using Guid(00c965a0381f8eb418b55d5a557c0903) Importer(815301076,1909f56bfc062723c751e8b465ee728b)  -> (artifact id: '98e737de7b97e8580068984f899765df') in 0.080698 seconds 
========================================================================
Received Import Request.
  Time since last request: 2.156871 seconds.
  path: Assets/Prefab/Room/Room_2.prefab
  artifactKey: Guid(00c965a0381f8eb418b55d5a557c0903) Importer(815301076,1909f56bfc062723c751e8b465ee728b)
Start importing Assets/Prefab/Room/Room_2.prefab using Guid(00c965a0381f8eb418b55d5a557c0903) Importer(815301076,1909f56bfc062723c751e8b465ee728b)  -> (artifact id: '1eb19defa0c3d23a58c70230236dff3b') in 0.064521 seconds 
========================================================================
Received Import Request.
  Time since last request: 2.573627 seconds.
  path: Assets/Prefab/Room/Room_2.prefab
  artifactKey: Guid(00c965a0381f8eb418b55d5a557c0903) Importer(815301076,1909f56bfc062723c751e8b465ee728b)
Start importing Assets/Prefab/Room/Room_2.prefab using Guid(00c965a0381f8eb418b55d5a557c0903) Importer(815301076,1909f56bfc062723c751e8b465ee728b)  -> (artifact id: '9b56b3018c24c6db9ca7a8b7a8a4cea6') in 0.068228 seconds 
========================================================================
Received Import Request.
  Time since last request: 2.179472 seconds.
  path: Assets/Prefab/Room/Room_2.prefab
  artifactKey: Guid(00c965a0381f8eb418b55d5a557c0903) Importer(815301076,1909f56bfc062723c751e8b465ee728b)
Start importing Assets/Prefab/Room/Room_2.prefab using Guid(00c965a0381f8eb418b55d5a557c0903) Importer(815301076,1909f56bfc062723c751e8b465ee728b)  -> (artifact id: '3e7a75a2478f77b8a4fa0ce813b80a3c') in 0.061376 seconds 
========================================================================
Received Import Request.
  Time since last request: 5.005641 seconds.
  path: Assets/Prefab/Room/Room_2.prefab
  artifactKey: Guid(00c965a0381f8eb418b55d5a557c0903) Importer(815301076,1909f56bfc062723c751e8b465ee728b)
Start importing Assets/Prefab/Room/Room_2.prefab using Guid(00c965a0381f8eb418b55d5a557c0903) Importer(815301076,1909f56bfc062723c751e8b465ee728b)  -> (artifact id: 'aebf8c719bb47f8c186e8e074146e3f8') in 0.078216 seconds 
========================================================================
Received Import Request.
  Time since last request: 9.403486 seconds.
  path: Assets/Prefab/Room/Room_2.prefab
  artifactKey: Guid(00c965a0381f8eb418b55d5a557c0903) Importer(815301076,1909f56bfc062723c751e8b465ee728b)
Start importing Assets/Prefab/Room/Room_2.prefab using Guid(00c965a0381f8eb418b55d5a557c0903) Importer(815301076,1909f56bfc062723c751e8b465ee728b)  -> (artifact id: '3f4bd925c8f6db28a9da999f4f69d93a') in 0.067459 seconds 
========================================================================
Received Import Request.
  Time since last request: 1.209429 seconds.
  path: Assets/Prefab/Room/Room_2.prefab
  artifactKey: Guid(00c965a0381f8eb418b55d5a557c0903) Importer(815301076,1909f56bfc062723c751e8b465ee728b)
Start importing Assets/Prefab/Room/Room_2.prefab using Guid(00c965a0381f8eb418b55d5a557c0903) Importer(815301076,1909f56bfc062723c751e8b465ee728b)  -> (artifact id: 'b070f41ced6b2ec95e0b74ccd3269557') in 0.078827 seconds 
========================================================================
Received Import Request.
  Time since last request: 10.864343 seconds.
  path: Assets/Prefab/Room/Room_2.prefab
  artifactKey: Guid(00c965a0381f8eb418b55d5a557c0903) Importer(815301076,1909f56bfc062723c751e8b465ee728b)
Start importing Assets/Prefab/Room/Room_2.prefab using Guid(00c965a0381f8eb418b55d5a557c0903) Importer(815301076,1909f56bfc062723c751e8b465ee728b)  -> (artifact id: 'e8b11d477650b5a3dddadd0e41ed62fc') in 0.075878 seconds 
========================================================================
Received Import Request.
  Time since last request: 8.015730 seconds.
  path: Assets/Prefab/Room/Room_2.prefab
  artifactKey: Guid(00c965a0381f8eb418b55d5a557c0903) Importer(815301076,1909f56bfc062723c751e8b465ee728b)
Start importing Assets/Prefab/Room/Room_2.prefab using Guid(00c965a0381f8eb418b55d5a557c0903) Importer(815301076,1909f56bfc062723c751e8b465ee728b)  -> (artifact id: '98b3af2032ba1b11d8a11d9585d7c2d7') in 0.091619 seconds 
========================================================================
Received Import Request.
  Time since last request: 1.155501 seconds.
  path: Assets/Prefab/Room/Room_2.prefab
  artifactKey: Guid(00c965a0381f8eb418b55d5a557c0903) Importer(815301076,1909f56bfc062723c751e8b465ee728b)
Start importing Assets/Prefab/Room/Room_2.prefab using Guid(00c965a0381f8eb418b55d5a557c0903) Importer(815301076,1909f56bfc062723c751e8b465ee728b)  -> (artifact id: 'fc61ef8bf69233aaf50976d27109922b') in 0.080854 seconds 
========================================================================
Received Import Request.
  Time since last request: 3.979387 seconds.
  path: Assets/Prefab/Room/Room_2.prefab
  artifactKey: Guid(00c965a0381f8eb418b55d5a557c0903) Importer(815301076,1909f56bfc062723c751e8b465ee728b)
Start importing Assets/Prefab/Room/Room_2.prefab using Guid(00c965a0381f8eb418b55d5a557c0903) Importer(815301076,1909f56bfc062723c751e8b465ee728b)  -> (artifact id: 'd8e3c8e58c3d57fd64764c7797af235d') in 0.084970 seconds 
========================================================================
Received Import Request.
  Time since last request: 29.340125 seconds.
  path: Assets/Prefab/Room/Big_room_6.prefab
  artifactKey: Guid(cb91f791e2b0bb848b7f826d0911251e) Importer(815301076,1909f56bfc062723c751e8b465ee728b)
Start importing Assets/Prefab/Room/Big_room_6.prefab using Guid(cb91f791e2b0bb848b7f826d0911251e) Importer(815301076,1909f56bfc062723c751e8b465ee728b)  -> (artifact id: 'ef58b1479e70085ef20e65ff84a4370a') in 0.071589 seconds 
========================================================================
Received Import Request.
  Time since last request: 4.585086 seconds.
  path: Assets/Prefab/Room/Big_room_6.prefab
  artifactKey: Guid(cb91f791e2b0bb848b7f826d0911251e) Importer(815301076,1909f56bfc062723c751e8b465ee728b)
Start importing Assets/Prefab/Room/Big_room_6.prefab using Guid(cb91f791e2b0bb848b7f826d0911251e) Importer(815301076,1909f56bfc062723c751e8b465ee728b)  -> (artifact id: '442dfd3209a943cb941cc01d5ee5402f') in 0.057249 seconds 
========================================================================
Received Import Request.
  Time since last request: 11.299778 seconds.
  path: Assets/Prefab/Room/Big_room_6.prefab
  artifactKey: Guid(cb91f791e2b0bb848b7f826d0911251e) Importer(815301076,1909f56bfc062723c751e8b465ee728b)
Start importing Assets/Prefab/Room/Big_room_6.prefab using Guid(cb91f791e2b0bb848b7f826d0911251e) Importer(815301076,1909f56bfc062723c751e8b465ee728b)  -> (artifact id: '690312da1d113699e9bc5f3c7faaafc0') in 0.070152 seconds 
========================================================================
Received Import Request.
  Time since last request: 2.549086 seconds.
  path: Assets/Prefab/Room/Big_room_6.prefab
  artifactKey: Guid(cb91f791e2b0bb848b7f826d0911251e) Importer(815301076,1909f56bfc062723c751e8b465ee728b)
Start importing Assets/Prefab/Room/Big_room_6.prefab using Guid(cb91f791e2b0bb848b7f826d0911251e) Importer(815301076,1909f56bfc062723c751e8b465ee728b)  -> (artifact id: 'ec14085bb3d7219523eafa462635950e') in 0.075607 seconds 
========================================================================
Received Import Request.
  Time since last request: 24.810455 seconds.
  path: Assets/Prefab/Room/Big_room_6.prefab
  artifactKey: Guid(cb91f791e2b0bb848b7f826d0911251e) Importer(815301076,1909f56bfc062723c751e8b465ee728b)
Start importing Assets/Prefab/Room/Big_room_6.prefab using Guid(cb91f791e2b0bb848b7f826d0911251e) Importer(815301076,1909f56bfc062723c751e8b465ee728b)  -> (artifact id: '201ec7e9086122ce94e1888d90f5586f') in 0.076513 seconds 
========================================================================
Received Prepare
Registering precompiled user dll's ...
Registered in 0.003534 seconds.
Begin MonoManager ReloadAssembly
Symbol file LoadedFromMemory doesn't match image C:\Users\user\Desktop\Projects Unity\Cyber-Shift\Cyber-Shift\Cyber-Shift\Cyber-Shift\Library\PackageCache\com.unity.visualscripting@1.8.0\Editor\VisualScripting.Core\Dependencies\YamlDotNet\Unity.VisualScripting.YamlDotNet.dll
Symbol file LoadedFromMemory doesn't match image C:\Users\user\Desktop\Projects Unity\Cyber-Shift\Cyber-Shift\Cyber-Shift\Cyber-Shift\Library\PackageCache\com.unity.visualscripting@1.8.0\Editor\VisualScripting.Core\Dependencies\DotNetZip\Unity.VisualScripting.IonicZip.dll
Native extension for WindowsStandalone target not found
Native extension for Android target not found
Refreshing native plugins compatible for Editor in 0.72 ms, found 5 plugins.
Preloading 0 native plugins for Editor in 0.00 ms.
Mono: successfully reloaded assembly
- Completed reload, in  0.861 seconds
Domain Reload Profiling:
	ReloadAssembly (862ms)
		BeginReloadAssembly (111ms)
			ExecutionOrderSort (0ms)
			DisableScriptedObjects (6ms)
			BackupInstance (0ms)
			ReleaseScriptingObjects (0ms)
			CreateAndSetChildDomain (35ms)
		EndReloadAssembly (685ms)
			LoadAssemblies (67ms)
			RebuildTransferFunctionScriptingTraits (0ms)
			SetupTypeCache (203ms)
			ReleaseScriptCaches (2ms)
			RebuildScriptCaches (49ms)
			SetupLoadedEditorAssemblies (301ms)
				LogAssemblyErrors (0ms)
				InitializePlatformSupportModulesInManaged (11ms)
				SetLoadedEditorAssemblies (0ms)
				RefreshPlugins (1ms)
				BeforeProcessingInitializeOnLoad (61ms)
				ProcessInitializeOnLoadAttributes (160ms)
				ProcessInitializeOnLoadMethodAttributes (65ms)
				AfterProcessingInitializeOnLoad (3ms)
				EditorAssembliesLoaded (0ms)
			ExecutionOrderSort2 (0ms)
			AwakeInstancesAfterBackupRestoration (10ms)
Platform modules already initialized, skipping
Refreshing native plugins compatible for Editor in 2.37 ms, found 5 plugins.
Preloading 0 native plugins for Editor in 0.00 ms.
Unloading 6178 Unused Serialized files (Serialized files now loaded: 0)
Unloading 47 unused Assets / (2.7 MB). Loaded Objects now: 6867.
Memory consumption went from 253.3 MB to 250.6 MB.
Total: 3.364300 ms (FindLiveObjects: 0.283900 ms CreateObjectMapping: 0.181800 ms MarkObjects: 2.270000 ms  DeleteObjects: 0.627500 ms)

AssetImportParameters requested are different than current active one (requested -> active):
  custom:video-decoder-ogg-theora: a1e56fd34408186e4bbccfd4996cb3dc -> 
  custom:container-muxer-webm: aa71ff27fc2769a1b78a27578f13a17b -> 
  custom:container-demuxer-webm: 4f35f7cbe854078d1ac9338744f61a02 -> 
  custom:video-encoder-webm-vp8: eb34c28f22e8b96e1ab97ce403110664 -> 
  custom:video-codec-MediaFoundation-h265: 746d11721c4dcdbdad8f713fa42b33f4 -> 
  custom:audio-encoder-webm-vorbis: bf7c407c2cedff20999df2af8eb42d56 -> 
  custom:framework-win-MediaFoundation: 216162199b28c13a410421893ffa2e32 -> 
  custom:container-demuxer-ogg: 62fdf1f143b41e24485cea50d1cbac27 -> 
  custom:video-decoder-webm-vp8: 9c59270c3fd7afecdb556c50c9e8de78 -> 
  custom:audio-decoder-ogg-vorbis: bf7c407c2cedff20999df2af8eb42d56 -> 
========================================================================
Received Import Request.
  Time since last request: 1169.163217 seconds.
  path: Assets/Prefab/Room/Big_room_6.prefab
  artifactKey: Guid(cb91f791e2b0bb848b7f826d0911251e) Importer(815301076,1909f56bfc062723c751e8b465ee728b)
Start importing Assets/Prefab/Room/Big_room_6.prefab using Guid(cb91f791e2b0bb848b7f826d0911251e) Importer(815301076,1909f56bfc062723c751e8b465ee728b)  -> (artifact id: '3ffaeacea0a829acc120b0542a8f24bc') in 0.185774 seconds 
========================================================================
Received Import Request.
  Time since last request: 0.812769 seconds.
  path: Assets/Prefab/Room/Big_room_6.prefab
  artifactKey: Guid(cb91f791e2b0bb848b7f826d0911251e) Importer(815301076,1909f56bfc062723c751e8b465ee728b)
Start importing Assets/Prefab/Room/Big_room_6.prefab using Guid(cb91f791e2b0bb848b7f826d0911251e) Importer(815301076,1909f56bfc062723c751e8b465ee728b)  -> (artifact id: '52dea989a4067822eaa00662e8e257b8') in 0.051046 seconds 
========================================================================
Received Import Request.
  Time since last request: 1.353943 seconds.
  path: Assets/Prefab/Room/Big_room_6.prefab
  artifactKey: Guid(cb91f791e2b0bb848b7f826d0911251e) Importer(815301076,1909f56bfc062723c751e8b465ee728b)
Start importing Assets/Prefab/Room/Big_room_6.prefab using Guid(cb91f791e2b0bb848b7f826d0911251e) Importer(815301076,1909f56bfc062723c751e8b465ee728b)  -> (artifact id: '41a60ad67366ea776447cc2572a1143b') in 0.049987 seconds 
========================================================================
Received Import Request.
  Time since last request: 20.348970 seconds.
  path: Assets/Prefab/Room/Room_2.prefab
  artifactKey: Guid(00c965a0381f8eb418b55d5a557c0903) Importer(815301076,1909f56bfc062723c751e8b465ee728b)
Start importing Assets/Prefab/Room/Room_2.prefab using Guid(00c965a0381f8eb418b55d5a557c0903) Importer(815301076,1909f56bfc062723c751e8b465ee728b)  -> (artifact id: '5ef3ad022fcef89c413eeaeedaf135cd') in 0.048603 seconds 
========================================================================
Received Import Request.
  Time since last request: 12.114042 seconds.
  path: Assets/Prefab/Room/constructor/Door.prefab
  artifactKey: Guid(9f81848b69463c645a0e95bb0ad0770d) Importer(815301076,1909f56bfc062723c751e8b465ee728b)
Start importing Assets/Prefab/Room/constructor/Door.prefab using Guid(9f81848b69463c645a0e95bb0ad0770d) Importer(815301076,1909f56bfc062723c751e8b465ee728b)  -> (artifact id: 'a3c2c99295ff4f42d3c482326e31866b') in 0.042964 seconds 
========================================================================
Received Prepare
Registering precompiled user dll's ...
Registered in 0.003263 seconds.
Begin MonoManager ReloadAssembly
Symbol file LoadedFromMemory doesn't match image C:\Users\user\Desktop\Projects Unity\Cyber-Shift\Cyber-Shift\Cyber-Shift\Cyber-Shift\Library\PackageCache\com.unity.visualscripting@1.8.0\Editor\VisualScripting.Core\Dependencies\YamlDotNet\Unity.VisualScripting.YamlDotNet.dll
Symbol file LoadedFromMemory doesn't match image C:\Users\user\Desktop\Projects Unity\Cyber-Shift\Cyber-Shift\Cyber-Shift\Cyber-Shift\Library\PackageCache\com.unity.visualscripting@1.8.0\Editor\VisualScripting.Core\Dependencies\DotNetZip\Unity.VisualScripting.IonicZip.dll
Native extension for WindowsStandalone target not found
Native extension for Android target not found
Refreshing native plugins compatible for Editor in 0.69 ms, found 5 plugins.
Preloading 0 native plugins for Editor in 0.00 ms.
Mono: successfully reloaded assembly
- Completed reload, in  0.859 seconds
Domain Reload Profiling:
	ReloadAssembly (860ms)
		BeginReloadAssembly (110ms)
			ExecutionOrderSort (0ms)
			DisableScriptedObjects (7ms)
			BackupInstance (0ms)
			ReleaseScriptingObjects (0ms)
			CreateAndSetChildDomain (34ms)
		EndReloadAssembly (694ms)
			LoadAssemblies (72ms)
			RebuildTransferFunctionScriptingTraits (0ms)
			SetupTypeCache (202ms)
			ReleaseScriptCaches (2ms)
			RebuildScriptCaches (47ms)
			SetupLoadedEditorAssemblies (308ms)
				LogAssemblyErrors (0ms)
				InitializePlatformSupportModulesInManaged (11ms)
				SetLoadedEditorAssemblies (0ms)
				RefreshPlugins (1ms)
				BeforeProcessingInitializeOnLoad (63ms)
				ProcessInitializeOnLoadAttributes (163ms)
				ProcessInitializeOnLoadMethodAttributes (68ms)
				AfterProcessingInitializeOnLoad (2ms)
				EditorAssembliesLoaded (0ms)
			ExecutionOrderSort2 (0ms)
			AwakeInstancesAfterBackupRestoration (12ms)
Platform modules already initialized, skipping
Refreshing native plugins compatible for Editor in 1.92 ms, found 5 plugins.
Preloading 0 native plugins for Editor in 0.00 ms.
Unloading 6178 Unused Serialized files (Serialized files now loaded: 0)
Unloading 47 unused Assets / (2.7 MB). Loaded Objects now: 6911.
Memory consumption went from 253.4 MB to 250.7 MB.
Total: 3.335800 ms (FindLiveObjects: 0.344700 ms CreateObjectMapping: 0.219200 ms MarkObjects: 2.250200 ms  DeleteObjects: 0.520900 ms)

AssetImportParameters requested are different than current active one (requested -> active):
  custom:video-decoder-ogg-theora: a1e56fd34408186e4bbccfd4996cb3dc -> 
  custom:container-muxer-webm: aa71ff27fc2769a1b78a27578f13a17b -> 
  custom:container-demuxer-webm: 4f35f7cbe854078d1ac9338744f61a02 -> 
  custom:video-encoder-webm-vp8: eb34c28f22e8b96e1ab97ce403110664 -> 
  custom:video-codec-MediaFoundation-h265: 746d11721c4dcdbdad8f713fa42b33f4 -> 
  custom:audio-encoder-webm-vorbis: bf7c407c2cedff20999df2af8eb42d56 -> 
  custom:framework-win-MediaFoundation: 216162199b28c13a410421893ffa2e32 -> 
  custom:container-demuxer-ogg: 62fdf1f143b41e24485cea50d1cbac27 -> 
  custom:video-decoder-webm-vp8: 9c59270c3fd7afecdb556c50c9e8de78 -> 
  custom:audio-decoder-ogg-vorbis: bf7c407c2cedff20999df2af8eb42d56 -> 
========================================================================
Received Prepare
Registering precompiled user dll's ...
Registered in 0.008746 seconds.
Begin MonoManager ReloadAssembly
Symbol file LoadedFromMemory doesn't match image C:\Users\user\Desktop\Projects Unity\Cyber-Shift\Cyber-Shift\Cyber-Shift\Cyber-Shift\Library\PackageCache\com.unity.visualscripting@1.8.0\Editor\VisualScripting.Core\Dependencies\YamlDotNet\Unity.VisualScripting.YamlDotNet.dll
Symbol file LoadedFromMemory doesn't match image C:\Users\user\Desktop\Projects Unity\Cyber-Shift\Cyber-Shift\Cyber-Shift\Cyber-Shift\Library\PackageCache\com.unity.visualscripting@1.8.0\Editor\VisualScripting.Core\Dependencies\DotNetZip\Unity.VisualScripting.IonicZip.dll
Native extension for WindowsStandalone target not found
Native extension for Android target not found
Refreshing native plugins compatible for Editor in 1.09 ms, found 5 plugins.
Preloading 0 native plugins for Editor in 0.00 ms.
Mono: successfully reloaded assembly
- Completed reload, in  1.410 seconds
Domain Reload Profiling:
	ReloadAssembly (1411ms)
		BeginReloadAssembly (152ms)
			ExecutionOrderSort (0ms)
			DisableScriptedObjects (7ms)
			BackupInstance (0ms)
			ReleaseScriptingObjects (0ms)
			CreateAndSetChildDomain (45ms)
		EndReloadAssembly (1169ms)
			LoadAssemblies (108ms)
			RebuildTransferFunctionScriptingTraits (0ms)
			SetupTypeCache (293ms)
			ReleaseScriptCaches (2ms)
			RebuildScriptCaches (78ms)
			SetupLoadedEditorAssemblies (592ms)
				LogAssemblyErrors (0ms)
				InitializePlatformSupportModulesInManaged (21ms)
				SetLoadedEditorAssemblies (1ms)
				RefreshPlugins (1ms)
				BeforeProcessingInitializeOnLoad (123ms)
				ProcessInitializeOnLoadAttributes (319ms)
				ProcessInitializeOnLoadMethodAttributes (123ms)
				AfterProcessingInitializeOnLoad (3ms)
				EditorAssembliesLoaded (0ms)
			ExecutionOrderSort2 (0ms)
			AwakeInstancesAfterBackupRestoration (21ms)
Platform modules already initialized, skipping
Refreshing native plugins compatible for Editor in 3.71 ms, found 5 plugins.
Preloading 0 native plugins for Editor in 0.00 ms.
Unloading 6179 Unused Serialized files (Serialized files now loaded: 0)
Unloading 46 unused Assets / (2.7 MB). Loaded Objects now: 6914.
Memory consumption went from 253.4 MB to 250.7 MB.
Total: 6.478200 ms (FindLiveObjects: 0.624200 ms CreateObjectMapping: 0.377500 ms MarkObjects: 4.450900 ms  DeleteObjects: 1.023800 ms)

AssetImportParameters requested are different than current active one (requested -> active):
  custom:video-decoder-ogg-theora: a1e56fd34408186e4bbccfd4996cb3dc -> 
  custom:container-muxer-webm: aa71ff27fc2769a1b78a27578f13a17b -> 
  custom:container-demuxer-webm: 4f35f7cbe854078d1ac9338744f61a02 -> 
  custom:video-encoder-webm-vp8: eb34c28f22e8b96e1ab97ce403110664 -> 
  custom:video-codec-MediaFoundation-h265: 746d11721c4dcdbdad8f713fa42b33f4 -> 
  custom:audio-encoder-webm-vorbis: bf7c407c2cedff20999df2af8eb42d56 -> 
  custom:framework-win-MediaFoundation: 216162199b28c13a410421893ffa2e32 -> 
  custom:container-demuxer-ogg: 62fdf1f143b41e24485cea50d1cbac27 -> 
  custom:video-decoder-webm-vp8: 9c59270c3fd7afecdb556c50c9e8de78 -> 
  custom:audio-decoder-ogg-vorbis: bf7c407c2cedff20999df2af8eb42d56 -> 
