Using pre-set license
Built from '2021.3/staging' branch; Version is '2021.3.24f1 (cf10dcf7010d) revision 13570268'; Using compiler version '192829333'; Build Type 'Release'
OS: 'Windows 11  (10.0.22631) 64bit Professional' Language: 'ru' Physical Memory: 32507 MB
BatchMode: 1, IsHumanControllingUs: 0, StartBugReporterOnCrash: 0, Is64bit: 1, IsPro: 1

COMMAND LINE ARGUMENTS:
C:\Program Files\Unity\Hub\Editor\2021.3.24f1\Editor\Unity.exe
-adb2
-batchMode
-noUpm
-name
AssetImportWorker11
-projectPath
C:/Users/user/Desktop/Projects Unity/Cyber-Shift/Cyber-Shift/Cyber-Shift
-logFile
Logs/AssetImportWorker11.log
-srvPort
3820
Successfully changed project path to: C:/Users/user/Desktop/Projects Unity/Cyber-Shift/Cyber-Shift/Cyber-Shift
C:/Users/user/Desktop/Projects Unity/Cyber-Shift/Cyber-Shift/Cyber-Shift
[UnityMemory] Configuration Parameters - Can be set up in boot.config
    "memorysetup-bucket-allocator-granularity=16"
    "memorysetup-bucket-allocator-bucket-count=8"
    "memorysetup-bucket-allocator-block-size=33554432"
    "memorysetup-bucket-allocator-block-count=8"
    "memorysetup-main-allocator-block-size=16777216"
    "memorysetup-thread-allocator-block-size=16777216"
    "memorysetup-gfx-main-allocator-block-size=16777216"
    "memorysetup-gfx-thread-allocator-block-size=16777216"
    "memorysetup-cache-allocator-block-size=4194304"
    "memorysetup-typetree-allocator-block-size=2097152"
    "memorysetup-profiler-bucket-allocator-granularity=16"
    "memorysetup-profiler-bucket-allocator-bucket-count=8"
    "memorysetup-profiler-bucket-allocator-block-size=33554432"
    "memorysetup-profiler-bucket-allocator-block-count=8"
    "memorysetup-profiler-allocator-block-size=16777216"
    "memorysetup-profiler-editor-allocator-block-size=1048576"
    "memorysetup-temp-allocator-size-main=16777216"
    "memorysetup-job-temp-allocator-block-size=2097152"
    "memorysetup-job-temp-allocator-block-size-background=1048576"
    "memorysetup-job-temp-allocator-reduction-small-platforms=262144"
    "memorysetup-temp-allocator-size-background-worker=32768"
    "memorysetup-temp-allocator-size-job-worker=262144"
    "memorysetup-temp-allocator-size-preload-manager=33554432"
    "memorysetup-temp-allocator-size-nav-mesh-worker=65536"
    "memorysetup-temp-allocator-size-audio-worker=65536"
    "memorysetup-temp-allocator-size-cloud-worker=32768"
    "memorysetup-temp-allocator-size-gi-baking-worker=262144"
    "memorysetup-temp-allocator-size-gfx=262144"
Player connection [9120] Host "[IP] 192.168.0.114 [Port] 0 [Flags] 2 [Guid] 3203886994 [EditorId] 3203886994 [Version] 1048832 [Id] WindowsEditor(7,HOME-PC) [Debug] 1 [PackageName] WindowsEditor [ProjectName] Editor" joined multi-casting on [225.0.0.222:54997]...

Player connection [9120] Host "[IP] 192.168.0.114 [Port] 0 [Flags] 2 [Guid] 3203886994 [EditorId] 3203886994 [Version] 1048832 [Id] WindowsEditor(7,HOME-PC) [Debug] 1 [PackageName] WindowsEditor [ProjectName] Editor" joined alternative multi-casting on [225.0.0.222:34997]...

Refreshing native plugins compatible for Editor in 107.92 ms, found 3 plugins.
Preloading 0 native plugins for Editor in 0.00 ms.
Initialize engine version: 2021.3.24f1 (cf10dcf7010d)
[Subsystems] Discovering subsystems at path C:/Program Files/Unity/Hub/Editor/2021.3.24f1/Editor/Data/Resources/UnitySubsystems
[Subsystems] Discovering subsystems at path C:/Users/user/Desktop/Projects Unity/Cyber-Shift/Cyber-Shift/Cyber-Shift/Assets
GfxDevice: creating device client; threaded=0; jobified=0
Direct3D:
    Version:  Direct3D 11.0 [level 11.1]
    Renderer: NVIDIA GeForce RTX 4060 Laptop GPU (ID=0x28e0)
    Vendor:   NVIDIA
    VRAM:     7957 MB
    Driver:   32.0.15.6603
Initialize mono
Mono path[0] = 'C:/Program Files/Unity/Hub/Editor/2021.3.24f1/Editor/Data/Managed'
Mono path[1] = 'C:/Program Files/Unity/Hub/Editor/2021.3.24f1/Editor/Data/MonoBleedingEdge/lib/mono/unityjit-win32'
Mono config path = 'C:/Program Files/Unity/Hub/Editor/2021.3.24f1/Editor/Data/MonoBleedingEdge/etc'
Using monoOptions --debugger-agent=transport=dt_socket,embedding=1,server=y,suspend=n,address=127.0.0.1:56652
Begin MonoManager ReloadAssembly
Registering precompiled unity dll's ...
Register platform support module: C:/Program Files/Unity/Hub/Editor/2021.3.24f1/Editor/Data/PlaybackEngines/AndroidPlayer/UnityEditor.Android.Extensions.dll
Register platform support module: C:/Program Files/Unity/Hub/Editor/2021.3.24f1/Editor/Data/PlaybackEngines/WindowsStandaloneSupport/UnityEditor.WindowsStandalone.Extensions.dll
Registered in 0.002867 seconds.
Native extension for WindowsStandalone target not found
Native extension for Android target not found
Android Extension - Scanning For ADB Devices 281 ms
Refreshing native plugins compatible for Editor in 82.61 ms, found 3 plugins.
Preloading 0 native plugins for Editor in 0.00 ms.
Mono: successfully reloaded assembly
- Completed reload, in  0.883 seconds
Domain Reload Profiling:
	ReloadAssembly (884ms)
		BeginReloadAssembly (68ms)
			ExecutionOrderSort (0ms)
			DisableScriptedObjects (0ms)
			BackupInstance (0ms)
			ReleaseScriptingObjects (0ms)
			CreateAndSetChildDomain (1ms)
		EndReloadAssembly (741ms)
			LoadAssemblies (67ms)
			RebuildTransferFunctionScriptingTraits (0ms)
			SetupTypeCache (83ms)
			ReleaseScriptCaches (0ms)
			RebuildScriptCaches (26ms)
			SetupLoadedEditorAssemblies (590ms)
				LogAssemblyErrors (0ms)
				InitializePlatformSupportModulesInManaged (354ms)
				SetLoadedEditorAssemblies (0ms)
				RefreshPlugins (83ms)
				BeforeProcessingInitializeOnLoad (2ms)
				ProcessInitializeOnLoadAttributes (111ms)
				ProcessInitializeOnLoadMethodAttributes (41ms)
				AfterProcessingInitializeOnLoad (0ms)
				EditorAssembliesLoaded (0ms)
			ExecutionOrderSort2 (0ms)
			AwakeInstancesAfterBackupRestoration (0ms)
Platform modules already initialized, skipping
Registering precompiled user dll's ...
Registered in 0.004683 seconds.
Begin MonoManager ReloadAssembly
Symbol file LoadedFromMemory doesn't match image C:\Users\user\Desktop\Projects Unity\Cyber-Shift\Cyber-Shift\Cyber-Shift\Library\PackageCache\com.unity.visualscripting@1.8.0\Editor\VisualScripting.Core\Dependencies\YamlDotNet\Unity.VisualScripting.YamlDotNet.dll
Symbol file LoadedFromMemory doesn't match image C:\Users\user\Desktop\Projects Unity\Cyber-Shift\Cyber-Shift\Cyber-Shift\Library\PackageCache\com.unity.visualscripting@1.8.0\Editor\VisualScripting.Core\Dependencies\DotNetZip\Unity.VisualScripting.IonicZip.dll
Native extension for WindowsStandalone target not found
Native extension for Android target not found
Refreshing native plugins compatible for Editor in 85.30 ms, found 3 plugins.
Preloading 0 native plugins for Editor in 0.00 ms.
Mono: successfully reloaded assembly
- Completed reload, in  1.409 seconds
Domain Reload Profiling:
	ReloadAssembly (1411ms)
		BeginReloadAssembly (145ms)
			ExecutionOrderSort (0ms)
			DisableScriptedObjects (7ms)
			BackupInstance (0ms)
			ReleaseScriptingObjects (0ms)
			CreateAndSetChildDomain (24ms)
		EndReloadAssembly (1136ms)
			LoadAssemblies (119ms)
			RebuildTransferFunctionScriptingTraits (0ms)
			SetupTypeCache (386ms)
			ReleaseScriptCaches (1ms)
			RebuildScriptCaches (51ms)
			SetupLoadedEditorAssemblies (550ms)
				LogAssemblyErrors (0ms)
				InitializePlatformSupportModulesInManaged (13ms)
				SetLoadedEditorAssemblies (0ms)
				RefreshPlugins (85ms)
				BeforeProcessingInitializeOnLoad (84ms)
				ProcessInitializeOnLoadAttributes (249ms)
				ProcessInitializeOnLoadMethodAttributes (115ms)
				AfterProcessingInitializeOnLoad (3ms)
				EditorAssembliesLoaded (0ms)
			ExecutionOrderSort2 (0ms)
			AwakeInstancesAfterBackupRestoration (7ms)
Platform modules already initialized, skipping
========================================================================
Worker process is ready to serve import requests
Launched and connected shader compiler UnityShaderCompiler.exe after 0.09 seconds
Refreshing native plugins compatible for Editor in 0.79 ms, found 3 plugins.
Preloading 0 native plugins for Editor in 0.00 ms.
Unloading 5043 Unused Serialized files (Serialized files now loaded: 0)
Unloading 43 unused Assets / (1.6 MB). Loaded Objects now: 5496.
Memory consumption went from 210.3 MB to 208.8 MB.
Total: 3.873500 ms (FindLiveObjects: 0.340200 ms CreateObjectMapping: 0.214800 ms MarkObjects: 2.982400 ms  DeleteObjects: 0.334200 ms)

AssetImportParameters requested are different than current active one (requested -> active):
  custom:video-decoder-ogg-theora: a1e56fd34408186e4bbccfd4996cb3dc -> 
  custom:container-muxer-webm: aa71ff27fc2769a1b78a27578f13a17b -> 
  custom:container-demuxer-webm: 4f35f7cbe854078d1ac9338744f61a02 -> 
  custom:video-encoder-webm-vp8: eb34c28f22e8b96e1ab97ce403110664 -> 
  custom:video-codec-MediaFoundation-h265: 746d11721c4dcdbdad8f713fa42b33f4 -> 
  custom:audio-encoder-webm-vorbis: bf7c407c2cedff20999df2af8eb42d56 -> 
  custom:framework-win-MediaFoundation: 216162199b28c13a410421893ffa2e32 -> 
  custom:container-demuxer-ogg: 62fdf1f143b41e24485cea50d1cbac27 -> 
  custom:video-decoder-webm-vp8: 9c59270c3fd7afecdb556c50c9e8de78 -> 
  custom:audio-decoder-ogg-vorbis: bf7c407c2cedff20999df2af8eb42d56 -> 
========================================================================
Received Import Request.
  Time since last request: 100117.646818 seconds.
  path: Assets/Resources/cyborg-girl
  artifactKey: Guid(d88b313169645a740b8465d82e082a71) Importer(815301076,1909f56bfc062723c751e8b465ee728b)
Start importing Assets/Resources/cyborg-girl using Guid(d88b313169645a740b8465d82e082a71) Importer(815301076,1909f56bfc062723c751e8b465ee728b)  -> (artifact id: '13f855911ffc6f7c244ad85d3da3083c') in 0.025157 seconds 
========================================================================
Received Import Request.
  Time since last request: 0.628829 seconds.
  path: Assets/Resources/cyborg-girl/source
  artifactKey: Guid(db9c8b822fa123f4ab5dc7eb06727f24) Importer(815301076,1909f56bfc062723c751e8b465ee728b)
Start importing Assets/Resources/cyborg-girl/source using Guid(db9c8b822fa123f4ab5dc7eb06727f24) Importer(815301076,1909f56bfc062723c751e8b465ee728b)  -> (artifact id: 'db4314af02ec4ceed83cf10c9855fdbf') in 0.003499 seconds 
========================================================================
Received Import Request.
  Time since last request: 0.099960 seconds.
  path: Assets/Resources/cyborg-girl/source/s_robot_FINISH.fbx
  artifactKey: Guid(aa4635891a44afc4592afcc95ad704f2) Importer(815301076,1909f56bfc062723c751e8b465ee728b)
Start importing Assets/Resources/cyborg-girl/source/s_robot_FINISH.fbx using Guid(aa4635891a44afc4592afcc95ad704f2) Importer(815301076,1909f56bfc062723c751e8b465ee728b)  -> (artifact id: 'b639b7381d2a6f6502783e22899992a5') in 0.324054 seconds 
========================================================================
Received Import Request.
  Time since last request: 236.836314 seconds.
  path: Assets/Resources/robot-character
  artifactKey: Guid(5f21cc4c17fa8f64f82896eae8a8b356) Importer(815301076,1909f56bfc062723c751e8b465ee728b)
Start importing Assets/Resources/robot-character using Guid(5f21cc4c17fa8f64f82896eae8a8b356) Importer(815301076,1909f56bfc062723c751e8b465ee728b)  -> (artifact id: 'a42a1b53b9f61dc06f7cf5191d6d3347') in 0.012914 seconds 
========================================================================
Received Import Request.
  Time since last request: 0.911150 seconds.
  path: Assets/Resources/robot-character/source
  artifactKey: Guid(4893c6fdb20dfd442b7cd258ebc89fac) Importer(815301076,1909f56bfc062723c751e8b465ee728b)
Start importing Assets/Resources/robot-character/source using Guid(4893c6fdb20dfd442b7cd258ebc89fac) Importer(815301076,1909f56bfc062723c751e8b465ee728b)  -> (artifact id: '937d5993cef48e73f09baff8207b7aae') in 0.002378 seconds 
========================================================================
Received Import Request.
  Time since last request: 2.162221 seconds.
  path: Assets/Resources/robot-character/source/LOD_0.zip
  artifactKey: Guid(12590dcaa15b21049aeb2d6f65e0bf90) Importer(815301076,1909f56bfc062723c751e8b465ee728b)
Start importing Assets/Resources/robot-character/source/LOD_0.zip using Guid(12590dcaa15b21049aeb2d6f65e0bf90) Importer(815301076,1909f56bfc062723c751e8b465ee728b)  -> (artifact id: 'ad14dc221c79131c87cab6bd248df0d9') in 0.007046 seconds 
========================================================================
Received Import Request.
  Time since last request: 60.736463 seconds.
  path: Assets/Resources/robot-character/source/LOD_0
  artifactKey: Guid(4511374fe1daea44a9c0b48592a95296) Importer(815301076,1909f56bfc062723c751e8b465ee728b)
Start importing Assets/Resources/robot-character/source/LOD_0 using Guid(4511374fe1daea44a9c0b48592a95296) Importer(815301076,1909f56bfc062723c751e8b465ee728b)  -> (artifact id: '2f83e0c431adf6a26d0ea5ebcdcf68cf') in 0.002935 seconds 
========================================================================
Received Import Request.
  Time since last request: 0.051203 seconds.
  path: Assets/Resources/robot-character/source/LOD_0/align_BaseColor.png
  artifactKey: Guid(a817cc758f31be446a3f183787712ab1) Importer(815301076,1909f56bfc062723c751e8b465ee728b)
Start importing Assets/Resources/robot-character/source/LOD_0/align_BaseColor.png using Guid(a817cc758f31be446a3f183787712ab1) Importer(815301076,1909f56bfc062723c751e8b465ee728b)  -> (artifact id: '02454a6a955ee9133a11b05cb234134f') in 0.031220 seconds 
========================================================================
Received Import Request.
  Time since last request: 0.000044 seconds.
  path: Assets/Resources/robot-character/source/LOD_0/align_Normal.png
  artifactKey: Guid(b9063a3c4d1959d4fa47719494d94382) Importer(815301076,1909f56bfc062723c751e8b465ee728b)
Start importing Assets/Resources/robot-character/source/LOD_0/align_Normal.png using Guid(b9063a3c4d1959d4fa47719494d94382) Importer(815301076,1909f56bfc062723c751e8b465ee728b)  -> (artifact id: 'c71abc05e7de4db65d752a212ffd13fa') in 0.010250 seconds 
========================================================================
Received Import Request.
  Time since last request: 0.000033 seconds.
  path: Assets/Resources/robot-character/source/LOD_0/align_Roughness.png
  artifactKey: Guid(00e025bc862656b4b89a5b85828a7a23) Importer(815301076,1909f56bfc062723c751e8b465ee728b)
Start importing Assets/Resources/robot-character/source/LOD_0/align_Roughness.png using Guid(00e025bc862656b4b89a5b85828a7a23) Importer(815301076,1909f56bfc062723c751e8b465ee728b)  -> (artifact id: '4703c406e569223b83657dfad0a09294') in 0.013153 seconds 
========================================================================
Received Import Request.
  Time since last request: 0.000036 seconds.
  path: Assets/Resources/robot-character/source/LOD_0/LOD_0.obj
  artifactKey: Guid(9f7cc8bf29a0e654288cad78ad7eda4b) Importer(815301076,1909f56bfc062723c751e8b465ee728b)
Start importing Assets/Resources/robot-character/source/LOD_0/LOD_0.obj using Guid(9f7cc8bf29a0e654288cad78ad7eda4b) Importer(815301076,1909f56bfc062723c751e8b465ee728b)  -> (artifact id: '70d22c8f501ef3d9bbaa8e4f78ad0755') in 0.039468 seconds 
========================================================================
Received Import Request.
  Time since last request: 0.000042 seconds.
  path: Assets/Resources/robot-character/source/LOD_0/align_Metallic.png
  artifactKey: Guid(39fc55b38a327c545be8d57d8b855f63) Importer(815301076,1909f56bfc062723c751e8b465ee728b)
Start importing Assets/Resources/robot-character/source/LOD_0/align_Metallic.png using Guid(39fc55b38a327c545be8d57d8b855f63) Importer(815301076,1909f56bfc062723c751e8b465ee728b)  -> (artifact id: 'a9daa6efd228f573a6576efa20c810f5') in 0.009973 seconds 
Editor requested this worker to shutdown with reason: Scaling down because of idle timeout
AssetImportWorker is now disconnected from the server
Process exiting
Exiting without the bug reporter. Application will terminate with return code 0