Using pre-set license
Built from '2021.3/staging' branch; Version is '2021.3.24f1 (cf10dcf7010d) revision 13570268'; Using compiler version '192829333'; Build Type 'Release'
OS: 'Windows 10  (10.0.19045) 64bit Professional' Language: 'ru' Physical Memory: 16283 MB
BatchMode: 1, IsHumanControllingUs: 0, StartBugReporterOnCrash: 0, Is64bit: 1, IsPro: 1

COMMAND LINE ARGUMENTS:
C:\Program Files\Unity\Hub\Editor\2021.3.24f1\Editor\Unity.exe
-adb2
-batchMode
-noUpm
-name
AssetImportWorker4
-projectPath
F:/aravay vay/Cyber-Shift/Cyber-Shift
-logFile
Logs/AssetImportWorker4.log
-srvPort
51811
Successfully changed project path to: F:/aravay vay/Cyber-Shift/Cyber-Shift
F:/aravay vay/Cyber-Shift/Cyber-Shift
[UnityMemory] Configuration Parameters - Can be set up in boot.config
    "memorysetup-bucket-allocator-granularity=16"
    "memorysetup-bucket-allocator-bucket-count=8"
    "memorysetup-bucket-allocator-block-size=33554432"
    "memorysetup-bucket-allocator-block-count=8"
    "memorysetup-main-allocator-block-size=16777216"
    "memorysetup-thread-allocator-block-size=16777216"
    "memorysetup-gfx-main-allocator-block-size=16777216"
    "memorysetup-gfx-thread-allocator-block-size=16777216"
    "memorysetup-cache-allocator-block-size=4194304"
    "memorysetup-typetree-allocator-block-size=2097152"
    "memorysetup-profiler-bucket-allocator-granularity=16"
    "memorysetup-profiler-bucket-allocator-bucket-count=8"
    "memorysetup-profiler-bucket-allocator-block-size=33554432"
    "memorysetup-profiler-bucket-allocator-block-count=8"
    "memorysetup-profiler-allocator-block-size=16777216"
    "memorysetup-profiler-editor-allocator-block-size=1048576"
    "memorysetup-temp-allocator-size-main=16777216"
    "memorysetup-job-temp-allocator-block-size=2097152"
    "memorysetup-job-temp-allocator-block-size-background=1048576"
    "memorysetup-job-temp-allocator-reduction-small-platforms=262144"
    "memorysetup-temp-allocator-size-background-worker=32768"
    "memorysetup-temp-allocator-size-job-worker=262144"
    "memorysetup-temp-allocator-size-preload-manager=33554432"
    "memorysetup-temp-allocator-size-nav-mesh-worker=65536"
    "memorysetup-temp-allocator-size-audio-worker=65536"
    "memorysetup-temp-allocator-size-cloud-worker=32768"
    "memorysetup-temp-allocator-size-gi-baking-worker=262144"
    "memorysetup-temp-allocator-size-gfx=262144"
Player connection [21436] Host "[IP] 26.110.12.76 [Port] 0 [Flags] 2 [Guid] 2771338374 [EditorId] 2771338374 [Version] 1048832 [Id] WindowsEditor(7,DESKTOP-4AU6A7T) [Debug] 1 [PackageName] WindowsEditor [ProjectName] Editor" joined multi-casting on [225.0.0.222:54997]...

Player connection [21436] Host "[IP] 26.110.12.76 [Port] 0 [Flags] 2 [Guid] 2771338374 [EditorId] 2771338374 [Version] 1048832 [Id] WindowsEditor(7,DESKTOP-4AU6A7T) [Debug] 1 [PackageName] WindowsEditor [ProjectName] Editor" joined alternative multi-casting on [225.0.0.222:34997]...

Refreshing native plugins compatible for Editor in 310.66 ms, found 5 plugins.
Preloading 0 native plugins for Editor in 0.00 ms.
Initialize engine version: 2021.3.24f1 (cf10dcf7010d)
[Subsystems] Discovering subsystems at path C:/Program Files/Unity/Hub/Editor/2021.3.24f1/Editor/Data/Resources/UnitySubsystems
[Subsystems] Discovering subsystems at path F:/aravay vay/Cyber-Shift/Cyber-Shift/Assets
GfxDevice: creating device client; threaded=0; jobified=0
Direct3D:
    Version:  Direct3D 11.0 [level 11.1]
    Renderer: NVIDIA GeForce GTX 1050 Ti (ID=0x1c82)
    Vendor:   NVIDIA
    VRAM:     4004 MB
    Driver:   32.0.15.6614
Initialize mono
Mono path[0] = 'C:/Program Files/Unity/Hub/Editor/2021.3.24f1/Editor/Data/Managed'
Mono path[1] = 'C:/Program Files/Unity/Hub/Editor/2021.3.24f1/Editor/Data/MonoBleedingEdge/lib/mono/unityjit-win32'
Mono config path = 'C:/Program Files/Unity/Hub/Editor/2021.3.24f1/Editor/Data/MonoBleedingEdge/etc'
Using monoOptions --debugger-agent=transport=dt_socket,embedding=1,server=y,suspend=n,address=127.0.0.1:56432
Begin MonoManager ReloadAssembly
Registering precompiled unity dll's ...
Register platform support module: C:/Program Files/Unity/Hub/Editor/2021.3.24f1/Editor/Data/PlaybackEngines/WindowsStandaloneSupport/UnityEditor.WindowsStandalone.Extensions.dll
Registered in 0.020403 seconds.
Native extension for WindowsStandalone target not found
Refreshing native plugins compatible for Editor in 286.28 ms, found 5 plugins.
Preloading 0 native plugins for Editor in 0.00 ms.
Mono: successfully reloaded assembly
- Completed reload, in  1.672 seconds
Domain Reload Profiling:
	ReloadAssembly (1673ms)
		BeginReloadAssembly (240ms)
			ExecutionOrderSort (0ms)
			DisableScriptedObjects (0ms)
			BackupInstance (0ms)
			ReleaseScriptingObjects (0ms)
			CreateAndSetChildDomain (1ms)
		EndReloadAssembly (1166ms)
			LoadAssemblies (235ms)
			RebuildTransferFunctionScriptingTraits (0ms)
			SetupTypeCache (272ms)
			ReleaseScriptCaches (0ms)
			RebuildScriptCaches (65ms)
			SetupLoadedEditorAssemblies (718ms)
				LogAssemblyErrors (0ms)
				InitializePlatformSupportModulesInManaged (17ms)
				SetLoadedEditorAssemblies (0ms)
				RefreshPlugins (286ms)
				BeforeProcessingInitializeOnLoad (2ms)
				ProcessInitializeOnLoadAttributes (297ms)
				ProcessInitializeOnLoadMethodAttributes (116ms)
				AfterProcessingInitializeOnLoad (0ms)
				EditorAssembliesLoaded (0ms)
			ExecutionOrderSort2 (0ms)
			AwakeInstancesAfterBackupRestoration (0ms)
Platform modules already initialized, skipping
Registering precompiled user dll's ...
Registered in 0.014232 seconds.
Begin MonoManager ReloadAssembly
Symbol file LoadedFromMemory doesn't match image F:\aravay vay\Cyber-Shift\Cyber-Shift\Library\PackageCache\com.unity.visualscripting@1.8.0\Editor\VisualScripting.Core\Dependencies\YamlDotNet\Unity.VisualScripting.YamlDotNet.dll
Symbol file LoadedFromMemory doesn't match image F:\aravay vay\Cyber-Shift\Cyber-Shift\Library\PackageCache\com.unity.visualscripting@1.8.0\Editor\VisualScripting.Core\Dependencies\DotNetZip\Unity.VisualScripting.IonicZip.dll
Native extension for WindowsStandalone target not found
Refreshing native plugins compatible for Editor in 265.08 ms, found 5 plugins.
Preloading 0 native plugins for Editor in 0.00 ms.
Mono: successfully reloaded assembly
- Completed reload, in  3.248 seconds
Domain Reload Profiling:
	ReloadAssembly (3250ms)
		BeginReloadAssembly (296ms)
			ExecutionOrderSort (0ms)
			DisableScriptedObjects (13ms)
			BackupInstance (0ms)
			ReleaseScriptingObjects (0ms)
			CreateAndSetChildDomain (45ms)
		EndReloadAssembly (2678ms)
			LoadAssemblies (267ms)
			RebuildTransferFunctionScriptingTraits (0ms)
			SetupTypeCache (820ms)
			ReleaseScriptCaches (2ms)
			RebuildScriptCaches (202ms)
			SetupLoadedEditorAssemblies (1346ms)
				LogAssemblyErrors (0ms)
				InitializePlatformSupportModulesInManaged (9ms)
				SetLoadedEditorAssemblies (0ms)
				RefreshPlugins (265ms)
				BeforeProcessingInitializeOnLoad (266ms)
				ProcessInitializeOnLoadAttributes (577ms)
				ProcessInitializeOnLoadMethodAttributes (207ms)
				AfterProcessingInitializeOnLoad (21ms)
				EditorAssembliesLoaded (0ms)
			ExecutionOrderSort2 (0ms)
			AwakeInstancesAfterBackupRestoration (14ms)
Platform modules already initialized, skipping
========================================================================
Worker process is ready to serve import requests
Launched and connected shader compiler UnityShaderCompiler.exe after 0.12 seconds
Refreshing native plugins compatible for Editor in 2.79 ms, found 5 plugins.
Preloading 0 native plugins for Editor in 0.00 ms.
Unloading 6361 Unused Serialized files (Serialized files now loaded: 0)
Unloading 56 unused Assets / (2.3 MB). Loaded Objects now: 6815.
Memory consumption went from 264.0 MB to 261.7 MB.
Total: 9.296100 ms (FindLiveObjects: 0.876000 ms CreateObjectMapping: 0.438800 ms MarkObjects: 6.960700 ms  DeleteObjects: 1.019200 ms)

AssetImportParameters requested are different than current active one (requested -> active):
  custom:video-decoder-ogg-theora: a1e56fd34408186e4bbccfd4996cb3dc -> 
  custom:container-muxer-webm: aa71ff27fc2769a1b78a27578f13a17b -> 
  custom:container-demuxer-webm: 4f35f7cbe854078d1ac9338744f61a02 -> 
  custom:video-encoder-webm-vp8: eb34c28f22e8b96e1ab97ce403110664 -> 
  custom:audio-encoder-webm-vorbis: bf7c407c2cedff20999df2af8eb42d56 -> 
  custom:framework-win-MediaFoundation: 216162199b28c13a410421893ffa2e32 -> 
  custom:container-demuxer-ogg: 62fdf1f143b41e24485cea50d1cbac27 -> 
  custom:video-decoder-webm-vp8: 9c59270c3fd7afecdb556c50c9e8de78 -> 
  custom:audio-decoder-ogg-vorbis: bf7c407c2cedff20999df2af8eb42d56 -> 
========================================================================
Received Import Request.
  Time since last request: 15508.925615 seconds.
  path: Assets/Resources/futuristic-sci-fi-planet-scanner-radar-thing
  artifactKey: Guid(d94b5c4234852ed48b2de7d578fc40e6) Importer(815301076,1909f56bfc062723c751e8b465ee728b)
Start importing Assets/Resources/futuristic-sci-fi-planet-scanner-radar-thing using Guid(d94b5c4234852ed48b2de7d578fc40e6) Importer(815301076,1909f56bfc062723c751e8b465ee728b)  -> (artifact id: 'b476cf0fa374a93312a81bcdea8a93d1') in 0.031985 seconds 
========================================================================
Received Import Request.
  Time since last request: 5.376156 seconds.
  path: Assets/Resources/futuristic-sci-fi-planet-scanner-radar-thing/source
  artifactKey: Guid(b99ba385260088e4faf72549acd230cf) Importer(815301076,1909f56bfc062723c751e8b465ee728b)
Start importing Assets/Resources/futuristic-sci-fi-planet-scanner-radar-thing/source using Guid(b99ba385260088e4faf72549acd230cf) Importer(815301076,1909f56bfc062723c751e8b465ee728b)  -> (artifact id: '14a685b042219de63bc3b546caf9c3df') in 0.003074 seconds 
========================================================================
Received Import Request.
  Time since last request: 0.069889 seconds.
  path: Assets/Resources/futuristic-sci-fi-planet-scanner-radar-thing/source/Sci-fi planet radar thing.fbx
  artifactKey: Guid(09b46ca7969e93d459d4b700485618a0) Importer(815301076,1909f56bfc062723c751e8b465ee728b)
Start importing Assets/Resources/futuristic-sci-fi-planet-scanner-radar-thing/source/Sci-fi planet radar thing.fbx using Guid(09b46ca7969e93d459d4b700485618a0) Importer(815301076,1909f56bfc062723c751e8b465ee728b)  -> (artifact id: '297658611a16782ac5a60741524f85a0') in 1.848012 seconds 
========================================================================
Received Import Request.
  Time since last request: 814.053391 seconds.
  path: Assets/Resources/sci-fi-medical-scanner2
  artifactKey: Guid(87a4db8a019ce82459e2557a7f9adb0b) Importer(815301076,1909f56bfc062723c751e8b465ee728b)
Start importing Assets/Resources/sci-fi-medical-scanner2 using Guid(87a4db8a019ce82459e2557a7f9adb0b) Importer(815301076,1909f56bfc062723c751e8b465ee728b)  -> (artifact id: '1bb1185bc383468a08c1a336dcdc46f4') in 0.019218 seconds 
========================================================================
Received Import Request.
  Time since last request: 9.880203 seconds.
  path: Assets/Resources/free-sci-fi-city-public-domain-cc0
  artifactKey: Guid(d1c41b1116ec47849ae9e44c4f61d53b) Importer(815301076,1909f56bfc062723c751e8b465ee728b)
Start importing Assets/Resources/free-sci-fi-city-public-domain-cc0 using Guid(d1c41b1116ec47849ae9e44c4f61d53b) Importer(815301076,1909f56bfc062723c751e8b465ee728b)  -> (artifact id: '468efe69b04a0b0b6b2e8e9336c853b0') in 0.019612 seconds 
========================================================================
Received Import Request.
  Time since last request: 39.185277 seconds.
  path: Assets/Resources/simple-sci-fi-wall-panel
  artifactKey: Guid(f79430e484e257e45aeaa602da81023c) Importer(815301076,1909f56bfc062723c751e8b465ee728b)
Start importing Assets/Resources/simple-sci-fi-wall-panel using Guid(f79430e484e257e45aeaa602da81023c) Importer(815301076,1909f56bfc062723c751e8b465ee728b)  -> (artifact id: '8b3b41f8ab58369d440c702893f4528f') in 0.030381 seconds 
========================================================================
Received Import Request.
  Time since last request: 1.042799 seconds.
  path: Assets/Resources/simple-sci-fi-wall-panel/source
  artifactKey: Guid(1f5722d999eab7946af175af2cf60242) Importer(815301076,1909f56bfc062723c751e8b465ee728b)
Start importing Assets/Resources/simple-sci-fi-wall-panel/source using Guid(1f5722d999eab7946af175af2cf60242) Importer(815301076,1909f56bfc062723c751e8b465ee728b)  -> (artifact id: '07a5d72146b1bc32109e2afb92d11647') in 0.003363 seconds 
========================================================================
Received Import Request.
  Time since last request: 0.560437 seconds.
  path: Assets/Resources/simple-sci-fi-wall-panel/source/WallPanel
  artifactKey: Guid(1b1684da67e580445870f974d51e2613) Importer(815301076,1909f56bfc062723c751e8b465ee728b)
Start importing Assets/Resources/simple-sci-fi-wall-panel/source/WallPanel using Guid(1b1684da67e580445870f974d51e2613) Importer(815301076,1909f56bfc062723c751e8b465ee728b)  -> (artifact id: 'abbe90e20816744553464b78314ac1a5') in 0.016656 seconds 
========================================================================
Received Import Request.
  Time since last request: 0.052607 seconds.
  path: Assets/Resources/simple-sci-fi-wall-panel/source/WallPanel/PanelAlbedo2.png
  artifactKey: Guid(d804fd2d6500cd04d91cddf30ec90d36) Importer(815301076,1909f56bfc062723c751e8b465ee728b)
Start importing Assets/Resources/simple-sci-fi-wall-panel/source/WallPanel/PanelAlbedo2.png using Guid(d804fd2d6500cd04d91cddf30ec90d36) Importer(815301076,1909f56bfc062723c751e8b465ee728b)  -> (artifact id: 'fa419dbed45c175482c1013fd6ac6e54') in 0.141805 seconds 
========================================================================
Received Import Request.
  Time since last request: 0.000074 seconds.
  path: Assets/Resources/simple-sci-fi-wall-panel/source/WallPanel/PanelRoughness.png
  artifactKey: Guid(c6e5adee5964e9d41a5d42fc38c051b6) Importer(815301076,1909f56bfc062723c751e8b465ee728b)
Start importing Assets/Resources/simple-sci-fi-wall-panel/source/WallPanel/PanelRoughness.png using Guid(c6e5adee5964e9d41a5d42fc38c051b6) Importer(815301076,1909f56bfc062723c751e8b465ee728b)  -> (artifact id: '87f90cc682a539a87e7e77fa1ac0aa2e') in 0.083560 seconds 
Editor requested this worker to shutdown with reason: Scaling down because of idle timeout
AssetImportWorker is now disconnected from the server
Process exiting
Exiting without the bug reporter. Application will terminate with return code 0